2023-06-21 13:13:32.531 [HikariPool-1 housekeeper] WARN  com.zaxxer.hikari.pool.HikariPool - HikariPool-1 - Thread starvation or clock leap detected (housekeeper delta=15h47m43s360ms100µs).
2023-06-21 14:31:10.728 [main] INFO  com.zaxxer.hikari.HikariDataSource - HikariPool-1 - Starting...
2023-06-21 14:31:10.856 [main] INFO  com.zaxxer.hikari.pool.HikariPool - HikariPool-1 - Added connection org.mariadb.jdbc.MariaDbConnection@5ddf0d24
2023-06-21 14:31:10.860 [main] INFO  com.zaxxer.hikari.HikariDataSource - HikariPool-1 - Start completed.
2023-06-21 14:31:11.412 [vert.x-eventloop-thread-2] INFO  ua.sergienko.verticle.JdbcVerticle - Table 'articles' is present in the database
2023-06-21 14:31:11.415 [vert.x-eventloop-thread-2] INFO  ua.sergienko.verticle.JdbcVerticle - Table 'tags' is present in the database
2023-06-21 14:31:11.418 [vert.x-eventloop-thread-2] INFO  ua.sergienko.verticle.JdbcVerticle - Table 'article_tag' is present in the database
2023-06-21 14:31:11.450 [vert.x-eventloop-thread-3] INFO  ua.sergienko.verticle.RestVerticle - Rest server successfully started on port 8393
2023-06-21 14:37:14.619 [vert.x-eventloop-thread-0] ERROR io.vertx.core.impl.ContextBase - Unhandled exception
java.lang.NumberFormatException: For input string: "some"
	at java.base/java.lang.NumberFormatException.forInputString(NumberFormatException.java:67)
	at java.base/java.lang.Integer.parseInt(Integer.java:665)
	at java.base/java.lang.Integer.parseInt(Integer.java:781)
	at ua.sergienko.model.ArticleVerticle.searchArticles(ArticleVerticle.java:62)
	at io.vertx.core.impl.ContextInternal.dispatch(ContextInternal.java:264)
	at io.vertx.core.eventbus.impl.MessageConsumerImpl.dispatch(MessageConsumerImpl.java:177)
	at io.vertx.core.eventbus.impl.HandlerRegistration$InboundDeliveryContext.execute(HandlerRegistration.java:137)
	at io.vertx.core.eventbus.impl.DeliveryContextBase.next(DeliveryContextBase.java:72)
	at io.vertx.core.eventbus.impl.DeliveryContextBase.dispatch(DeliveryContextBase.java:43)
	at io.vertx.core.eventbus.impl.HandlerRegistration.dispatch(HandlerRegistration.java:98)
	at io.vertx.core.eventbus.impl.MessageConsumerImpl.deliver(MessageConsumerImpl.java:183)
	at io.vertx.core.eventbus.impl.MessageConsumerImpl.doReceive(MessageConsumerImpl.java:168)
	at io.vertx.core.eventbus.impl.HandlerRegistration.lambda$receive$0(HandlerRegistration.java:49)
	at io.netty.util.concurrent.AbstractEventExecutor.runTask(AbstractEventExecutor.java:174)
	at io.netty.util.concurrent.AbstractEventExecutor.safeExecute(AbstractEventExecutor.java:167)
	at io.netty.util.concurrent.SingleThreadEventExecutor.runAllTasks(SingleThreadEventExecutor.java:470)
	at io.netty.channel.nio.NioEventLoop.run(NioEventLoop.java:569)
	at io.netty.util.concurrent.SingleThreadEventExecutor$4.run(SingleThreadEventExecutor.java:997)
	at io.netty.util.internal.ThreadExecutorMap$2.run(ThreadExecutorMap.java:74)
	at io.netty.util.concurrent.FastThreadLocalRunnable.run(FastThreadLocalRunnable.java:30)
	at java.base/java.lang.Thread.run(Thread.java:1589)
2023-06-21 14:37:22.859 [vert.x-eventloop-thread-0] ERROR io.vertx.core.impl.ContextBase - Unhandled exception
java.lang.NumberFormatException: For input string: "some"
	at java.base/java.lang.NumberFormatException.forInputString(NumberFormatException.java:67)
	at java.base/java.lang.Integer.parseInt(Integer.java:665)
	at java.base/java.lang.Integer.parseInt(Integer.java:781)
	at ua.sergienko.model.ArticleVerticle.searchArticles(ArticleVerticle.java:62)
	at io.vertx.core.impl.ContextInternal.dispatch(ContextInternal.java:264)
	at io.vertx.core.eventbus.impl.MessageConsumerImpl.dispatch(MessageConsumerImpl.java:177)
	at io.vertx.core.eventbus.impl.HandlerRegistration$InboundDeliveryContext.execute(HandlerRegistration.java:137)
	at io.vertx.core.eventbus.impl.DeliveryContextBase.next(DeliveryContextBase.java:72)
	at io.vertx.core.eventbus.impl.DeliveryContextBase.dispatch(DeliveryContextBase.java:43)
	at io.vertx.core.eventbus.impl.HandlerRegistration.dispatch(HandlerRegistration.java:98)
	at io.vertx.core.eventbus.impl.MessageConsumerImpl.deliver(MessageConsumerImpl.java:183)
	at io.vertx.core.eventbus.impl.MessageConsumerImpl.doReceive(MessageConsumerImpl.java:168)
	at io.vertx.core.eventbus.impl.HandlerRegistration.lambda$receive$0(HandlerRegistration.java:49)
	at io.netty.util.concurrent.AbstractEventExecutor.runTask(AbstractEventExecutor.java:174)
	at io.netty.util.concurrent.AbstractEventExecutor.safeExecute(AbstractEventExecutor.java:167)
	at io.netty.util.concurrent.SingleThreadEventExecutor.runAllTasks(SingleThreadEventExecutor.java:470)
	at io.netty.channel.nio.NioEventLoop.run(NioEventLoop.java:569)
	at io.netty.util.concurrent.SingleThreadEventExecutor$4.run(SingleThreadEventExecutor.java:997)
	at io.netty.util.internal.ThreadExecutorMap$2.run(ThreadExecutorMap.java:74)
	at io.netty.util.concurrent.FastThreadLocalRunnable.run(FastThreadLocalRunnable.java:30)
	at java.base/java.lang.Thread.run(Thread.java:1589)
2023-06-21 14:37:23.664 [vert.x-eventloop-thread-0] ERROR io.vertx.core.impl.ContextBase - Unhandled exception
java.lang.NumberFormatException: For input string: "some"
	at java.base/java.lang.NumberFormatException.forInputString(NumberFormatException.java:67)
	at java.base/java.lang.Integer.parseInt(Integer.java:665)
	at java.base/java.lang.Integer.parseInt(Integer.java:781)
	at ua.sergienko.model.ArticleVerticle.searchArticles(ArticleVerticle.java:62)
	at io.vertx.core.impl.ContextInternal.dispatch(ContextInternal.java:264)
	at io.vertx.core.eventbus.impl.MessageConsumerImpl.dispatch(MessageConsumerImpl.java:177)
	at io.vertx.core.eventbus.impl.HandlerRegistration$InboundDeliveryContext.execute(HandlerRegistration.java:137)
	at io.vertx.core.eventbus.impl.DeliveryContextBase.next(DeliveryContextBase.java:72)
	at io.vertx.core.eventbus.impl.DeliveryContextBase.dispatch(DeliveryContextBase.java:43)
	at io.vertx.core.eventbus.impl.HandlerRegistration.dispatch(HandlerRegistration.java:98)
	at io.vertx.core.eventbus.impl.MessageConsumerImpl.deliver(MessageConsumerImpl.java:183)
	at io.vertx.core.eventbus.impl.MessageConsumerImpl.doReceive(MessageConsumerImpl.java:168)
	at io.vertx.core.eventbus.impl.HandlerRegistration.lambda$receive$0(HandlerRegistration.java:49)
	at io.netty.util.concurrent.AbstractEventExecutor.runTask(AbstractEventExecutor.java:174)
	at io.netty.util.concurrent.AbstractEventExecutor.safeExecute(AbstractEventExecutor.java:167)
	at io.netty.util.concurrent.SingleThreadEventExecutor.runAllTasks(SingleThreadEventExecutor.java:470)
	at io.netty.channel.nio.NioEventLoop.run(NioEventLoop.java:569)
	at io.netty.util.concurrent.SingleThreadEventExecutor$4.run(SingleThreadEventExecutor.java:997)
	at io.netty.util.internal.ThreadExecutorMap$2.run(ThreadExecutorMap.java:74)
	at io.netty.util.concurrent.FastThreadLocalRunnable.run(FastThreadLocalRunnable.java:30)
	at java.base/java.lang.Thread.run(Thread.java:1589)
2023-06-21 14:37:26.411 [vert.x-eventloop-thread-0] ERROR io.vertx.core.impl.ContextBase - Unhandled exception
java.lang.NumberFormatException: For input string: "some"
	at java.base/java.lang.NumberFormatException.forInputString(NumberFormatException.java:67)
	at java.base/java.lang.Integer.parseInt(Integer.java:665)
	at java.base/java.lang.Integer.parseInt(Integer.java:781)
	at ua.sergienko.model.ArticleVerticle.searchArticles(ArticleVerticle.java:62)
	at io.vertx.core.impl.ContextInternal.dispatch(ContextInternal.java:264)
	at io.vertx.core.eventbus.impl.MessageConsumerImpl.dispatch(MessageConsumerImpl.java:177)
	at io.vertx.core.eventbus.impl.HandlerRegistration$InboundDeliveryContext.execute(HandlerRegistration.java:137)
	at io.vertx.core.eventbus.impl.DeliveryContextBase.next(DeliveryContextBase.java:72)
	at io.vertx.core.eventbus.impl.DeliveryContextBase.dispatch(DeliveryContextBase.java:43)
	at io.vertx.core.eventbus.impl.HandlerRegistration.dispatch(HandlerRegistration.java:98)
	at io.vertx.core.eventbus.impl.MessageConsumerImpl.deliver(MessageConsumerImpl.java:183)
	at io.vertx.core.eventbus.impl.MessageConsumerImpl.doReceive(MessageConsumerImpl.java:168)
	at io.vertx.core.eventbus.impl.HandlerRegistration.lambda$receive$0(HandlerRegistration.java:49)
	at io.netty.util.concurrent.AbstractEventExecutor.runTask(AbstractEventExecutor.java:174)
	at io.netty.util.concurrent.AbstractEventExecutor.safeExecute(AbstractEventExecutor.java:167)
	at io.netty.util.concurrent.SingleThreadEventExecutor.runAllTasks(SingleThreadEventExecutor.java:470)
	at io.netty.channel.nio.NioEventLoop.run(NioEventLoop.java:569)
	at io.netty.util.concurrent.SingleThreadEventExecutor$4.run(SingleThreadEventExecutor.java:997)
	at io.netty.util.internal.ThreadExecutorMap$2.run(ThreadExecutorMap.java:74)
	at io.netty.util.concurrent.FastThreadLocalRunnable.run(FastThreadLocalRunnable.java:30)
	at java.base/java.lang.Thread.run(Thread.java:1589)
2023-06-21 14:37:44.614 [vert.x-eventloop-thread-3] ERROR io.vertx.ext.web.RoutingContext - Unhandled exception in router
io.vertx.core.eventbus.ReplyException: Timed out after waiting 30000(ms) for a reply. address: __vertx.reply.1198, repliedAddress: jdbc.articles.search
	at io.vertx.core.eventbus.impl.ReplyHandler.handle(ReplyHandler.java:76)
	at io.vertx.core.eventbus.impl.ReplyHandler.handle(ReplyHandler.java:24)
	at io.vertx.core.impl.VertxImpl$InternalTimerHandler.handle(VertxImpl.java:948)
	at io.vertx.core.impl.VertxImpl$InternalTimerHandler.handle(VertxImpl.java:919)
	at io.vertx.core.impl.EventLoopContext.emit(EventLoopContext.java:55)
	at io.vertx.core.impl.DuplicatedContext.emit(DuplicatedContext.java:158)
	at io.vertx.core.impl.ContextInternal.emit(ContextInternal.java:194)
	at io.vertx.core.impl.VertxImpl$InternalTimerHandler.run(VertxImpl.java:937)
	at io.netty.util.concurrent.PromiseTask.runTask(PromiseTask.java:98)
	at io.netty.util.concurrent.ScheduledFutureTask.run(ScheduledFutureTask.java:153)
	at io.netty.util.concurrent.AbstractEventExecutor.runTask(AbstractEventExecutor.java:174)
	at io.netty.util.concurrent.AbstractEventExecutor.safeExecute(AbstractEventExecutor.java:167)
	at io.netty.util.concurrent.SingleThreadEventExecutor.runAllTasks(SingleThreadEventExecutor.java:470)
	at io.netty.channel.nio.NioEventLoop.run(NioEventLoop.java:569)
	at io.netty.util.concurrent.SingleThreadEventExecutor$4.run(SingleThreadEventExecutor.java:997)
	at io.netty.util.internal.ThreadExecutorMap$2.run(ThreadExecutorMap.java:74)
	at io.netty.util.concurrent.FastThreadLocalRunnable.run(FastThreadLocalRunnable.java:30)
	at java.base/java.lang.Thread.run(Thread.java:1589)
2023-06-21 14:37:52.860 [vert.x-eventloop-thread-3] ERROR io.vertx.ext.web.RoutingContext - Unhandled exception in router
io.vertx.core.eventbus.ReplyException: Timed out after waiting 30000(ms) for a reply. address: __vertx.reply.1201, repliedAddress: jdbc.articles.search
	at io.vertx.core.eventbus.impl.ReplyHandler.handle(ReplyHandler.java:76)
	at io.vertx.core.eventbus.impl.ReplyHandler.handle(ReplyHandler.java:24)
	at io.vertx.core.impl.VertxImpl$InternalTimerHandler.handle(VertxImpl.java:948)
	at io.vertx.core.impl.VertxImpl$InternalTimerHandler.handle(VertxImpl.java:919)
	at io.vertx.core.impl.EventLoopContext.emit(EventLoopContext.java:55)
	at io.vertx.core.impl.DuplicatedContext.emit(DuplicatedContext.java:158)
	at io.vertx.core.impl.ContextInternal.emit(ContextInternal.java:194)
	at io.vertx.core.impl.VertxImpl$InternalTimerHandler.run(VertxImpl.java:937)
	at io.netty.util.concurrent.PromiseTask.runTask(PromiseTask.java:98)
	at io.netty.util.concurrent.ScheduledFutureTask.run(ScheduledFutureTask.java:153)
	at io.netty.util.concurrent.AbstractEventExecutor.runTask(AbstractEventExecutor.java:174)
	at io.netty.util.concurrent.AbstractEventExecutor.safeExecute(AbstractEventExecutor.java:167)
	at io.netty.util.concurrent.SingleThreadEventExecutor.runAllTasks(SingleThreadEventExecutor.java:470)
	at io.netty.channel.nio.NioEventLoop.run(NioEventLoop.java:569)
	at io.netty.util.concurrent.SingleThreadEventExecutor$4.run(SingleThreadEventExecutor.java:997)
	at io.netty.util.internal.ThreadExecutorMap$2.run(ThreadExecutorMap.java:74)
	at io.netty.util.concurrent.FastThreadLocalRunnable.run(FastThreadLocalRunnable.java:30)
	at java.base/java.lang.Thread.run(Thread.java:1589)
2023-06-21 14:37:53.665 [vert.x-eventloop-thread-3] ERROR io.vertx.ext.web.RoutingContext - Unhandled exception in router
io.vertx.core.eventbus.ReplyException: Timed out after waiting 30000(ms) for a reply. address: __vertx.reply.1204, repliedAddress: jdbc.articles.search
	at io.vertx.core.eventbus.impl.ReplyHandler.handle(ReplyHandler.java:76)
	at io.vertx.core.eventbus.impl.ReplyHandler.handle(ReplyHandler.java:24)
	at io.vertx.core.impl.VertxImpl$InternalTimerHandler.handle(VertxImpl.java:948)
	at io.vertx.core.impl.VertxImpl$InternalTimerHandler.handle(VertxImpl.java:919)
	at io.vertx.core.impl.EventLoopContext.emit(EventLoopContext.java:55)
	at io.vertx.core.impl.DuplicatedContext.emit(DuplicatedContext.java:158)
	at io.vertx.core.impl.ContextInternal.emit(ContextInternal.java:194)
	at io.vertx.core.impl.VertxImpl$InternalTimerHandler.run(VertxImpl.java:937)
	at io.netty.util.concurrent.PromiseTask.runTask(PromiseTask.java:98)
	at io.netty.util.concurrent.ScheduledFutureTask.run(ScheduledFutureTask.java:153)
	at io.netty.util.concurrent.AbstractEventExecutor.runTask(AbstractEventExecutor.java:174)
	at io.netty.util.concurrent.AbstractEventExecutor.safeExecute(AbstractEventExecutor.java:167)
	at io.netty.util.concurrent.SingleThreadEventExecutor.runAllTasks(SingleThreadEventExecutor.java:470)
	at io.netty.channel.nio.NioEventLoop.run(NioEventLoop.java:569)
	at io.netty.util.concurrent.SingleThreadEventExecutor$4.run(SingleThreadEventExecutor.java:997)
	at io.netty.util.internal.ThreadExecutorMap$2.run(ThreadExecutorMap.java:74)
	at io.netty.util.concurrent.FastThreadLocalRunnable.run(FastThreadLocalRunnable.java:30)
	at java.base/java.lang.Thread.run(Thread.java:1589)
2023-06-21 14:37:56.412 [vert.x-eventloop-thread-3] ERROR io.vertx.ext.web.RoutingContext - Unhandled exception in router
io.vertx.core.eventbus.ReplyException: Timed out after waiting 30000(ms) for a reply. address: __vertx.reply.1207, repliedAddress: jdbc.articles.search
	at io.vertx.core.eventbus.impl.ReplyHandler.handle(ReplyHandler.java:76)
	at io.vertx.core.eventbus.impl.ReplyHandler.handle(ReplyHandler.java:24)
	at io.vertx.core.impl.VertxImpl$InternalTimerHandler.handle(VertxImpl.java:948)
	at io.vertx.core.impl.VertxImpl$InternalTimerHandler.handle(VertxImpl.java:919)
	at io.vertx.core.impl.EventLoopContext.emit(EventLoopContext.java:55)
	at io.vertx.core.impl.DuplicatedContext.emit(DuplicatedContext.java:158)
	at io.vertx.core.impl.ContextInternal.emit(ContextInternal.java:194)
	at io.vertx.core.impl.VertxImpl$InternalTimerHandler.run(VertxImpl.java:937)
	at io.netty.util.concurrent.PromiseTask.runTask(PromiseTask.java:98)
	at io.netty.util.concurrent.ScheduledFutureTask.run(ScheduledFutureTask.java:153)
	at io.netty.util.concurrent.AbstractEventExecutor.runTask(AbstractEventExecutor.java:174)
	at io.netty.util.concurrent.AbstractEventExecutor.safeExecute(AbstractEventExecutor.java:167)
	at io.netty.util.concurrent.SingleThreadEventExecutor.runAllTasks(SingleThreadEventExecutor.java:470)
	at io.netty.channel.nio.NioEventLoop.run(NioEventLoop.java:569)
	at io.netty.util.concurrent.SingleThreadEventExecutor$4.run(SingleThreadEventExecutor.java:997)
	at io.netty.util.internal.ThreadExecutorMap$2.run(ThreadExecutorMap.java:74)
	at io.netty.util.concurrent.FastThreadLocalRunnable.run(FastThreadLocalRunnable.java:30)
	at java.base/java.lang.Thread.run(Thread.java:1589)
2023-06-21 14:44:37.935 [main] INFO  com.zaxxer.hikari.HikariDataSource - HikariPool-1 - Starting...
2023-06-21 14:44:38.059 [main] INFO  com.zaxxer.hikari.pool.HikariPool - HikariPool-1 - Added connection org.mariadb.jdbc.MariaDbConnection@5ddf0d24
2023-06-21 14:44:38.064 [main] INFO  com.zaxxer.hikari.HikariDataSource - HikariPool-1 - Start completed.
2023-06-21 14:44:38.758 [vert.x-eventloop-thread-2] INFO  ua.sergienko.verticle.JdbcVerticle - Table 'articles' is present in the database
2023-06-21 14:44:38.762 [vert.x-eventloop-thread-2] INFO  ua.sergienko.verticle.JdbcVerticle - Table 'tags' is present in the database
2023-06-21 14:44:38.765 [vert.x-eventloop-thread-2] INFO  ua.sergienko.verticle.JdbcVerticle - Table 'article_tag' is present in the database
2023-06-21 14:44:38.809 [vert.x-eventloop-thread-3] INFO  ua.sergienko.verticle.RestVerticle - Rest server successfully started on port 8393
2023-06-21 14:44:41.597 [vert.x-eventloop-thread-0] WARN  ua.sergienko.model.ArticleVerticle - Unable to find the article using the id: 0
2023-06-21 14:44:41.604 [vert.x-eventloop-thread-3] ERROR io.vertx.ext.web.RoutingContext - Unhandled exception in router
io.vertx.core.eventbus.ReplyException: Index 0 out of bounds for length 0
	at io.vertx.core.eventbus.Message.fail(Message.java:141)
	at ua.sergienko.model.ArticleVerticle.lambda$12(ArticleVerticle.java:37)
	at io.vertx.core.impl.future.FutureImpl$2.onFailure(FutureImpl.java:117)
	at io.vertx.core.impl.future.FutureImpl$ListenerArray.onFailure(FutureImpl.java:268)
	at io.vertx.core.impl.future.FutureBase.emitFailure(FutureBase.java:75)
	at io.vertx.core.impl.future.FutureImpl.tryFail(FutureImpl.java:230)
	at io.vertx.core.impl.future.Mapping.onSuccess(Mapping.java:37)
	at io.vertx.core.impl.future.FutureBase.emitSuccess(FutureBase.java:60)
	at io.vertx.core.impl.future.FutureImpl.tryComplete(FutureImpl.java:211)
	at io.vertx.core.impl.future.Mapping.onSuccess(Mapping.java:40)
	at io.vertx.core.impl.future.FutureBase.emitSuccess(FutureBase.java:60)
	at io.vertx.core.impl.future.FutureImpl.tryComplete(FutureImpl.java:211)
	at io.vertx.core.impl.future.Composition$1.onSuccess(Composition.java:62)
	at io.vertx.core.impl.future.FutureImpl$ListenerArray.onSuccess(FutureImpl.java:262)
	at io.vertx.core.impl.future.FutureBase.emitSuccess(FutureBase.java:60)
	at io.vertx.core.impl.future.FutureImpl.tryComplete(FutureImpl.java:211)
	at io.vertx.core.impl.future.PromiseImpl.tryComplete(PromiseImpl.java:23)
	at io.vertx.sqlclient.impl.QueryResultBuilder.tryComplete(QueryResultBuilder.java:88)
	at io.vertx.sqlclient.impl.QueryResultBuilder.tryComplete(QueryResultBuilder.java:32)
	at io.vertx.core.Promise.complete(Promise.java:66)
	at io.vertx.core.Promise.handle(Promise.java:51)
	at io.vertx.core.Promise.handle(Promise.java:29)
	at io.vertx.core.impl.future.FutureImpl$3.onSuccess(FutureImpl.java:141)
	at io.vertx.core.impl.future.FutureBase.emitSuccess(FutureBase.java:60)
	at io.vertx.core.impl.future.FutureImpl.tryComplete(FutureImpl.java:211)
	at io.vertx.core.impl.future.Mapping.onSuccess(Mapping.java:40)
	at io.vertx.core.impl.future.FutureBase.lambda$emitSuccess$0(FutureBase.java:54)
	at io.netty.util.concurrent.AbstractEventExecutor.runTask(AbstractEventExecutor.java:174)
	at io.netty.util.concurrent.AbstractEventExecutor.safeExecute(AbstractEventExecutor.java:167)
	at io.netty.util.concurrent.SingleThreadEventExecutor.runAllTasks(SingleThreadEventExecutor.java:470)
	at io.netty.channel.nio.NioEventLoop.run(NioEventLoop.java:569)
	at io.netty.util.concurrent.SingleThreadEventExecutor$4.run(SingleThreadEventExecutor.java:997)
	at io.netty.util.internal.ThreadExecutorMap$2.run(ThreadExecutorMap.java:74)
	at io.netty.util.concurrent.FastThreadLocalRunnable.run(FastThreadLocalRunnable.java:30)
	at java.base/java.lang.Thread.run(Thread.java:1589)
2023-06-21 14:54:15.366 [main] INFO  com.zaxxer.hikari.HikariDataSource - HikariPool-1 - Starting...
2023-06-21 14:54:15.485 [main] INFO  com.zaxxer.hikari.pool.HikariPool - HikariPool-1 - Added connection org.mariadb.jdbc.MariaDbConnection@5ddf0d24
2023-06-21 14:54:15.488 [main] INFO  com.zaxxer.hikari.HikariDataSource - HikariPool-1 - Start completed.
2023-06-21 14:54:16.101 [vert.x-eventloop-thread-2] INFO  ua.sergienko.verticle.JdbcVerticle - Table 'articles' is present in the database
2023-06-21 14:54:16.104 [vert.x-eventloop-thread-2] INFO  ua.sergienko.verticle.JdbcVerticle - Table 'tags' is present in the database
2023-06-21 14:54:16.107 [vert.x-eventloop-thread-2] INFO  ua.sergienko.verticle.JdbcVerticle - Table 'article_tag' is present in the database
2023-06-21 14:54:16.142 [vert.x-eventloop-thread-3] INFO  ua.sergienko.verticle.RestVerticle - Rest server successfully started on port 8393
2023-06-21 14:54:30.636 [vert.x-eventloop-thread-1] WARN  ua.sergienko.model.TagVerticle - failed to retrieve popular tags
2023-06-21 14:54:30.643 [vert.x-eventloop-thread-3] ERROR io.vertx.ext.web.RoutingContext - Unhandled exception in router
io.vertx.core.eventbus.ReplyException: (conn=2565) You have an error in your SQL syntax; check the manual that corresponds to your MariaDB server version for the right syntax to use near ''6'' at line 9
	at io.vertx.core.eventbus.Message.fail(Message.java:141)
	at ua.sergienko.model.TagVerticle.lambda$6(TagVerticle.java:40)
	at io.vertx.core.impl.future.FutureImpl$2.onFailure(FutureImpl.java:117)
	at io.vertx.core.impl.future.FutureImpl$ListenerArray.onFailure(FutureImpl.java:268)
	at io.vertx.core.impl.future.FutureBase.emitFailure(FutureBase.java:75)
	at io.vertx.core.impl.future.FutureImpl.tryFail(FutureImpl.java:230)
	at io.vertx.core.impl.future.Mapping.onFailure(Mapping.java:45)
	at io.vertx.core.impl.future.FutureBase.emitFailure(FutureBase.java:75)
	at io.vertx.core.impl.future.FutureImpl.tryFail(FutureImpl.java:230)
	at io.vertx.core.impl.future.Composition$1.onFailure(Composition.java:66)
	at io.vertx.core.impl.future.FutureImpl$ListenerArray.onFailure(FutureImpl.java:268)
	at io.vertx.core.impl.future.FutureBase.emitFailure(FutureBase.java:75)
	at io.vertx.core.impl.future.FutureImpl.tryFail(FutureImpl.java:230)
	at io.vertx.core.impl.future.PromiseImpl.tryFail(PromiseImpl.java:23)
	at io.vertx.sqlclient.impl.QueryResultBuilder.tryFail(QueryResultBuilder.java:94)
	at io.vertx.core.Promise.fail(Promise.java:89)
	at io.vertx.core.Promise.handle(Promise.java:53)
	at io.vertx.core.Promise.handle(Promise.java:29)
	at io.vertx.core.impl.future.FutureImpl$3.onFailure(FutureImpl.java:153)
	at io.vertx.core.impl.future.FutureBase.emitFailure(FutureBase.java:75)
	at io.vertx.core.impl.future.FutureImpl.tryFail(FutureImpl.java:230)
	at io.vertx.core.impl.future.Mapping.onFailure(Mapping.java:45)
	at io.vertx.core.impl.future.FutureBase.lambda$emitFailure$1(FutureBase.java:69)
	at io.netty.util.concurrent.AbstractEventExecutor.runTask(AbstractEventExecutor.java:174)
	at io.netty.util.concurrent.AbstractEventExecutor.safeExecute(AbstractEventExecutor.java:167)
	at io.netty.util.concurrent.SingleThreadEventExecutor.runAllTasks(SingleThreadEventExecutor.java:470)
	at io.netty.channel.nio.NioEventLoop.run(NioEventLoop.java:569)
	at io.netty.util.concurrent.SingleThreadEventExecutor$4.run(SingleThreadEventExecutor.java:997)
	at io.netty.util.internal.ThreadExecutorMap$2.run(ThreadExecutorMap.java:74)
	at io.netty.util.concurrent.FastThreadLocalRunnable.run(FastThreadLocalRunnable.java:30)
	at java.base/java.lang.Thread.run(Thread.java:1589)
2023-06-21 14:54:31.428 [vert.x-eventloop-thread-1] WARN  ua.sergienko.model.TagVerticle - failed to retrieve popular tags
2023-06-21 14:54:31.428 [vert.x-eventloop-thread-3] ERROR io.vertx.ext.web.RoutingContext - Unhandled exception in router
io.vertx.core.eventbus.ReplyException: (conn=2565) You have an error in your SQL syntax; check the manual that corresponds to your MariaDB server version for the right syntax to use near ''6'' at line 9
	at io.vertx.core.eventbus.Message.fail(Message.java:141)
	at ua.sergienko.model.TagVerticle.lambda$6(TagVerticle.java:40)
	at io.vertx.core.impl.future.FutureImpl$2.onFailure(FutureImpl.java:117)
	at io.vertx.core.impl.future.FutureImpl$ListenerArray.onFailure(FutureImpl.java:268)
	at io.vertx.core.impl.future.FutureBase.emitFailure(FutureBase.java:75)
	at io.vertx.core.impl.future.FutureImpl.tryFail(FutureImpl.java:230)
	at io.vertx.core.impl.future.Mapping.onFailure(Mapping.java:45)
	at io.vertx.core.impl.future.FutureBase.emitFailure(FutureBase.java:75)
	at io.vertx.core.impl.future.FutureImpl.tryFail(FutureImpl.java:230)
	at io.vertx.core.impl.future.Composition$1.onFailure(Composition.java:66)
	at io.vertx.core.impl.future.FutureImpl$ListenerArray.onFailure(FutureImpl.java:268)
	at io.vertx.core.impl.future.FutureBase.emitFailure(FutureBase.java:75)
	at io.vertx.core.impl.future.FutureImpl.tryFail(FutureImpl.java:230)
	at io.vertx.core.impl.future.PromiseImpl.tryFail(PromiseImpl.java:23)
	at io.vertx.sqlclient.impl.QueryResultBuilder.tryFail(QueryResultBuilder.java:94)
	at io.vertx.core.Promise.fail(Promise.java:89)
	at io.vertx.core.Promise.handle(Promise.java:53)
	at io.vertx.core.Promise.handle(Promise.java:29)
	at io.vertx.core.impl.future.FutureImpl$3.onFailure(FutureImpl.java:153)
	at io.vertx.core.impl.future.FutureBase.emitFailure(FutureBase.java:75)
	at io.vertx.core.impl.future.FutureImpl.tryFail(FutureImpl.java:230)
	at io.vertx.core.impl.future.Mapping.onFailure(Mapping.java:45)
	at io.vertx.core.impl.future.FutureBase.lambda$emitFailure$1(FutureBase.java:69)
	at io.netty.util.concurrent.AbstractEventExecutor.runTask(AbstractEventExecutor.java:174)
	at io.netty.util.concurrent.AbstractEventExecutor.safeExecute(AbstractEventExecutor.java:167)
	at io.netty.util.concurrent.SingleThreadEventExecutor.runAllTasks(SingleThreadEventExecutor.java:470)
	at io.netty.channel.nio.NioEventLoop.run(NioEventLoop.java:569)
	at io.netty.util.concurrent.SingleThreadEventExecutor$4.run(SingleThreadEventExecutor.java:997)
	at io.netty.util.internal.ThreadExecutorMap$2.run(ThreadExecutorMap.java:74)
	at io.netty.util.concurrent.FastThreadLocalRunnable.run(FastThreadLocalRunnable.java:30)
	at java.base/java.lang.Thread.run(Thread.java:1589)
2023-06-21 14:54:56.417 [vert.x-eventloop-thread-1] WARN  ua.sergienko.model.TagVerticle - failed to retrieve popular tags
2023-06-21 14:54:56.417 [vert.x-eventloop-thread-3] ERROR io.vertx.ext.web.RoutingContext - Unhandled exception in router
io.vertx.core.eventbus.ReplyException: (conn=2565) You have an error in your SQL syntax; check the manual that corresponds to your MariaDB server version for the right syntax to use near ''6'' at line 9
	at io.vertx.core.eventbus.Message.fail(Message.java:141)
	at ua.sergienko.model.TagVerticle.lambda$6(TagVerticle.java:40)
	at io.vertx.core.impl.future.FutureImpl$2.onFailure(FutureImpl.java:117)
	at io.vertx.core.impl.future.FutureImpl$ListenerArray.onFailure(FutureImpl.java:268)
	at io.vertx.core.impl.future.FutureBase.emitFailure(FutureBase.java:75)
	at io.vertx.core.impl.future.FutureImpl.tryFail(FutureImpl.java:230)
	at io.vertx.core.impl.future.Mapping.onFailure(Mapping.java:45)
	at io.vertx.core.impl.future.FutureBase.emitFailure(FutureBase.java:75)
	at io.vertx.core.impl.future.FutureImpl.tryFail(FutureImpl.java:230)
	at io.vertx.core.impl.future.Composition$1.onFailure(Composition.java:66)
	at io.vertx.core.impl.future.FutureImpl$ListenerArray.onFailure(FutureImpl.java:268)
	at io.vertx.core.impl.future.FutureBase.emitFailure(FutureBase.java:75)
	at io.vertx.core.impl.future.FutureImpl.tryFail(FutureImpl.java:230)
	at io.vertx.core.impl.future.PromiseImpl.tryFail(PromiseImpl.java:23)
	at io.vertx.sqlclient.impl.QueryResultBuilder.tryFail(QueryResultBuilder.java:94)
	at io.vertx.core.Promise.fail(Promise.java:89)
	at io.vertx.core.Promise.handle(Promise.java:53)
	at io.vertx.core.Promise.handle(Promise.java:29)
	at io.vertx.core.impl.future.FutureImpl$3.onFailure(FutureImpl.java:153)
	at io.vertx.core.impl.future.FutureBase.emitFailure(FutureBase.java:75)
	at io.vertx.core.impl.future.FutureImpl.tryFail(FutureImpl.java:230)
	at io.vertx.core.impl.future.Mapping.onFailure(Mapping.java:45)
	at io.vertx.core.impl.future.FutureBase.lambda$emitFailure$1(FutureBase.java:69)
	at io.netty.util.concurrent.AbstractEventExecutor.runTask(AbstractEventExecutor.java:174)
	at io.netty.util.concurrent.AbstractEventExecutor.safeExecute(AbstractEventExecutor.java:167)
	at io.netty.util.concurrent.SingleThreadEventExecutor.runAllTasks(SingleThreadEventExecutor.java:470)
	at io.netty.channel.nio.NioEventLoop.run(NioEventLoop.java:569)
	at io.netty.util.concurrent.SingleThreadEventExecutor$4.run(SingleThreadEventExecutor.java:997)
	at io.netty.util.internal.ThreadExecutorMap$2.run(ThreadExecutorMap.java:74)
	at io.netty.util.concurrent.FastThreadLocalRunnable.run(FastThreadLocalRunnable.java:30)
	at java.base/java.lang.Thread.run(Thread.java:1589)
2023-06-21 14:55:00.429 [vert.x-eventloop-thread-1] WARN  ua.sergienko.model.TagVerticle - failed to retrieve popular tags
2023-06-21 14:55:00.430 [vert.x-eventloop-thread-3] ERROR io.vertx.ext.web.RoutingContext - Unhandled exception in router
io.vertx.core.eventbus.ReplyException: (conn=2565) You have an error in your SQL syntax; check the manual that corresponds to your MariaDB server version for the right syntax to use near ''6'' at line 9
	at io.vertx.core.eventbus.Message.fail(Message.java:141)
	at ua.sergienko.model.TagVerticle.lambda$6(TagVerticle.java:40)
	at io.vertx.core.impl.future.FutureImpl$2.onFailure(FutureImpl.java:117)
	at io.vertx.core.impl.future.FutureImpl$ListenerArray.onFailure(FutureImpl.java:268)
	at io.vertx.core.impl.future.FutureBase.emitFailure(FutureBase.java:75)
	at io.vertx.core.impl.future.FutureImpl.tryFail(FutureImpl.java:230)
	at io.vertx.core.impl.future.Mapping.onFailure(Mapping.java:45)
	at io.vertx.core.impl.future.FutureBase.emitFailure(FutureBase.java:75)
	at io.vertx.core.impl.future.FutureImpl.tryFail(FutureImpl.java:230)
	at io.vertx.core.impl.future.Composition$1.onFailure(Composition.java:66)
	at io.vertx.core.impl.future.FutureImpl$ListenerArray.onFailure(FutureImpl.java:268)
	at io.vertx.core.impl.future.FutureBase.emitFailure(FutureBase.java:75)
	at io.vertx.core.impl.future.FutureImpl.tryFail(FutureImpl.java:230)
	at io.vertx.core.impl.future.PromiseImpl.tryFail(PromiseImpl.java:23)
	at io.vertx.sqlclient.impl.QueryResultBuilder.tryFail(QueryResultBuilder.java:94)
	at io.vertx.core.Promise.fail(Promise.java:89)
	at io.vertx.core.Promise.handle(Promise.java:53)
	at io.vertx.core.Promise.handle(Promise.java:29)
	at io.vertx.core.impl.future.FutureImpl$3.onFailure(FutureImpl.java:153)
	at io.vertx.core.impl.future.FutureBase.emitFailure(FutureBase.java:75)
	at io.vertx.core.impl.future.FutureImpl.tryFail(FutureImpl.java:230)
	at io.vertx.core.impl.future.Mapping.onFailure(Mapping.java:45)
	at io.vertx.core.impl.future.FutureBase.lambda$emitFailure$1(FutureBase.java:69)
	at io.netty.util.concurrent.AbstractEventExecutor.runTask(AbstractEventExecutor.java:174)
	at io.netty.util.concurrent.AbstractEventExecutor.safeExecute(AbstractEventExecutor.java:167)
	at io.netty.util.concurrent.SingleThreadEventExecutor.runAllTasks(SingleThreadEventExecutor.java:470)
	at io.netty.channel.nio.NioEventLoop.run(NioEventLoop.java:569)
	at io.netty.util.concurrent.SingleThreadEventExecutor$4.run(SingleThreadEventExecutor.java:997)
	at io.netty.util.internal.ThreadExecutorMap$2.run(ThreadExecutorMap.java:74)
	at io.netty.util.concurrent.FastThreadLocalRunnable.run(FastThreadLocalRunnable.java:30)
	at java.base/java.lang.Thread.run(Thread.java:1589)
2023-06-21 14:56:18.248 [vert.x-eventloop-thread-1] WARN  ua.sergienko.model.TagVerticle - failed to retrieve popular tags
2023-06-21 14:56:18.249 [vert.x-eventloop-thread-3] ERROR io.vertx.ext.web.RoutingContext - Unhandled exception in router
io.vertx.core.eventbus.ReplyException: (conn=2565) You have an error in your SQL syntax; check the manual that corresponds to your MariaDB server version for the right syntax to use near ''6'' at line 9
	at io.vertx.core.eventbus.Message.fail(Message.java:141)
	at ua.sergienko.model.TagVerticle.lambda$6(TagVerticle.java:40)
	at io.vertx.core.impl.future.FutureImpl$2.onFailure(FutureImpl.java:117)
	at io.vertx.core.impl.future.FutureImpl$ListenerArray.onFailure(FutureImpl.java:268)
	at io.vertx.core.impl.future.FutureBase.emitFailure(FutureBase.java:75)
	at io.vertx.core.impl.future.FutureImpl.tryFail(FutureImpl.java:230)
	at io.vertx.core.impl.future.Mapping.onFailure(Mapping.java:45)
	at io.vertx.core.impl.future.FutureBase.emitFailure(FutureBase.java:75)
	at io.vertx.core.impl.future.FutureImpl.tryFail(FutureImpl.java:230)
	at io.vertx.core.impl.future.Composition$1.onFailure(Composition.java:66)
	at io.vertx.core.impl.future.FutureImpl$ListenerArray.onFailure(FutureImpl.java:268)
	at io.vertx.core.impl.future.FutureBase.emitFailure(FutureBase.java:75)
	at io.vertx.core.impl.future.FutureImpl.tryFail(FutureImpl.java:230)
	at io.vertx.core.impl.future.PromiseImpl.tryFail(PromiseImpl.java:23)
	at io.vertx.sqlclient.impl.QueryResultBuilder.tryFail(QueryResultBuilder.java:94)
	at io.vertx.core.Promise.fail(Promise.java:89)
	at io.vertx.core.Promise.handle(Promise.java:53)
	at io.vertx.core.Promise.handle(Promise.java:29)
	at io.vertx.core.impl.future.FutureImpl$3.onFailure(FutureImpl.java:153)
	at io.vertx.core.impl.future.FutureBase.emitFailure(FutureBase.java:75)
	at io.vertx.core.impl.future.FutureImpl.tryFail(FutureImpl.java:230)
	at io.vertx.core.impl.future.Mapping.onFailure(Mapping.java:45)
	at io.vertx.core.impl.future.FutureBase.lambda$emitFailure$1(FutureBase.java:69)
	at io.netty.util.concurrent.AbstractEventExecutor.runTask(AbstractEventExecutor.java:174)
	at io.netty.util.concurrent.AbstractEventExecutor.safeExecute(AbstractEventExecutor.java:167)
	at io.netty.util.concurrent.SingleThreadEventExecutor.runAllTasks(SingleThreadEventExecutor.java:470)
	at io.netty.channel.nio.NioEventLoop.run(NioEventLoop.java:569)
	at io.netty.util.concurrent.SingleThreadEventExecutor$4.run(SingleThreadEventExecutor.java:997)
	at io.netty.util.internal.ThreadExecutorMap$2.run(ThreadExecutorMap.java:74)
	at io.netty.util.concurrent.FastThreadLocalRunnable.run(FastThreadLocalRunnable.java:30)
	at java.base/java.lang.Thread.run(Thread.java:1589)
2023-06-21 14:56:20.446 [vert.x-eventloop-thread-1] WARN  ua.sergienko.model.TagVerticle - failed to retrieve popular tags
2023-06-21 14:56:20.453 [vert.x-eventloop-thread-3] ERROR io.vertx.ext.web.RoutingContext - Unhandled exception in router
io.vertx.core.eventbus.ReplyException: (conn=2565) You have an error in your SQL syntax; check the manual that corresponds to your MariaDB server version for the right syntax to use near ''6'' at line 9
	at io.vertx.core.eventbus.Message.fail(Message.java:141)
	at ua.sergienko.model.TagVerticle.lambda$6(TagVerticle.java:40)
	at io.vertx.core.impl.future.FutureImpl$2.onFailure(FutureImpl.java:117)
	at io.vertx.core.impl.future.FutureImpl$ListenerArray.onFailure(FutureImpl.java:268)
	at io.vertx.core.impl.future.FutureBase.emitFailure(FutureBase.java:75)
	at io.vertx.core.impl.future.FutureImpl.tryFail(FutureImpl.java:230)
	at io.vertx.core.impl.future.Mapping.onFailure(Mapping.java:45)
	at io.vertx.core.impl.future.FutureBase.emitFailure(FutureBase.java:75)
	at io.vertx.core.impl.future.FutureImpl.tryFail(FutureImpl.java:230)
	at io.vertx.core.impl.future.Composition$1.onFailure(Composition.java:66)
	at io.vertx.core.impl.future.FutureImpl$ListenerArray.onFailure(FutureImpl.java:268)
	at io.vertx.core.impl.future.FutureBase.emitFailure(FutureBase.java:75)
	at io.vertx.core.impl.future.FutureImpl.tryFail(FutureImpl.java:230)
	at io.vertx.core.impl.future.PromiseImpl.tryFail(PromiseImpl.java:23)
	at io.vertx.sqlclient.impl.QueryResultBuilder.tryFail(QueryResultBuilder.java:94)
	at io.vertx.core.Promise.fail(Promise.java:89)
	at io.vertx.core.Promise.handle(Promise.java:53)
	at io.vertx.core.Promise.handle(Promise.java:29)
	at io.vertx.core.impl.future.FutureImpl$3.onFailure(FutureImpl.java:153)
	at io.vertx.core.impl.future.FutureBase.emitFailure(FutureBase.java:75)
	at io.vertx.core.impl.future.FutureImpl.tryFail(FutureImpl.java:230)
	at io.vertx.core.impl.future.Mapping.onFailure(Mapping.java:45)
	at io.vertx.core.impl.future.FutureBase.lambda$emitFailure$1(FutureBase.java:69)
	at io.netty.util.concurrent.AbstractEventExecutor.runTask(AbstractEventExecutor.java:174)
	at io.netty.util.concurrent.AbstractEventExecutor.safeExecute(AbstractEventExecutor.java:167)
	at io.netty.util.concurrent.SingleThreadEventExecutor.runAllTasks(SingleThreadEventExecutor.java:470)
	at io.netty.channel.nio.NioEventLoop.run(NioEventLoop.java:569)
	at io.netty.util.concurrent.SingleThreadEventExecutor$4.run(SingleThreadEventExecutor.java:997)
	at io.netty.util.internal.ThreadExecutorMap$2.run(ThreadExecutorMap.java:74)
	at io.netty.util.concurrent.FastThreadLocalRunnable.run(FastThreadLocalRunnable.java:30)
	at java.base/java.lang.Thread.run(Thread.java:1589)
2023-06-21 14:56:22.804 [vert.x-eventloop-thread-1] WARN  ua.sergienko.model.TagVerticle - failed to retrieve popular tags
2023-06-21 14:56:22.804 [vert.x-eventloop-thread-3] ERROR io.vertx.ext.web.RoutingContext - Unhandled exception in router
io.vertx.core.eventbus.ReplyException: (conn=2565) You have an error in your SQL syntax; check the manual that corresponds to your MariaDB server version for the right syntax to use near ''6'' at line 9
	at io.vertx.core.eventbus.Message.fail(Message.java:141)
	at ua.sergienko.model.TagVerticle.lambda$6(TagVerticle.java:40)
	at io.vertx.core.impl.future.FutureImpl$2.onFailure(FutureImpl.java:117)
	at io.vertx.core.impl.future.FutureImpl$ListenerArray.onFailure(FutureImpl.java:268)
	at io.vertx.core.impl.future.FutureBase.emitFailure(FutureBase.java:75)
	at io.vertx.core.impl.future.FutureImpl.tryFail(FutureImpl.java:230)
	at io.vertx.core.impl.future.Mapping.onFailure(Mapping.java:45)
	at io.vertx.core.impl.future.FutureBase.emitFailure(FutureBase.java:75)
	at io.vertx.core.impl.future.FutureImpl.tryFail(FutureImpl.java:230)
	at io.vertx.core.impl.future.Composition$1.onFailure(Composition.java:66)
	at io.vertx.core.impl.future.FutureImpl$ListenerArray.onFailure(FutureImpl.java:268)
	at io.vertx.core.impl.future.FutureBase.emitFailure(FutureBase.java:75)
	at io.vertx.core.impl.future.FutureImpl.tryFail(FutureImpl.java:230)
	at io.vertx.core.impl.future.PromiseImpl.tryFail(PromiseImpl.java:23)
	at io.vertx.sqlclient.impl.QueryResultBuilder.tryFail(QueryResultBuilder.java:94)
	at io.vertx.core.Promise.fail(Promise.java:89)
	at io.vertx.core.Promise.handle(Promise.java:53)
	at io.vertx.core.Promise.handle(Promise.java:29)
	at io.vertx.core.impl.future.FutureImpl$3.onFailure(FutureImpl.java:153)
	at io.vertx.core.impl.future.FutureBase.emitFailure(FutureBase.java:75)
	at io.vertx.core.impl.future.FutureImpl.tryFail(FutureImpl.java:230)
	at io.vertx.core.impl.future.Mapping.onFailure(Mapping.java:45)
	at io.vertx.core.impl.future.FutureBase.lambda$emitFailure$1(FutureBase.java:69)
	at io.netty.util.concurrent.AbstractEventExecutor.runTask(AbstractEventExecutor.java:174)
	at io.netty.util.concurrent.AbstractEventExecutor.safeExecute(AbstractEventExecutor.java:167)
	at io.netty.util.concurrent.SingleThreadEventExecutor.runAllTasks(SingleThreadEventExecutor.java:470)
	at io.netty.channel.nio.NioEventLoop.run(NioEventLoop.java:569)
	at io.netty.util.concurrent.SingleThreadEventExecutor$4.run(SingleThreadEventExecutor.java:997)
	at io.netty.util.internal.ThreadExecutorMap$2.run(ThreadExecutorMap.java:74)
	at io.netty.util.concurrent.FastThreadLocalRunnable.run(FastThreadLocalRunnable.java:30)
	at java.base/java.lang.Thread.run(Thread.java:1589)
2023-06-21 14:56:41.244 [vert.x-eventloop-thread-1] WARN  ua.sergienko.model.TagVerticle - failed to retrieve popular tags
2023-06-21 14:56:41.245 [vert.x-eventloop-thread-3] ERROR io.vertx.ext.web.RoutingContext - Unhandled exception in router
io.vertx.core.eventbus.ReplyException: (conn=2565) You have an error in your SQL syntax; check the manual that corresponds to your MariaDB server version for the right syntax to use near ''6'' at line 9
	at io.vertx.core.eventbus.Message.fail(Message.java:141)
	at ua.sergienko.model.TagVerticle.lambda$6(TagVerticle.java:40)
	at io.vertx.core.impl.future.FutureImpl$2.onFailure(FutureImpl.java:117)
	at io.vertx.core.impl.future.FutureImpl$ListenerArray.onFailure(FutureImpl.java:268)
	at io.vertx.core.impl.future.FutureBase.emitFailure(FutureBase.java:75)
	at io.vertx.core.impl.future.FutureImpl.tryFail(FutureImpl.java:230)
	at io.vertx.core.impl.future.Mapping.onFailure(Mapping.java:45)
	at io.vertx.core.impl.future.FutureBase.emitFailure(FutureBase.java:75)
	at io.vertx.core.impl.future.FutureImpl.tryFail(FutureImpl.java:230)
	at io.vertx.core.impl.future.Composition$1.onFailure(Composition.java:66)
	at io.vertx.core.impl.future.FutureImpl$ListenerArray.onFailure(FutureImpl.java:268)
	at io.vertx.core.impl.future.FutureBase.emitFailure(FutureBase.java:75)
	at io.vertx.core.impl.future.FutureImpl.tryFail(FutureImpl.java:230)
	at io.vertx.core.impl.future.PromiseImpl.tryFail(PromiseImpl.java:23)
	at io.vertx.sqlclient.impl.QueryResultBuilder.tryFail(QueryResultBuilder.java:94)
	at io.vertx.core.Promise.fail(Promise.java:89)
	at io.vertx.core.Promise.handle(Promise.java:53)
	at io.vertx.core.Promise.handle(Promise.java:29)
	at io.vertx.core.impl.future.FutureImpl$3.onFailure(FutureImpl.java:153)
	at io.vertx.core.impl.future.FutureBase.emitFailure(FutureBase.java:75)
	at io.vertx.core.impl.future.FutureImpl.tryFail(FutureImpl.java:230)
	at io.vertx.core.impl.future.Mapping.onFailure(Mapping.java:45)
	at io.vertx.core.impl.future.FutureBase.lambda$emitFailure$1(FutureBase.java:69)
	at io.netty.util.concurrent.AbstractEventExecutor.runTask(AbstractEventExecutor.java:174)
	at io.netty.util.concurrent.AbstractEventExecutor.safeExecute(AbstractEventExecutor.java:167)
	at io.netty.util.concurrent.SingleThreadEventExecutor.runAllTasks(SingleThreadEventExecutor.java:470)
	at io.netty.channel.nio.NioEventLoop.run(NioEventLoop.java:569)
	at io.netty.util.concurrent.SingleThreadEventExecutor$4.run(SingleThreadEventExecutor.java:997)
	at io.netty.util.internal.ThreadExecutorMap$2.run(ThreadExecutorMap.java:74)
	at io.netty.util.concurrent.FastThreadLocalRunnable.run(FastThreadLocalRunnable.java:30)
	at java.base/java.lang.Thread.run(Thread.java:1589)
2023-06-21 14:56:47.768 [vert.x-eventloop-thread-1] WARN  ua.sergienko.model.TagVerticle - failed to retrieve popular tags
2023-06-21 14:56:47.769 [vert.x-eventloop-thread-3] ERROR io.vertx.ext.web.RoutingContext - Unhandled exception in router
io.vertx.core.eventbus.ReplyException: (conn=2565) You have an error in your SQL syntax; check the manual that corresponds to your MariaDB server version for the right syntax to use near ''6'' at line 9
	at io.vertx.core.eventbus.Message.fail(Message.java:141)
	at ua.sergienko.model.TagVerticle.lambda$6(TagVerticle.java:40)
	at io.vertx.core.impl.future.FutureImpl$2.onFailure(FutureImpl.java:117)
	at io.vertx.core.impl.future.FutureImpl$ListenerArray.onFailure(FutureImpl.java:268)
	at io.vertx.core.impl.future.FutureBase.emitFailure(FutureBase.java:75)
	at io.vertx.core.impl.future.FutureImpl.tryFail(FutureImpl.java:230)
	at io.vertx.core.impl.future.Mapping.onFailure(Mapping.java:45)
	at io.vertx.core.impl.future.FutureBase.emitFailure(FutureBase.java:75)
	at io.vertx.core.impl.future.FutureImpl.tryFail(FutureImpl.java:230)
	at io.vertx.core.impl.future.Composition$1.onFailure(Composition.java:66)
	at io.vertx.core.impl.future.FutureImpl$ListenerArray.onFailure(FutureImpl.java:268)
	at io.vertx.core.impl.future.FutureBase.emitFailure(FutureBase.java:75)
	at io.vertx.core.impl.future.FutureImpl.tryFail(FutureImpl.java:230)
	at io.vertx.core.impl.future.PromiseImpl.tryFail(PromiseImpl.java:23)
	at io.vertx.sqlclient.impl.QueryResultBuilder.tryFail(QueryResultBuilder.java:94)
	at io.vertx.core.Promise.fail(Promise.java:89)
	at io.vertx.core.Promise.handle(Promise.java:53)
	at io.vertx.core.Promise.handle(Promise.java:29)
	at io.vertx.core.impl.future.FutureImpl$3.onFailure(FutureImpl.java:153)
	at io.vertx.core.impl.future.FutureBase.emitFailure(FutureBase.java:75)
	at io.vertx.core.impl.future.FutureImpl.tryFail(FutureImpl.java:230)
	at io.vertx.core.impl.future.Mapping.onFailure(Mapping.java:45)
	at io.vertx.core.impl.future.FutureBase.lambda$emitFailure$1(FutureBase.java:69)
	at io.netty.util.concurrent.AbstractEventExecutor.runTask(AbstractEventExecutor.java:174)
	at io.netty.util.concurrent.AbstractEventExecutor.safeExecute(AbstractEventExecutor.java:167)
	at io.netty.util.concurrent.SingleThreadEventExecutor.runAllTasks(SingleThreadEventExecutor.java:470)
	at io.netty.channel.nio.NioEventLoop.run(NioEventLoop.java:569)
	at io.netty.util.concurrent.SingleThreadEventExecutor$4.run(SingleThreadEventExecutor.java:997)
	at io.netty.util.internal.ThreadExecutorMap$2.run(ThreadExecutorMap.java:74)
	at io.netty.util.concurrent.FastThreadLocalRunnable.run(FastThreadLocalRunnable.java:30)
	at java.base/java.lang.Thread.run(Thread.java:1589)
2023-06-21 14:58:25.023 [vert.x-eventloop-thread-1] WARN  ua.sergienko.model.TagVerticle - failed to retrieve popular tags
2023-06-21 14:58:25.024 [vert.x-eventloop-thread-3] ERROR io.vertx.ext.web.RoutingContext - Unhandled exception in router
io.vertx.core.eventbus.ReplyException: (conn=2565) You have an error in your SQL syntax; check the manual that corresponds to your MariaDB server version for the right syntax to use near ''6'' at line 9
	at io.vertx.core.eventbus.Message.fail(Message.java:141)
	at ua.sergienko.model.TagVerticle.lambda$6(TagVerticle.java:40)
	at io.vertx.core.impl.future.FutureImpl$2.onFailure(FutureImpl.java:117)
	at io.vertx.core.impl.future.FutureImpl$ListenerArray.onFailure(FutureImpl.java:268)
	at io.vertx.core.impl.future.FutureBase.emitFailure(FutureBase.java:75)
	at io.vertx.core.impl.future.FutureImpl.tryFail(FutureImpl.java:230)
	at io.vertx.core.impl.future.Mapping.onFailure(Mapping.java:45)
	at io.vertx.core.impl.future.FutureBase.emitFailure(FutureBase.java:75)
	at io.vertx.core.impl.future.FutureImpl.tryFail(FutureImpl.java:230)
	at io.vertx.core.impl.future.Composition$1.onFailure(Composition.java:66)
	at io.vertx.core.impl.future.FutureImpl$ListenerArray.onFailure(FutureImpl.java:268)
	at io.vertx.core.impl.future.FutureBase.emitFailure(FutureBase.java:75)
	at io.vertx.core.impl.future.FutureImpl.tryFail(FutureImpl.java:230)
	at io.vertx.core.impl.future.PromiseImpl.tryFail(PromiseImpl.java:23)
	at io.vertx.sqlclient.impl.QueryResultBuilder.tryFail(QueryResultBuilder.java:94)
	at io.vertx.core.Promise.fail(Promise.java:89)
	at io.vertx.core.Promise.handle(Promise.java:53)
	at io.vertx.core.Promise.handle(Promise.java:29)
	at io.vertx.core.impl.future.FutureImpl$3.onFailure(FutureImpl.java:153)
	at io.vertx.core.impl.future.FutureBase.emitFailure(FutureBase.java:75)
	at io.vertx.core.impl.future.FutureImpl.tryFail(FutureImpl.java:230)
	at io.vertx.core.impl.future.Mapping.onFailure(Mapping.java:45)
	at io.vertx.core.impl.future.FutureBase.lambda$emitFailure$1(FutureBase.java:69)
	at io.netty.util.concurrent.AbstractEventExecutor.runTask(AbstractEventExecutor.java:174)
	at io.netty.util.concurrent.AbstractEventExecutor.safeExecute(AbstractEventExecutor.java:167)
	at io.netty.util.concurrent.SingleThreadEventExecutor.runAllTasks(SingleThreadEventExecutor.java:470)
	at io.netty.channel.nio.NioEventLoop.run(NioEventLoop.java:569)
	at io.netty.util.concurrent.SingleThreadEventExecutor$4.run(SingleThreadEventExecutor.java:997)
	at io.netty.util.internal.ThreadExecutorMap$2.run(ThreadExecutorMap.java:74)
	at io.netty.util.concurrent.FastThreadLocalRunnable.run(FastThreadLocalRunnable.java:30)
	at java.base/java.lang.Thread.run(Thread.java:1589)
2023-06-21 14:58:29.817 [vert.x-eventloop-thread-1] WARN  ua.sergienko.model.TagVerticle - failed to retrieve popular tags
2023-06-21 14:58:29.865 [vert.x-eventloop-thread-3] ERROR io.vertx.ext.web.RoutingContext - Unhandled exception in router
io.vertx.core.eventbus.ReplyException: (conn=2565) You have an error in your SQL syntax; check the manual that corresponds to your MariaDB server version for the right syntax to use near ''6'' at line 9
	at io.vertx.core.eventbus.Message.fail(Message.java:141)
	at ua.sergienko.model.TagVerticle.lambda$6(TagVerticle.java:40)
	at io.vertx.core.impl.future.FutureImpl$2.onFailure(FutureImpl.java:117)
	at io.vertx.core.impl.future.FutureImpl$ListenerArray.onFailure(FutureImpl.java:268)
	at io.vertx.core.impl.future.FutureBase.emitFailure(FutureBase.java:75)
	at io.vertx.core.impl.future.FutureImpl.tryFail(FutureImpl.java:230)
	at io.vertx.core.impl.future.Mapping.onFailure(Mapping.java:45)
	at io.vertx.core.impl.future.FutureBase.emitFailure(FutureBase.java:75)
	at io.vertx.core.impl.future.FutureImpl.tryFail(FutureImpl.java:230)
	at io.vertx.core.impl.future.Composition$1.onFailure(Composition.java:66)
	at io.vertx.core.impl.future.FutureImpl$ListenerArray.onFailure(FutureImpl.java:268)
	at io.vertx.core.impl.future.FutureBase.emitFailure(FutureBase.java:75)
	at io.vertx.core.impl.future.FutureImpl.tryFail(FutureImpl.java:230)
	at io.vertx.core.impl.future.PromiseImpl.tryFail(PromiseImpl.java:23)
	at io.vertx.sqlclient.impl.QueryResultBuilder.tryFail(QueryResultBuilder.java:94)
	at io.vertx.core.Promise.fail(Promise.java:89)
	at io.vertx.core.Promise.handle(Promise.java:53)
	at io.vertx.core.Promise.handle(Promise.java:29)
	at io.vertx.core.impl.future.FutureImpl$3.onFailure(FutureImpl.java:153)
	at io.vertx.core.impl.future.FutureBase.emitFailure(FutureBase.java:75)
	at io.vertx.core.impl.future.FutureImpl.tryFail(FutureImpl.java:230)
	at io.vertx.core.impl.future.Mapping.onFailure(Mapping.java:45)
	at io.vertx.core.impl.future.FutureBase.lambda$emitFailure$1(FutureBase.java:69)
	at io.netty.util.concurrent.AbstractEventExecutor.runTask(AbstractEventExecutor.java:174)
	at io.netty.util.concurrent.AbstractEventExecutor.safeExecute(AbstractEventExecutor.java:167)
	at io.netty.util.concurrent.SingleThreadEventExecutor.runAllTasks(SingleThreadEventExecutor.java:470)
	at io.netty.channel.nio.NioEventLoop.run(NioEventLoop.java:569)
	at io.netty.util.concurrent.SingleThreadEventExecutor$4.run(SingleThreadEventExecutor.java:997)
	at io.netty.util.internal.ThreadExecutorMap$2.run(ThreadExecutorMap.java:74)
	at io.netty.util.concurrent.FastThreadLocalRunnable.run(FastThreadLocalRunnable.java:30)
	at java.base/java.lang.Thread.run(Thread.java:1589)
2023-06-21 15:00:09.969 [vert.x-eventloop-thread-1] WARN  ua.sergienko.model.TagVerticle - failed to retrieve popular tags
2023-06-21 15:00:09.970 [vert.x-eventloop-thread-3] ERROR io.vertx.ext.web.RoutingContext - Unhandled exception in router
io.vertx.core.eventbus.ReplyException: (conn=2565) You have an error in your SQL syntax; check the manual that corresponds to your MariaDB server version for the right syntax to use near ''6'' at line 9
	at io.vertx.core.eventbus.Message.fail(Message.java:141)
	at ua.sergienko.model.TagVerticle.lambda$6(TagVerticle.java:40)
	at io.vertx.core.impl.future.FutureImpl$2.onFailure(FutureImpl.java:117)
	at io.vertx.core.impl.future.FutureImpl$ListenerArray.onFailure(FutureImpl.java:268)
	at io.vertx.core.impl.future.FutureBase.emitFailure(FutureBase.java:75)
	at io.vertx.core.impl.future.FutureImpl.tryFail(FutureImpl.java:230)
	at io.vertx.core.impl.future.Mapping.onFailure(Mapping.java:45)
	at io.vertx.core.impl.future.FutureBase.emitFailure(FutureBase.java:75)
	at io.vertx.core.impl.future.FutureImpl.tryFail(FutureImpl.java:230)
	at io.vertx.core.impl.future.Composition$1.onFailure(Composition.java:66)
	at io.vertx.core.impl.future.FutureImpl$ListenerArray.onFailure(FutureImpl.java:268)
	at io.vertx.core.impl.future.FutureBase.emitFailure(FutureBase.java:75)
	at io.vertx.core.impl.future.FutureImpl.tryFail(FutureImpl.java:230)
	at io.vertx.core.impl.future.PromiseImpl.tryFail(PromiseImpl.java:23)
	at io.vertx.sqlclient.impl.QueryResultBuilder.tryFail(QueryResultBuilder.java:94)
	at io.vertx.core.Promise.fail(Promise.java:89)
	at io.vertx.core.Promise.handle(Promise.java:53)
	at io.vertx.core.Promise.handle(Promise.java:29)
	at io.vertx.core.impl.future.FutureImpl$3.onFailure(FutureImpl.java:153)
	at io.vertx.core.impl.future.FutureBase.emitFailure(FutureBase.java:75)
	at io.vertx.core.impl.future.FutureImpl.tryFail(FutureImpl.java:230)
	at io.vertx.core.impl.future.Mapping.onFailure(Mapping.java:45)
	at io.vertx.core.impl.future.FutureBase.lambda$emitFailure$1(FutureBase.java:69)
	at io.netty.util.concurrent.AbstractEventExecutor.runTask(AbstractEventExecutor.java:174)
	at io.netty.util.concurrent.AbstractEventExecutor.safeExecute(AbstractEventExecutor.java:167)
	at io.netty.util.concurrent.SingleThreadEventExecutor.runAllTasks(SingleThreadEventExecutor.java:470)
	at io.netty.channel.nio.NioEventLoop.run(NioEventLoop.java:569)
	at io.netty.util.concurrent.SingleThreadEventExecutor$4.run(SingleThreadEventExecutor.java:997)
	at io.netty.util.internal.ThreadExecutorMap$2.run(ThreadExecutorMap.java:74)
	at io.netty.util.concurrent.FastThreadLocalRunnable.run(FastThreadLocalRunnable.java:30)
	at java.base/java.lang.Thread.run(Thread.java:1589)
2023-06-21 15:00:11.302 [vert.x-eventloop-thread-1] WARN  ua.sergienko.model.TagVerticle - failed to retrieve popular tags
2023-06-21 15:00:11.303 [vert.x-eventloop-thread-3] ERROR io.vertx.ext.web.RoutingContext - Unhandled exception in router
io.vertx.core.eventbus.ReplyException: (conn=2565) You have an error in your SQL syntax; check the manual that corresponds to your MariaDB server version for the right syntax to use near ''6'' at line 9
	at io.vertx.core.eventbus.Message.fail(Message.java:141)
	at ua.sergienko.model.TagVerticle.lambda$6(TagVerticle.java:40)
	at io.vertx.core.impl.future.FutureImpl$2.onFailure(FutureImpl.java:117)
	at io.vertx.core.impl.future.FutureImpl$ListenerArray.onFailure(FutureImpl.java:268)
	at io.vertx.core.impl.future.FutureBase.emitFailure(FutureBase.java:75)
	at io.vertx.core.impl.future.FutureImpl.tryFail(FutureImpl.java:230)
	at io.vertx.core.impl.future.Mapping.onFailure(Mapping.java:45)
	at io.vertx.core.impl.future.FutureBase.emitFailure(FutureBase.java:75)
	at io.vertx.core.impl.future.FutureImpl.tryFail(FutureImpl.java:230)
	at io.vertx.core.impl.future.Composition$1.onFailure(Composition.java:66)
	at io.vertx.core.impl.future.FutureImpl$ListenerArray.onFailure(FutureImpl.java:268)
	at io.vertx.core.impl.future.FutureBase.emitFailure(FutureBase.java:75)
	at io.vertx.core.impl.future.FutureImpl.tryFail(FutureImpl.java:230)
	at io.vertx.core.impl.future.PromiseImpl.tryFail(PromiseImpl.java:23)
	at io.vertx.sqlclient.impl.QueryResultBuilder.tryFail(QueryResultBuilder.java:94)
	at io.vertx.core.Promise.fail(Promise.java:89)
	at io.vertx.core.Promise.handle(Promise.java:53)
	at io.vertx.core.Promise.handle(Promise.java:29)
	at io.vertx.core.impl.future.FutureImpl$3.onFailure(FutureImpl.java:153)
	at io.vertx.core.impl.future.FutureBase.emitFailure(FutureBase.java:75)
	at io.vertx.core.impl.future.FutureImpl.tryFail(FutureImpl.java:230)
	at io.vertx.core.impl.future.Mapping.onFailure(Mapping.java:45)
	at io.vertx.core.impl.future.FutureBase.lambda$emitFailure$1(FutureBase.java:69)
	at io.netty.util.concurrent.AbstractEventExecutor.runTask(AbstractEventExecutor.java:174)
	at io.netty.util.concurrent.AbstractEventExecutor.safeExecute(AbstractEventExecutor.java:167)
	at io.netty.util.concurrent.SingleThreadEventExecutor.runAllTasks(SingleThreadEventExecutor.java:470)
	at io.netty.channel.nio.NioEventLoop.run(NioEventLoop.java:569)
	at io.netty.util.concurrent.SingleThreadEventExecutor$4.run(SingleThreadEventExecutor.java:997)
	at io.netty.util.internal.ThreadExecutorMap$2.run(ThreadExecutorMap.java:74)
	at io.netty.util.concurrent.FastThreadLocalRunnable.run(FastThreadLocalRunnable.java:30)
	at java.base/java.lang.Thread.run(Thread.java:1589)
2023-06-21 15:03:26.700 [vert.x-eventloop-thread-1] WARN  ua.sergienko.model.TagVerticle - failed to retrieve popular tags
2023-06-21 15:03:26.701 [vert.x-eventloop-thread-3] ERROR io.vertx.ext.web.RoutingContext - Unhandled exception in router
io.vertx.core.eventbus.ReplyException: (conn=2565) You have an error in your SQL syntax; check the manual that corresponds to your MariaDB server version for the right syntax to use near ''9'' at line 9
	at io.vertx.core.eventbus.Message.fail(Message.java:141)
	at ua.sergienko.model.TagVerticle.lambda$6(TagVerticle.java:40)
	at io.vertx.core.impl.future.FutureImpl$2.onFailure(FutureImpl.java:117)
	at io.vertx.core.impl.future.FutureImpl$ListenerArray.onFailure(FutureImpl.java:268)
	at io.vertx.core.impl.future.FutureBase.emitFailure(FutureBase.java:75)
	at io.vertx.core.impl.future.FutureImpl.tryFail(FutureImpl.java:230)
	at io.vertx.core.impl.future.Mapping.onFailure(Mapping.java:45)
	at io.vertx.core.impl.future.FutureBase.emitFailure(FutureBase.java:75)
	at io.vertx.core.impl.future.FutureImpl.tryFail(FutureImpl.java:230)
	at io.vertx.core.impl.future.Composition$1.onFailure(Composition.java:66)
	at io.vertx.core.impl.future.FutureImpl$ListenerArray.onFailure(FutureImpl.java:268)
	at io.vertx.core.impl.future.FutureBase.emitFailure(FutureBase.java:75)
	at io.vertx.core.impl.future.FutureImpl.tryFail(FutureImpl.java:230)
	at io.vertx.core.impl.future.PromiseImpl.tryFail(PromiseImpl.java:23)
	at io.vertx.sqlclient.impl.QueryResultBuilder.tryFail(QueryResultBuilder.java:94)
	at io.vertx.core.Promise.fail(Promise.java:89)
	at io.vertx.core.Promise.handle(Promise.java:53)
	at io.vertx.core.Promise.handle(Promise.java:29)
	at io.vertx.core.impl.future.FutureImpl$3.onFailure(FutureImpl.java:153)
	at io.vertx.core.impl.future.FutureBase.emitFailure(FutureBase.java:75)
	at io.vertx.core.impl.future.FutureImpl.tryFail(FutureImpl.java:230)
	at io.vertx.core.impl.future.Mapping.onFailure(Mapping.java:45)
	at io.vertx.core.impl.future.FutureBase.lambda$emitFailure$1(FutureBase.java:69)
	at io.netty.util.concurrent.AbstractEventExecutor.runTask(AbstractEventExecutor.java:174)
	at io.netty.util.concurrent.AbstractEventExecutor.safeExecute(AbstractEventExecutor.java:167)
	at io.netty.util.concurrent.SingleThreadEventExecutor.runAllTasks(SingleThreadEventExecutor.java:470)
	at io.netty.channel.nio.NioEventLoop.run(NioEventLoop.java:569)
	at io.netty.util.concurrent.SingleThreadEventExecutor$4.run(SingleThreadEventExecutor.java:997)
	at io.netty.util.internal.ThreadExecutorMap$2.run(ThreadExecutorMap.java:74)
	at io.netty.util.concurrent.FastThreadLocalRunnable.run(FastThreadLocalRunnable.java:30)
	at java.base/java.lang.Thread.run(Thread.java:1589)
2023-06-21 15:03:26.701 [vert.x-eventloop-thread-1] WARN  ua.sergienko.model.TagVerticle - failed to retrieve popular tags
2023-06-21 15:03:26.703 [vert.x-eventloop-thread-3] ERROR io.vertx.ext.web.RoutingContext - Unhandled exception in router
io.vertx.core.eventbus.ReplyException: (conn=2566) You have an error in your SQL syntax; check the manual that corresponds to your MariaDB server version for the right syntax to use near ''6'' at line 9
	at io.vertx.core.eventbus.Message.fail(Message.java:141)
	at ua.sergienko.model.TagVerticle.lambda$6(TagVerticle.java:40)
	at io.vertx.core.impl.future.FutureImpl$2.onFailure(FutureImpl.java:117)
	at io.vertx.core.impl.future.FutureImpl$ListenerArray.onFailure(FutureImpl.java:268)
	at io.vertx.core.impl.future.FutureBase.emitFailure(FutureBase.java:75)
	at io.vertx.core.impl.future.FutureImpl.tryFail(FutureImpl.java:230)
	at io.vertx.core.impl.future.Mapping.onFailure(Mapping.java:45)
	at io.vertx.core.impl.future.FutureBase.emitFailure(FutureBase.java:75)
	at io.vertx.core.impl.future.FutureImpl.tryFail(FutureImpl.java:230)
	at io.vertx.core.impl.future.Composition$1.onFailure(Composition.java:66)
	at io.vertx.core.impl.future.FutureImpl$ListenerArray.onFailure(FutureImpl.java:268)
	at io.vertx.core.impl.future.FutureBase.emitFailure(FutureBase.java:75)
	at io.vertx.core.impl.future.FutureImpl.tryFail(FutureImpl.java:230)
	at io.vertx.core.impl.future.PromiseImpl.tryFail(PromiseImpl.java:23)
	at io.vertx.sqlclient.impl.QueryResultBuilder.tryFail(QueryResultBuilder.java:94)
	at io.vertx.core.Promise.fail(Promise.java:89)
	at io.vertx.core.Promise.handle(Promise.java:53)
	at io.vertx.core.Promise.handle(Promise.java:29)
	at io.vertx.core.impl.future.FutureImpl$3.onFailure(FutureImpl.java:153)
	at io.vertx.core.impl.future.FutureBase.emitFailure(FutureBase.java:75)
	at io.vertx.core.impl.future.FutureImpl.tryFail(FutureImpl.java:230)
	at io.vertx.core.impl.future.Mapping.onFailure(Mapping.java:45)
	at io.vertx.core.impl.future.FutureBase.lambda$emitFailure$1(FutureBase.java:69)
	at io.netty.util.concurrent.AbstractEventExecutor.runTask(AbstractEventExecutor.java:174)
	at io.netty.util.concurrent.AbstractEventExecutor.safeExecute(AbstractEventExecutor.java:167)
	at io.netty.util.concurrent.SingleThreadEventExecutor.runAllTasks(SingleThreadEventExecutor.java:470)
	at io.netty.channel.nio.NioEventLoop.run(NioEventLoop.java:569)
	at io.netty.util.concurrent.SingleThreadEventExecutor$4.run(SingleThreadEventExecutor.java:997)
	at io.netty.util.internal.ThreadExecutorMap$2.run(ThreadExecutorMap.java:74)
	at io.netty.util.concurrent.FastThreadLocalRunnable.run(FastThreadLocalRunnable.java:30)
	at java.base/java.lang.Thread.run(Thread.java:1589)
2023-06-21 15:03:37.778 [vert.x-eventloop-thread-1] WARN  ua.sergienko.model.TagVerticle - failed to retrieve popular tags
2023-06-21 15:03:37.779 [vert.x-eventloop-thread-3] ERROR io.vertx.ext.web.RoutingContext - Unhandled exception in router
io.vertx.core.eventbus.ReplyException: (conn=2565) You have an error in your SQL syntax; check the manual that corresponds to your MariaDB server version for the right syntax to use near ''9'' at line 9
	at io.vertx.core.eventbus.Message.fail(Message.java:141)
	at ua.sergienko.model.TagVerticle.lambda$6(TagVerticle.java:40)
	at io.vertx.core.impl.future.FutureImpl$2.onFailure(FutureImpl.java:117)
	at io.vertx.core.impl.future.FutureImpl$ListenerArray.onFailure(FutureImpl.java:268)
	at io.vertx.core.impl.future.FutureBase.emitFailure(FutureBase.java:75)
	at io.vertx.core.impl.future.FutureImpl.tryFail(FutureImpl.java:230)
	at io.vertx.core.impl.future.Mapping.onFailure(Mapping.java:45)
	at io.vertx.core.impl.future.FutureBase.emitFailure(FutureBase.java:75)
	at io.vertx.core.impl.future.FutureImpl.tryFail(FutureImpl.java:230)
	at io.vertx.core.impl.future.Composition$1.onFailure(Composition.java:66)
	at io.vertx.core.impl.future.FutureImpl$ListenerArray.onFailure(FutureImpl.java:268)
	at io.vertx.core.impl.future.FutureBase.emitFailure(FutureBase.java:75)
	at io.vertx.core.impl.future.FutureImpl.tryFail(FutureImpl.java:230)
	at io.vertx.core.impl.future.PromiseImpl.tryFail(PromiseImpl.java:23)
	at io.vertx.sqlclient.impl.QueryResultBuilder.tryFail(QueryResultBuilder.java:94)
	at io.vertx.core.Promise.fail(Promise.java:89)
	at io.vertx.core.Promise.handle(Promise.java:53)
	at io.vertx.core.Promise.handle(Promise.java:29)
	at io.vertx.core.impl.future.FutureImpl$3.onFailure(FutureImpl.java:153)
	at io.vertx.core.impl.future.FutureBase.emitFailure(FutureBase.java:75)
	at io.vertx.core.impl.future.FutureImpl.tryFail(FutureImpl.java:230)
	at io.vertx.core.impl.future.Mapping.onFailure(Mapping.java:45)
	at io.vertx.core.impl.future.FutureBase.lambda$emitFailure$1(FutureBase.java:69)
	at io.netty.util.concurrent.AbstractEventExecutor.runTask(AbstractEventExecutor.java:174)
	at io.netty.util.concurrent.AbstractEventExecutor.safeExecute(AbstractEventExecutor.java:167)
	at io.netty.util.concurrent.SingleThreadEventExecutor.runAllTasks(SingleThreadEventExecutor.java:470)
	at io.netty.channel.nio.NioEventLoop.run(NioEventLoop.java:569)
	at io.netty.util.concurrent.SingleThreadEventExecutor$4.run(SingleThreadEventExecutor.java:997)
	at io.netty.util.internal.ThreadExecutorMap$2.run(ThreadExecutorMap.java:74)
	at io.netty.util.concurrent.FastThreadLocalRunnable.run(FastThreadLocalRunnable.java:30)
	at java.base/java.lang.Thread.run(Thread.java:1589)
2023-06-21 15:03:50.471 [vert.x-eventloop-thread-1] WARN  ua.sergienko.model.TagVerticle - failed to retrieve popular tags
2023-06-21 15:03:50.472 [vert.x-eventloop-thread-3] ERROR io.vertx.ext.web.RoutingContext - Unhandled exception in router
io.vertx.core.eventbus.ReplyException: (conn=2565) You have an error in your SQL syntax; check the manual that corresponds to your MariaDB server version for the right syntax to use near ''6'' at line 9
	at io.vertx.core.eventbus.Message.fail(Message.java:141)
	at ua.sergienko.model.TagVerticle.lambda$6(TagVerticle.java:40)
	at io.vertx.core.impl.future.FutureImpl$2.onFailure(FutureImpl.java:117)
	at io.vertx.core.impl.future.FutureImpl$ListenerArray.onFailure(FutureImpl.java:268)
	at io.vertx.core.impl.future.FutureBase.emitFailure(FutureBase.java:75)
	at io.vertx.core.impl.future.FutureImpl.tryFail(FutureImpl.java:230)
	at io.vertx.core.impl.future.Mapping.onFailure(Mapping.java:45)
	at io.vertx.core.impl.future.FutureBase.emitFailure(FutureBase.java:75)
	at io.vertx.core.impl.future.FutureImpl.tryFail(FutureImpl.java:230)
	at io.vertx.core.impl.future.Composition$1.onFailure(Composition.java:66)
	at io.vertx.core.impl.future.FutureImpl$ListenerArray.onFailure(FutureImpl.java:268)
	at io.vertx.core.impl.future.FutureBase.emitFailure(FutureBase.java:75)
	at io.vertx.core.impl.future.FutureImpl.tryFail(FutureImpl.java:230)
	at io.vertx.core.impl.future.PromiseImpl.tryFail(PromiseImpl.java:23)
	at io.vertx.sqlclient.impl.QueryResultBuilder.tryFail(QueryResultBuilder.java:94)
	at io.vertx.core.Promise.fail(Promise.java:89)
	at io.vertx.core.Promise.handle(Promise.java:53)
	at io.vertx.core.Promise.handle(Promise.java:29)
	at io.vertx.core.impl.future.FutureImpl$3.onFailure(FutureImpl.java:153)
	at io.vertx.core.impl.future.FutureBase.emitFailure(FutureBase.java:75)
	at io.vertx.core.impl.future.FutureImpl.tryFail(FutureImpl.java:230)
	at io.vertx.core.impl.future.Mapping.onFailure(Mapping.java:45)
	at io.vertx.core.impl.future.FutureBase.lambda$emitFailure$1(FutureBase.java:69)
	at io.netty.util.concurrent.AbstractEventExecutor.runTask(AbstractEventExecutor.java:174)
	at io.netty.util.concurrent.AbstractEventExecutor.safeExecute(AbstractEventExecutor.java:167)
	at io.netty.util.concurrent.SingleThreadEventExecutor.runAllTasks(SingleThreadEventExecutor.java:470)
	at io.netty.channel.nio.NioEventLoop.run(NioEventLoop.java:569)
	at io.netty.util.concurrent.SingleThreadEventExecutor$4.run(SingleThreadEventExecutor.java:997)
	at io.netty.util.internal.ThreadExecutorMap$2.run(ThreadExecutorMap.java:74)
	at io.netty.util.concurrent.FastThreadLocalRunnable.run(FastThreadLocalRunnable.java:30)
	at java.base/java.lang.Thread.run(Thread.java:1589)
2023-06-21 15:03:51.910 [vert.x-eventloop-thread-1] WARN  ua.sergienko.model.TagVerticle - failed to retrieve popular tags
2023-06-21 15:03:51.911 [vert.x-eventloop-thread-3] ERROR io.vertx.ext.web.RoutingContext - Unhandled exception in router
io.vertx.core.eventbus.ReplyException: (conn=2565) You have an error in your SQL syntax; check the manual that corresponds to your MariaDB server version for the right syntax to use near ''6'' at line 9
	at io.vertx.core.eventbus.Message.fail(Message.java:141)
	at ua.sergienko.model.TagVerticle.lambda$6(TagVerticle.java:40)
	at io.vertx.core.impl.future.FutureImpl$2.onFailure(FutureImpl.java:117)
	at io.vertx.core.impl.future.FutureImpl$ListenerArray.onFailure(FutureImpl.java:268)
	at io.vertx.core.impl.future.FutureBase.emitFailure(FutureBase.java:75)
	at io.vertx.core.impl.future.FutureImpl.tryFail(FutureImpl.java:230)
	at io.vertx.core.impl.future.Mapping.onFailure(Mapping.java:45)
	at io.vertx.core.impl.future.FutureBase.emitFailure(FutureBase.java:75)
	at io.vertx.core.impl.future.FutureImpl.tryFail(FutureImpl.java:230)
	at io.vertx.core.impl.future.Composition$1.onFailure(Composition.java:66)
	at io.vertx.core.impl.future.FutureImpl$ListenerArray.onFailure(FutureImpl.java:268)
	at io.vertx.core.impl.future.FutureBase.emitFailure(FutureBase.java:75)
	at io.vertx.core.impl.future.FutureImpl.tryFail(FutureImpl.java:230)
	at io.vertx.core.impl.future.PromiseImpl.tryFail(PromiseImpl.java:23)
	at io.vertx.sqlclient.impl.QueryResultBuilder.tryFail(QueryResultBuilder.java:94)
	at io.vertx.core.Promise.fail(Promise.java:89)
	at io.vertx.core.Promise.handle(Promise.java:53)
	at io.vertx.core.Promise.handle(Promise.java:29)
	at io.vertx.core.impl.future.FutureImpl$3.onFailure(FutureImpl.java:153)
	at io.vertx.core.impl.future.FutureBase.emitFailure(FutureBase.java:75)
	at io.vertx.core.impl.future.FutureImpl.tryFail(FutureImpl.java:230)
	at io.vertx.core.impl.future.Mapping.onFailure(Mapping.java:45)
	at io.vertx.core.impl.future.FutureBase.lambda$emitFailure$1(FutureBase.java:69)
	at io.netty.util.concurrent.AbstractEventExecutor.runTask(AbstractEventExecutor.java:174)
	at io.netty.util.concurrent.AbstractEventExecutor.safeExecute(AbstractEventExecutor.java:167)
	at io.netty.util.concurrent.SingleThreadEventExecutor.runAllTasks(SingleThreadEventExecutor.java:470)
	at io.netty.channel.nio.NioEventLoop.run(NioEventLoop.java:569)
	at io.netty.util.concurrent.SingleThreadEventExecutor$4.run(SingleThreadEventExecutor.java:997)
	at io.netty.util.internal.ThreadExecutorMap$2.run(ThreadExecutorMap.java:74)
	at io.netty.util.concurrent.FastThreadLocalRunnable.run(FastThreadLocalRunnable.java:30)
	at java.base/java.lang.Thread.run(Thread.java:1589)
2023-06-21 15:05:02.091 [vert.x-eventloop-thread-1] WARN  ua.sergienko.model.TagVerticle - failed to retrieve popular tags
2023-06-21 15:05:02.092 [vert.x-eventloop-thread-3] ERROR io.vertx.ext.web.RoutingContext - Unhandled exception in router
io.vertx.core.eventbus.ReplyException: (conn=2565) You have an error in your SQL syntax; check the manual that corresponds to your MariaDB server version for the right syntax to use near ''9'' at line 9
	at io.vertx.core.eventbus.Message.fail(Message.java:141)
	at ua.sergienko.model.TagVerticle.lambda$6(TagVerticle.java:40)
	at io.vertx.core.impl.future.FutureImpl$2.onFailure(FutureImpl.java:117)
	at io.vertx.core.impl.future.FutureImpl$ListenerArray.onFailure(FutureImpl.java:268)
	at io.vertx.core.impl.future.FutureBase.emitFailure(FutureBase.java:75)
	at io.vertx.core.impl.future.FutureImpl.tryFail(FutureImpl.java:230)
	at io.vertx.core.impl.future.Mapping.onFailure(Mapping.java:45)
	at io.vertx.core.impl.future.FutureBase.emitFailure(FutureBase.java:75)
	at io.vertx.core.impl.future.FutureImpl.tryFail(FutureImpl.java:230)
	at io.vertx.core.impl.future.Composition$1.onFailure(Composition.java:66)
	at io.vertx.core.impl.future.FutureImpl$ListenerArray.onFailure(FutureImpl.java:268)
	at io.vertx.core.impl.future.FutureBase.emitFailure(FutureBase.java:75)
	at io.vertx.core.impl.future.FutureImpl.tryFail(FutureImpl.java:230)
	at io.vertx.core.impl.future.PromiseImpl.tryFail(PromiseImpl.java:23)
	at io.vertx.sqlclient.impl.QueryResultBuilder.tryFail(QueryResultBuilder.java:94)
	at io.vertx.core.Promise.fail(Promise.java:89)
	at io.vertx.core.Promise.handle(Promise.java:53)
	at io.vertx.core.Promise.handle(Promise.java:29)
	at io.vertx.core.impl.future.FutureImpl$3.onFailure(FutureImpl.java:153)
	at io.vertx.core.impl.future.FutureBase.emitFailure(FutureBase.java:75)
	at io.vertx.core.impl.future.FutureImpl.tryFail(FutureImpl.java:230)
	at io.vertx.core.impl.future.Mapping.onFailure(Mapping.java:45)
	at io.vertx.core.impl.future.FutureBase.lambda$emitFailure$1(FutureBase.java:69)
	at io.netty.util.concurrent.AbstractEventExecutor.runTask(AbstractEventExecutor.java:174)
	at io.netty.util.concurrent.AbstractEventExecutor.safeExecute(AbstractEventExecutor.java:167)
	at io.netty.util.concurrent.SingleThreadEventExecutor.runAllTasks(SingleThreadEventExecutor.java:470)
	at io.netty.channel.nio.NioEventLoop.run(NioEventLoop.java:569)
	at io.netty.util.concurrent.SingleThreadEventExecutor$4.run(SingleThreadEventExecutor.java:997)
	at io.netty.util.internal.ThreadExecutorMap$2.run(ThreadExecutorMap.java:74)
	at io.netty.util.concurrent.FastThreadLocalRunnable.run(FastThreadLocalRunnable.java:30)
	at java.base/java.lang.Thread.run(Thread.java:1589)
2023-06-21 15:05:08.839 [vert.x-eventloop-thread-1] WARN  ua.sergienko.model.TagVerticle - failed to retrieve popular tags
2023-06-21 15:05:08.839 [vert.x-eventloop-thread-3] ERROR io.vertx.ext.web.RoutingContext - Unhandled exception in router
io.vertx.core.eventbus.ReplyException: (conn=2565) You have an error in your SQL syntax; check the manual that corresponds to your MariaDB server version for the right syntax to use near ''9'' at line 9
	at io.vertx.core.eventbus.Message.fail(Message.java:141)
	at ua.sergienko.model.TagVerticle.lambda$6(TagVerticle.java:40)
	at io.vertx.core.impl.future.FutureImpl$2.onFailure(FutureImpl.java:117)
	at io.vertx.core.impl.future.FutureImpl$ListenerArray.onFailure(FutureImpl.java:268)
	at io.vertx.core.impl.future.FutureBase.emitFailure(FutureBase.java:75)
	at io.vertx.core.impl.future.FutureImpl.tryFail(FutureImpl.java:230)
	at io.vertx.core.impl.future.Mapping.onFailure(Mapping.java:45)
	at io.vertx.core.impl.future.FutureBase.emitFailure(FutureBase.java:75)
	at io.vertx.core.impl.future.FutureImpl.tryFail(FutureImpl.java:230)
	at io.vertx.core.impl.future.Composition$1.onFailure(Composition.java:66)
	at io.vertx.core.impl.future.FutureImpl$ListenerArray.onFailure(FutureImpl.java:268)
	at io.vertx.core.impl.future.FutureBase.emitFailure(FutureBase.java:75)
	at io.vertx.core.impl.future.FutureImpl.tryFail(FutureImpl.java:230)
	at io.vertx.core.impl.future.PromiseImpl.tryFail(PromiseImpl.java:23)
	at io.vertx.sqlclient.impl.QueryResultBuilder.tryFail(QueryResultBuilder.java:94)
	at io.vertx.core.Promise.fail(Promise.java:89)
	at io.vertx.core.Promise.handle(Promise.java:53)
	at io.vertx.core.Promise.handle(Promise.java:29)
	at io.vertx.core.impl.future.FutureImpl$3.onFailure(FutureImpl.java:153)
	at io.vertx.core.impl.future.FutureBase.emitFailure(FutureBase.java:75)
	at io.vertx.core.impl.future.FutureImpl.tryFail(FutureImpl.java:230)
	at io.vertx.core.impl.future.Mapping.onFailure(Mapping.java:45)
	at io.vertx.core.impl.future.FutureBase.lambda$emitFailure$1(FutureBase.java:69)
	at io.netty.util.concurrent.AbstractEventExecutor.runTask(AbstractEventExecutor.java:174)
	at io.netty.util.concurrent.AbstractEventExecutor.safeExecute(AbstractEventExecutor.java:167)
	at io.netty.util.concurrent.SingleThreadEventExecutor.runAllTasks(SingleThreadEventExecutor.java:470)
	at io.netty.channel.nio.NioEventLoop.run(NioEventLoop.java:569)
	at io.netty.util.concurrent.SingleThreadEventExecutor$4.run(SingleThreadEventExecutor.java:997)
	at io.netty.util.internal.ThreadExecutorMap$2.run(ThreadExecutorMap.java:74)
	at io.netty.util.concurrent.FastThreadLocalRunnable.run(FastThreadLocalRunnable.java:30)
	at java.base/java.lang.Thread.run(Thread.java:1589)
2023-06-21 15:05:44.428 [vert.x-eventloop-thread-1] WARN  ua.sergienko.model.TagVerticle - failed to retrieve popular tags
2023-06-21 15:05:44.429 [vert.x-eventloop-thread-3] ERROR io.vertx.ext.web.RoutingContext - Unhandled exception in router
io.vertx.core.eventbus.ReplyException: (conn=2565) You have an error in your SQL syntax; check the manual that corresponds to your MariaDB server version for the right syntax to use near ''9'' at line 9
	at io.vertx.core.eventbus.Message.fail(Message.java:141)
	at ua.sergienko.model.TagVerticle.lambda$6(TagVerticle.java:40)
	at io.vertx.core.impl.future.FutureImpl$2.onFailure(FutureImpl.java:117)
	at io.vertx.core.impl.future.FutureImpl$ListenerArray.onFailure(FutureImpl.java:268)
	at io.vertx.core.impl.future.FutureBase.emitFailure(FutureBase.java:75)
	at io.vertx.core.impl.future.FutureImpl.tryFail(FutureImpl.java:230)
	at io.vertx.core.impl.future.Mapping.onFailure(Mapping.java:45)
	at io.vertx.core.impl.future.FutureBase.emitFailure(FutureBase.java:75)
	at io.vertx.core.impl.future.FutureImpl.tryFail(FutureImpl.java:230)
	at io.vertx.core.impl.future.Composition$1.onFailure(Composition.java:66)
	at io.vertx.core.impl.future.FutureImpl$ListenerArray.onFailure(FutureImpl.java:268)
	at io.vertx.core.impl.future.FutureBase.emitFailure(FutureBase.java:75)
	at io.vertx.core.impl.future.FutureImpl.tryFail(FutureImpl.java:230)
	at io.vertx.core.impl.future.PromiseImpl.tryFail(PromiseImpl.java:23)
	at io.vertx.sqlclient.impl.QueryResultBuilder.tryFail(QueryResultBuilder.java:94)
	at io.vertx.core.Promise.fail(Promise.java:89)
	at io.vertx.core.Promise.handle(Promise.java:53)
	at io.vertx.core.Promise.handle(Promise.java:29)
	at io.vertx.core.impl.future.FutureImpl$3.onFailure(FutureImpl.java:153)
	at io.vertx.core.impl.future.FutureBase.emitFailure(FutureBase.java:75)
	at io.vertx.core.impl.future.FutureImpl.tryFail(FutureImpl.java:230)
	at io.vertx.core.impl.future.Mapping.onFailure(Mapping.java:45)
	at io.vertx.core.impl.future.FutureBase.lambda$emitFailure$1(FutureBase.java:69)
	at io.netty.util.concurrent.AbstractEventExecutor.runTask(AbstractEventExecutor.java:174)
	at io.netty.util.concurrent.AbstractEventExecutor.safeExecute(AbstractEventExecutor.java:167)
	at io.netty.util.concurrent.SingleThreadEventExecutor.runAllTasks(SingleThreadEventExecutor.java:470)
	at io.netty.channel.nio.NioEventLoop.run(NioEventLoop.java:569)
	at io.netty.util.concurrent.SingleThreadEventExecutor$4.run(SingleThreadEventExecutor.java:997)
	at io.netty.util.internal.ThreadExecutorMap$2.run(ThreadExecutorMap.java:74)
	at io.netty.util.concurrent.FastThreadLocalRunnable.run(FastThreadLocalRunnable.java:30)
	at java.base/java.lang.Thread.run(Thread.java:1589)
2023-06-21 15:06:30.417 [vert.x-eventloop-thread-1] WARN  ua.sergienko.model.TagVerticle - failed to retrieve popular tags
2023-06-21 15:06:30.418 [vert.x-eventloop-thread-3] ERROR io.vertx.ext.web.RoutingContext - Unhandled exception in router
io.vertx.core.eventbus.ReplyException: (conn=2565) You have an error in your SQL syntax; check the manual that corresponds to your MariaDB server version for the right syntax to use near ''9'' at line 9
	at io.vertx.core.eventbus.Message.fail(Message.java:141)
	at ua.sergienko.model.TagVerticle.lambda$6(TagVerticle.java:40)
	at io.vertx.core.impl.future.FutureImpl$2.onFailure(FutureImpl.java:117)
	at io.vertx.core.impl.future.FutureImpl$ListenerArray.onFailure(FutureImpl.java:268)
	at io.vertx.core.impl.future.FutureBase.emitFailure(FutureBase.java:75)
	at io.vertx.core.impl.future.FutureImpl.tryFail(FutureImpl.java:230)
	at io.vertx.core.impl.future.Mapping.onFailure(Mapping.java:45)
	at io.vertx.core.impl.future.FutureBase.emitFailure(FutureBase.java:75)
	at io.vertx.core.impl.future.FutureImpl.tryFail(FutureImpl.java:230)
	at io.vertx.core.impl.future.Composition$1.onFailure(Composition.java:66)
	at io.vertx.core.impl.future.FutureImpl$ListenerArray.onFailure(FutureImpl.java:268)
	at io.vertx.core.impl.future.FutureBase.emitFailure(FutureBase.java:75)
	at io.vertx.core.impl.future.FutureImpl.tryFail(FutureImpl.java:230)
	at io.vertx.core.impl.future.PromiseImpl.tryFail(PromiseImpl.java:23)
	at io.vertx.sqlclient.impl.QueryResultBuilder.tryFail(QueryResultBuilder.java:94)
	at io.vertx.core.Promise.fail(Promise.java:89)
	at io.vertx.core.Promise.handle(Promise.java:53)
	at io.vertx.core.Promise.handle(Promise.java:29)
	at io.vertx.core.impl.future.FutureImpl$3.onFailure(FutureImpl.java:153)
	at io.vertx.core.impl.future.FutureBase.emitFailure(FutureBase.java:75)
	at io.vertx.core.impl.future.FutureImpl.tryFail(FutureImpl.java:230)
	at io.vertx.core.impl.future.Mapping.onFailure(Mapping.java:45)
	at io.vertx.core.impl.future.FutureBase.lambda$emitFailure$1(FutureBase.java:69)
	at io.netty.util.concurrent.AbstractEventExecutor.runTask(AbstractEventExecutor.java:174)
	at io.netty.util.concurrent.AbstractEventExecutor.safeExecute(AbstractEventExecutor.java:167)
	at io.netty.util.concurrent.SingleThreadEventExecutor.runAllTasks(SingleThreadEventExecutor.java:470)
	at io.netty.channel.nio.NioEventLoop.run(NioEventLoop.java:569)
	at io.netty.util.concurrent.SingleThreadEventExecutor$4.run(SingleThreadEventExecutor.java:997)
	at io.netty.util.internal.ThreadExecutorMap$2.run(ThreadExecutorMap.java:74)
	at io.netty.util.concurrent.FastThreadLocalRunnable.run(FastThreadLocalRunnable.java:30)
	at java.base/java.lang.Thread.run(Thread.java:1589)
2023-06-21 15:06:39.414 [vert.x-eventloop-thread-1] WARN  ua.sergienko.model.TagVerticle - failed to retrieve popular tags
2023-06-21 15:06:39.415 [vert.x-eventloop-thread-3] ERROR io.vertx.ext.web.RoutingContext - Unhandled exception in router
io.vertx.core.eventbus.ReplyException: (conn=2565) You have an error in your SQL syntax; check the manual that corresponds to your MariaDB server version for the right syntax to use near ''9'' at line 9
	at io.vertx.core.eventbus.Message.fail(Message.java:141)
	at ua.sergienko.model.TagVerticle.lambda$6(TagVerticle.java:40)
	at io.vertx.core.impl.future.FutureImpl$2.onFailure(FutureImpl.java:117)
	at io.vertx.core.impl.future.FutureImpl$ListenerArray.onFailure(FutureImpl.java:268)
	at io.vertx.core.impl.future.FutureBase.emitFailure(FutureBase.java:75)
	at io.vertx.core.impl.future.FutureImpl.tryFail(FutureImpl.java:230)
	at io.vertx.core.impl.future.Mapping.onFailure(Mapping.java:45)
	at io.vertx.core.impl.future.FutureBase.emitFailure(FutureBase.java:75)
	at io.vertx.core.impl.future.FutureImpl.tryFail(FutureImpl.java:230)
	at io.vertx.core.impl.future.Composition$1.onFailure(Composition.java:66)
	at io.vertx.core.impl.future.FutureImpl$ListenerArray.onFailure(FutureImpl.java:268)
	at io.vertx.core.impl.future.FutureBase.emitFailure(FutureBase.java:75)
	at io.vertx.core.impl.future.FutureImpl.tryFail(FutureImpl.java:230)
	at io.vertx.core.impl.future.PromiseImpl.tryFail(PromiseImpl.java:23)
	at io.vertx.sqlclient.impl.QueryResultBuilder.tryFail(QueryResultBuilder.java:94)
	at io.vertx.core.Promise.fail(Promise.java:89)
	at io.vertx.core.Promise.handle(Promise.java:53)
	at io.vertx.core.Promise.handle(Promise.java:29)
	at io.vertx.core.impl.future.FutureImpl$3.onFailure(FutureImpl.java:153)
	at io.vertx.core.impl.future.FutureBase.emitFailure(FutureBase.java:75)
	at io.vertx.core.impl.future.FutureImpl.tryFail(FutureImpl.java:230)
	at io.vertx.core.impl.future.Mapping.onFailure(Mapping.java:45)
	at io.vertx.core.impl.future.FutureBase.lambda$emitFailure$1(FutureBase.java:69)
	at io.netty.util.concurrent.AbstractEventExecutor.runTask(AbstractEventExecutor.java:174)
	at io.netty.util.concurrent.AbstractEventExecutor.safeExecute(AbstractEventExecutor.java:167)
	at io.netty.util.concurrent.SingleThreadEventExecutor.runAllTasks(SingleThreadEventExecutor.java:470)
	at io.netty.channel.nio.NioEventLoop.run(NioEventLoop.java:569)
	at io.netty.util.concurrent.SingleThreadEventExecutor$4.run(SingleThreadEventExecutor.java:997)
	at io.netty.util.internal.ThreadExecutorMap$2.run(ThreadExecutorMap.java:74)
	at io.netty.util.concurrent.FastThreadLocalRunnable.run(FastThreadLocalRunnable.java:30)
	at java.base/java.lang.Thread.run(Thread.java:1589)
2023-06-21 15:07:26.614 [vert.x-eventloop-thread-1] WARN  ua.sergienko.model.TagVerticle - failed to retrieve popular tags
2023-06-21 15:07:26.616 [vert.x-eventloop-thread-3] ERROR io.vertx.ext.web.RoutingContext - Unhandled exception in router
io.vertx.core.eventbus.ReplyException: (conn=2566) You have an error in your SQL syntax; check the manual that corresponds to your MariaDB server version for the right syntax to use near ''9'' at line 9
	at io.vertx.core.eventbus.Message.fail(Message.java:141)
	at ua.sergienko.model.TagVerticle.lambda$6(TagVerticle.java:40)
	at io.vertx.core.impl.future.FutureImpl$2.onFailure(FutureImpl.java:117)
	at io.vertx.core.impl.future.FutureImpl$ListenerArray.onFailure(FutureImpl.java:268)
	at io.vertx.core.impl.future.FutureBase.emitFailure(FutureBase.java:75)
	at io.vertx.core.impl.future.FutureImpl.tryFail(FutureImpl.java:230)
	at io.vertx.core.impl.future.Mapping.onFailure(Mapping.java:45)
	at io.vertx.core.impl.future.FutureBase.emitFailure(FutureBase.java:75)
	at io.vertx.core.impl.future.FutureImpl.tryFail(FutureImpl.java:230)
	at io.vertx.core.impl.future.Composition$1.onFailure(Composition.java:66)
	at io.vertx.core.impl.future.FutureImpl$ListenerArray.onFailure(FutureImpl.java:268)
	at io.vertx.core.impl.future.FutureBase.emitFailure(FutureBase.java:75)
	at io.vertx.core.impl.future.FutureImpl.tryFail(FutureImpl.java:230)
	at io.vertx.core.impl.future.PromiseImpl.tryFail(PromiseImpl.java:23)
	at io.vertx.sqlclient.impl.QueryResultBuilder.tryFail(QueryResultBuilder.java:94)
	at io.vertx.core.Promise.fail(Promise.java:89)
	at io.vertx.core.Promise.handle(Promise.java:53)
	at io.vertx.core.Promise.handle(Promise.java:29)
	at io.vertx.core.impl.future.FutureImpl$3.onFailure(FutureImpl.java:153)
	at io.vertx.core.impl.future.FutureBase.emitFailure(FutureBase.java:75)
	at io.vertx.core.impl.future.FutureImpl.tryFail(FutureImpl.java:230)
	at io.vertx.core.impl.future.Mapping.onFailure(Mapping.java:45)
	at io.vertx.core.impl.future.FutureBase.lambda$emitFailure$1(FutureBase.java:69)
	at io.netty.util.concurrent.AbstractEventExecutor.runTask(AbstractEventExecutor.java:174)
	at io.netty.util.concurrent.AbstractEventExecutor.safeExecute(AbstractEventExecutor.java:167)
	at io.netty.util.concurrent.SingleThreadEventExecutor.runAllTasks(SingleThreadEventExecutor.java:470)
	at io.netty.channel.nio.NioEventLoop.run(NioEventLoop.java:569)
	at io.netty.util.concurrent.SingleThreadEventExecutor$4.run(SingleThreadEventExecutor.java:997)
	at io.netty.util.internal.ThreadExecutorMap$2.run(ThreadExecutorMap.java:74)
	at io.netty.util.concurrent.FastThreadLocalRunnable.run(FastThreadLocalRunnable.java:30)
	at java.base/java.lang.Thread.run(Thread.java:1589)
2023-06-21 15:07:40.496 [vert.x-eventloop-thread-1] WARN  ua.sergienko.model.TagVerticle - failed to retrieve popular tags
2023-06-21 15:07:40.499 [vert.x-eventloop-thread-3] ERROR io.vertx.ext.web.RoutingContext - Unhandled exception in router
io.vertx.core.eventbus.ReplyException: (conn=2566) You have an error in your SQL syntax; check the manual that corresponds to your MariaDB server version for the right syntax to use near ''9'' at line 9
	at io.vertx.core.eventbus.Message.fail(Message.java:141)
	at ua.sergienko.model.TagVerticle.lambda$6(TagVerticle.java:40)
	at io.vertx.core.impl.future.FutureImpl$2.onFailure(FutureImpl.java:117)
	at io.vertx.core.impl.future.FutureImpl$ListenerArray.onFailure(FutureImpl.java:268)
	at io.vertx.core.impl.future.FutureBase.emitFailure(FutureBase.java:75)
	at io.vertx.core.impl.future.FutureImpl.tryFail(FutureImpl.java:230)
	at io.vertx.core.impl.future.Mapping.onFailure(Mapping.java:45)
	at io.vertx.core.impl.future.FutureBase.emitFailure(FutureBase.java:75)
	at io.vertx.core.impl.future.FutureImpl.tryFail(FutureImpl.java:230)
	at io.vertx.core.impl.future.Composition$1.onFailure(Composition.java:66)
	at io.vertx.core.impl.future.FutureImpl$ListenerArray.onFailure(FutureImpl.java:268)
	at io.vertx.core.impl.future.FutureBase.emitFailure(FutureBase.java:75)
	at io.vertx.core.impl.future.FutureImpl.tryFail(FutureImpl.java:230)
	at io.vertx.core.impl.future.PromiseImpl.tryFail(PromiseImpl.java:23)
	at io.vertx.sqlclient.impl.QueryResultBuilder.tryFail(QueryResultBuilder.java:94)
	at io.vertx.core.Promise.fail(Promise.java:89)
	at io.vertx.core.Promise.handle(Promise.java:53)
	at io.vertx.core.Promise.handle(Promise.java:29)
	at io.vertx.core.impl.future.FutureImpl$3.onFailure(FutureImpl.java:153)
	at io.vertx.core.impl.future.FutureBase.emitFailure(FutureBase.java:75)
	at io.vertx.core.impl.future.FutureImpl.tryFail(FutureImpl.java:230)
	at io.vertx.core.impl.future.Mapping.onFailure(Mapping.java:45)
	at io.vertx.core.impl.future.FutureBase.lambda$emitFailure$1(FutureBase.java:69)
	at io.netty.util.concurrent.AbstractEventExecutor.runTask(AbstractEventExecutor.java:174)
	at io.netty.util.concurrent.AbstractEventExecutor.safeExecute(AbstractEventExecutor.java:167)
	at io.netty.util.concurrent.SingleThreadEventExecutor.runAllTasks(SingleThreadEventExecutor.java:470)
	at io.netty.channel.nio.NioEventLoop.run(NioEventLoop.java:569)
	at io.netty.util.concurrent.SingleThreadEventExecutor$4.run(SingleThreadEventExecutor.java:997)
	at io.netty.util.internal.ThreadExecutorMap$2.run(ThreadExecutorMap.java:74)
	at io.netty.util.concurrent.FastThreadLocalRunnable.run(FastThreadLocalRunnable.java:30)
	at java.base/java.lang.Thread.run(Thread.java:1589)
2023-06-21 15:09:19.201 [main] INFO  com.zaxxer.hikari.HikariDataSource - HikariPool-1 - Starting...
2023-06-21 15:09:19.324 [main] INFO  com.zaxxer.hikari.pool.HikariPool - HikariPool-1 - Added connection org.mariadb.jdbc.MariaDbConnection@5ddf0d24
2023-06-21 15:09:19.328 [main] INFO  com.zaxxer.hikari.HikariDataSource - HikariPool-1 - Start completed.
2023-06-21 15:09:19.870 [vert.x-eventloop-thread-2] INFO  ua.sergienko.verticle.JdbcVerticle - Table 'articles' is present in the database
2023-06-21 15:09:19.873 [vert.x-eventloop-thread-2] INFO  ua.sergienko.verticle.JdbcVerticle - Table 'tags' is present in the database
2023-06-21 15:09:19.875 [vert.x-eventloop-thread-2] INFO  ua.sergienko.verticle.JdbcVerticle - Table 'article_tag' is present in the database
2023-06-21 15:09:19.904 [vert.x-eventloop-thread-3] INFO  ua.sergienko.verticle.RestVerticle - Rest server successfully started on port 8393
2023-06-21 15:19:23.039 [vert.x-eventloop-thread-0] WARN  ua.sergienko.model.ArticleVerticle - Unable to find the article using the id: 59
2023-06-21 15:19:23.047 [vert.x-eventloop-thread-3] ERROR io.vertx.ext.web.RoutingContext - Unhandled exception in router
io.vertx.core.eventbus.ReplyException: Index 0 out of bounds for length 0
	at io.vertx.core.eventbus.Message.fail(Message.java:141)
	at ua.sergienko.model.ArticleVerticle.lambda$12(ArticleVerticle.java:37)
	at io.vertx.core.impl.future.FutureImpl$2.onFailure(FutureImpl.java:117)
	at io.vertx.core.impl.future.FutureImpl$ListenerArray.onFailure(FutureImpl.java:268)
	at io.vertx.core.impl.future.FutureBase.emitFailure(FutureBase.java:75)
	at io.vertx.core.impl.future.FutureImpl.tryFail(FutureImpl.java:230)
	at io.vertx.core.impl.future.Mapping.onSuccess(Mapping.java:37)
	at io.vertx.core.impl.future.FutureBase.emitSuccess(FutureBase.java:60)
	at io.vertx.core.impl.future.FutureImpl.tryComplete(FutureImpl.java:211)
	at io.vertx.core.impl.future.Mapping.onSuccess(Mapping.java:40)
	at io.vertx.core.impl.future.FutureBase.emitSuccess(FutureBase.java:60)
	at io.vertx.core.impl.future.FutureImpl.tryComplete(FutureImpl.java:211)
	at io.vertx.core.impl.future.Composition$1.onSuccess(Composition.java:62)
	at io.vertx.core.impl.future.FutureImpl$ListenerArray.onSuccess(FutureImpl.java:262)
	at io.vertx.core.impl.future.FutureBase.emitSuccess(FutureBase.java:60)
	at io.vertx.core.impl.future.FutureImpl.tryComplete(FutureImpl.java:211)
	at io.vertx.core.impl.future.PromiseImpl.tryComplete(PromiseImpl.java:23)
	at io.vertx.sqlclient.impl.QueryResultBuilder.tryComplete(QueryResultBuilder.java:88)
	at io.vertx.sqlclient.impl.QueryResultBuilder.tryComplete(QueryResultBuilder.java:32)
	at io.vertx.core.Promise.complete(Promise.java:66)
	at io.vertx.core.Promise.handle(Promise.java:51)
	at io.vertx.core.Promise.handle(Promise.java:29)
	at io.vertx.core.impl.future.FutureImpl$3.onSuccess(FutureImpl.java:141)
	at io.vertx.core.impl.future.FutureBase.emitSuccess(FutureBase.java:60)
	at io.vertx.core.impl.future.FutureImpl.tryComplete(FutureImpl.java:211)
	at io.vertx.core.impl.future.Mapping.onSuccess(Mapping.java:40)
	at io.vertx.core.impl.future.FutureBase.lambda$emitSuccess$0(FutureBase.java:54)
	at io.netty.util.concurrent.AbstractEventExecutor.runTask(AbstractEventExecutor.java:174)
	at io.netty.util.concurrent.AbstractEventExecutor.safeExecute(AbstractEventExecutor.java:167)
	at io.netty.util.concurrent.SingleThreadEventExecutor.runAllTasks(SingleThreadEventExecutor.java:470)
	at io.netty.channel.nio.NioEventLoop.run(NioEventLoop.java:569)
	at io.netty.util.concurrent.SingleThreadEventExecutor$4.run(SingleThreadEventExecutor.java:997)
	at io.netty.util.internal.ThreadExecutorMap$2.run(ThreadExecutorMap.java:74)
	at io.netty.util.concurrent.FastThreadLocalRunnable.run(FastThreadLocalRunnable.java:30)
	at java.base/java.lang.Thread.run(Thread.java:1589)
