2023-06-06 04:35:53.953 [main] INFO  com.zaxxer.hikari.HikariDataSource - HikariPool-1 - Starting...
2023-06-06 04:35:54.055 [main] INFO  com.zaxxer.hikari.pool.HikariPool - HikariPool-1 - Added connection org.mariadb.jdbc.MariaDbConnection@3c989952
2023-06-06 04:35:54.058 [main] INFO  com.zaxxer.hikari.HikariDataSource - HikariPool-1 - Start completed.
2023-06-06 04:35:54.283 [vert.x-eventloop-thread-0] INFO  u.s.back.verticle.RestVerticle - Rest server successfully started on port 8393
2023-06-06 04:37:19.257 [main] INFO  com.zaxxer.hikari.HikariDataSource - HikariPool-1 - Starting...
2023-06-06 04:37:19.347 [main] INFO  com.zaxxer.hikari.pool.HikariPool - HikariPool-1 - Added connection org.mariadb.jdbc.MariaDbConnection@3c989952
2023-06-06 04:37:19.350 [main] INFO  com.zaxxer.hikari.HikariDataSource - HikariPool-1 - Start completed.
2023-06-06 04:37:19.432 [vert.x-eventloop-thread-0] INFO  u.s.back.verticle.RestVerticle - NULL
2023-06-06 04:37:19.595 [vert.x-eventloop-thread-0] INFO  u.s.back.verticle.RestVerticle - Rest server successfully started on port 8393
2023-06-06 04:47:53.267 [main] INFO  com.zaxxer.hikari.HikariDataSource - HikariPool-1 - Starting...
2023-06-06 04:47:53.362 [main] INFO  com.zaxxer.hikari.pool.HikariPool - HikariPool-1 - Added connection org.mariadb.jdbc.MariaDbConnection@3c989952
2023-06-06 04:47:53.367 [main] INFO  com.zaxxer.hikari.HikariDataSource - HikariPool-1 - Start completed.
2023-06-06 04:47:53.993 [vert.x-eventloop-thread-0] INFO  u.s.back.verticle.RestVerticle - Rest server successfully started on port 8393
2023-06-06 04:47:54.615 [vert.x-eventloop-thread-0] WARN  u.s.back.verticle.RestVerticle - io.vertx.core.impl.NoStackTraceThrowable: invalid_token: Either access_token, id_token, or token_handle required
2023-06-06 04:49:42.605 [main] INFO  com.zaxxer.hikari.HikariDataSource - HikariPool-1 - Starting...
2023-06-06 04:49:42.701 [main] INFO  com.zaxxer.hikari.pool.HikariPool - HikariPool-1 - Added connection org.mariadb.jdbc.MariaDbConnection@3c989952
2023-06-06 04:49:42.704 [main] INFO  com.zaxxer.hikari.HikariDataSource - HikariPool-1 - Start completed.
2023-06-06 04:49:43.260 [vert.x-eventloop-thread-0] INFO  u.s.back.verticle.RestVerticle - Rest server successfully started on port 8393
2023-06-06 04:49:43.927 [vert.x-eventloop-thread-0] WARN  u.s.back.verticle.RestVerticle - io.vertx.core.impl.NoStackTraceThrowable: invalid_token: Either access_token, id_token, or token_handle required
2023-06-06 04:50:59.495 [main] INFO  com.zaxxer.hikari.HikariDataSource - HikariPool-1 - Starting...
2023-06-06 04:50:59.587 [main] INFO  com.zaxxer.hikari.pool.HikariPool - HikariPool-1 - Added connection org.mariadb.jdbc.MariaDbConnection@784b990c
2023-06-06 04:50:59.590 [main] INFO  com.zaxxer.hikari.HikariDataSource - HikariPool-1 - Start completed.
2023-06-06 04:51:00.122 [vert.x-eventloop-thread-0] INFO  u.s.back.verticle.RestVerticle - Rest server successfully started on port 8393
2023-06-06 04:51:00.735 [vert.x-eventloop-thread-0] WARN  u.s.back.verticle.RestVerticle - io.vertx.core.impl.NoStackTraceThrowable: invalid_token: Either access_token, id_token, or token_handle required
2023-06-06 04:55:25.286 [main] INFO  com.zaxxer.hikari.HikariDataSource - HikariPool-1 - Starting...
2023-06-06 04:55:25.379 [main] INFO  com.zaxxer.hikari.pool.HikariPool - HikariPool-1 - Added connection org.mariadb.jdbc.MariaDbConnection@3c989952
2023-06-06 04:55:25.383 [main] INFO  com.zaxxer.hikari.HikariDataSource - HikariPool-1 - Start completed.
2023-06-06 04:55:25.902 [vert.x-eventloop-thread-0] INFO  u.s.back.verticle.RestVerticle - Rest server successfully started on port 8393
2023-06-06 04:55:26.523 [vert.x-eventloop-thread-0] WARN  u.s.back.verticle.RestVerticle - io.vertx.core.impl.NoStackTraceThrowable: invalid_token: Either access_token, id_token, or token_handle required
2023-06-06 05:02:18.993 [main] INFO  com.zaxxer.hikari.HikariDataSource - HikariPool-1 - Starting...
2023-06-06 05:02:19.125 [main] INFO  com.zaxxer.hikari.pool.HikariPool - HikariPool-1 - Added connection org.mariadb.jdbc.MariaDbConnection@784b990c
2023-06-06 05:02:19.129 [main] INFO  com.zaxxer.hikari.HikariDataSource - HikariPool-1 - Start completed.
2023-06-06 05:02:19.702 [vert.x-eventloop-thread-0] INFO  u.s.back.verticle.RestVerticle - Rest server successfully started on port 8393
2023-06-06 05:05:13.805 [main] INFO  com.zaxxer.hikari.HikariDataSource - HikariPool-1 - Starting...
2023-06-06 05:05:13.906 [main] INFO  com.zaxxer.hikari.pool.HikariPool - HikariPool-1 - Added connection org.mariadb.jdbc.MariaDbConnection@3c989952
2023-06-06 05:05:13.909 [main] INFO  com.zaxxer.hikari.HikariDataSource - HikariPool-1 - Start completed.
2023-06-06 05:05:14.472 [vert.x-eventloop-thread-0] INFO  u.s.back.verticle.RestVerticle - Rest server successfully started on port 8393
2023-06-06 05:05:15.353 [vert.x-eventloop-thread-0] WARN  u.s.back.verticle.RestVerticle - io.vertx.core.impl.NoStackTraceThrowable: Can't authenticate access_token: Provider doesn't support token introspection
2023-06-06 05:07:50.412 [main] INFO  com.zaxxer.hikari.HikariDataSource - HikariPool-1 - Starting...
2023-06-06 05:07:50.509 [main] INFO  com.zaxxer.hikari.pool.HikariPool - HikariPool-1 - Added connection org.mariadb.jdbc.MariaDbConnection@784b990c
2023-06-06 05:07:50.512 [main] INFO  com.zaxxer.hikari.HikariDataSource - HikariPool-1 - Start completed.
2023-06-06 05:07:51.027 [vert.x-eventloop-thread-0] INFO  u.s.back.verticle.RestVerticle - Rest server successfully started on port 8393
2023-06-06 05:07:51.830 [vert.x-eventloop-thread-0] ERROR io.vertx.core.impl.ContextBase - Unhandled exception
java.lang.IllegalArgumentException: Illegal base64 character 20
	at java.base/java.util.Base64$Decoder.decode0(Base64.java:848)
	at java.base/java.util.Base64$Decoder.decode(Base64.java:566)
	at java.base/java.util.Base64$Decoder.decode(Base64.java:589)
	at io.vertx.ext.auth.impl.Codec.base64UrlDecode(Codec.java:191)
	at io.vertx.ext.auth.impl.jose.JWT.decode(JWT.java:203)
	at io.vertx.ext.auth.impl.jose.JWT.decode(JWT.java:177)
	at io.vertx.ext.auth.oauth2.impl.OAuth2AuthProviderImpl.createUser(OAuth2AuthProviderImpl.java:579)
	at io.vertx.ext.auth.oauth2.impl.OAuth2AuthProviderImpl.authenticate(OAuth2AuthProviderImpl.java:316)
	at ua.sergienko.back.verticle.RestVerticle.lambda$0(RestVerticle.java:30)
	at io.vertx.core.impl.future.FutureImpl$1.onSuccess(FutureImpl.java:91)
	at io.vertx.core.impl.future.FutureImpl$ListenerArray.onSuccess(FutureImpl.java:262)
	at io.vertx.core.impl.future.FutureBase.emitSuccess(FutureBase.java:60)
	at io.vertx.core.impl.future.FutureImpl.tryComplete(FutureImpl.java:211)
	at io.vertx.core.impl.future.Composition$1.onSuccess(Composition.java:62)
	at io.vertx.core.impl.future.FutureBase.emitSuccess(FutureBase.java:60)
	at io.vertx.core.impl.future.FutureImpl.tryComplete(FutureImpl.java:211)
	at io.vertx.core.impl.future.FixedMapping.onSuccess(FixedMapping.java:31)
	at io.vertx.core.impl.future.FutureBase.emitSuccess(FutureBase.java:60)
	at io.vertx.core.impl.future.FutureImpl.tryComplete(FutureImpl.java:211)
	at io.vertx.core.impl.future.Composition$1.onSuccess(Composition.java:62)
	at io.vertx.core.impl.future.FutureBase.emitSuccess(FutureBase.java:60)
	at io.vertx.core.impl.future.SucceededFuture.addListener(SucceededFuture.java:88)
	at io.vertx.core.impl.future.Composition.onSuccess(Composition.java:43)
	at io.vertx.core.impl.future.FutureBase.emitSuccess(FutureBase.java:60)
	at io.vertx.core.impl.future.FutureImpl.tryComplete(FutureImpl.java:211)
	at io.vertx.core.impl.future.Composition$1.onSuccess(Composition.java:62)
	at io.vertx.core.impl.future.FutureBase.emitSuccess(FutureBase.java:60)
	at io.vertx.core.impl.future.SucceededFuture.addListener(SucceededFuture.java:88)
	at io.vertx.core.impl.future.Composition.onSuccess(Composition.java:43)
	at io.vertx.core.impl.future.FutureBase.emitSuccess(FutureBase.java:60)
	at io.vertx.core.impl.future.FutureImpl.tryComplete(FutureImpl.java:211)
	at io.vertx.core.impl.future.Composition$1.onSuccess(Composition.java:62)
	at io.vertx.core.impl.future.FutureBase.emitSuccess(FutureBase.java:60)
	at io.vertx.core.impl.future.FutureImpl.tryComplete(FutureImpl.java:211)
	at io.vertx.core.impl.future.Composition$1.onSuccess(Composition.java:62)
	at io.vertx.core.impl.future.FutureBase.emitSuccess(FutureBase.java:60)
	at io.vertx.core.impl.future.FutureImpl.tryComplete(FutureImpl.java:211)
	at io.vertx.core.impl.future.Composition$1.onSuccess(Composition.java:62)
	at io.vertx.core.impl.future.FutureBase.emitSuccess(FutureBase.java:60)
	at io.vertx.core.impl.future.SucceededFuture.addListener(SucceededFuture.java:88)
	at io.vertx.core.impl.future.Composition.onSuccess(Composition.java:43)
	at io.vertx.core.impl.future.FutureBase.lambda$emitSuccess$0(FutureBase.java:54)
	at io.vertx.core.impl.EventLoopContext.execute(EventLoopContext.java:86)
	at io.vertx.core.impl.ContextBase.execute(ContextBase.java:225)
	at io.vertx.core.impl.future.FutureBase.emitSuccess(FutureBase.java:51)
	at io.vertx.core.impl.future.FutureImpl.tryComplete(FutureImpl.java:211)
	at io.vertx.core.impl.future.PromiseImpl.tryComplete(PromiseImpl.java:23)
	at io.vertx.core.http.impl.HttpEventHandler.handleEnd(HttpEventHandler.java:79)
	at io.vertx.core.http.impl.HttpClientResponseImpl.handleEnd(HttpClientResponseImpl.java:250)
	at io.vertx.core.http.impl.Http1xClientConnection$StreamImpl.lambda$new$0(Http1xClientConnection.java:444)
	at io.vertx.core.streams.impl.InboundBuffer.handleEvent(InboundBuffer.java:255)
	at io.vertx.core.streams.impl.InboundBuffer.write(InboundBuffer.java:134)
	at io.vertx.core.http.impl.Http1xClientConnection$StreamImpl.handleEnd(Http1xClientConnection.java:708)
	at io.vertx.core.impl.EventLoopContext.execute(EventLoopContext.java:76)
	at io.vertx.core.impl.ContextBase.execute(ContextBase.java:232)
	at io.vertx.core.http.impl.Http1xClientConnection.handleResponseEnd(Http1xClientConnection.java:945)
	at io.vertx.core.http.impl.Http1xClientConnection.handleHttpMessage(Http1xClientConnection.java:814)
	at io.vertx.core.http.impl.Http1xClientConnection.handleMessage(Http1xClientConnection.java:778)
	at io.vertx.core.net.impl.ConnectionBase.read(ConnectionBase.java:158)
	at io.vertx.core.net.impl.VertxHandler.channelRead(VertxHandler.java:153)
	at io.netty.channel.AbstractChannelHandlerContext.invokeChannelRead(AbstractChannelHandlerContext.java:442)
	at io.netty.channel.AbstractChannelHandlerContext.invokeChannelRead(AbstractChannelHandlerContext.java:420)
	at io.netty.channel.AbstractChannelHandlerContext.fireChannelRead(AbstractChannelHandlerContext.java:412)
	at io.netty.channel.CombinedChannelDuplexHandler$DelegatingChannelHandlerContext.fireChannelRead(CombinedChannelDuplexHandler.java:436)
	at io.netty.handler.codec.ByteToMessageDecoder.fireChannelRead(ByteToMessageDecoder.java:346)
	at io.netty.handler.codec.ByteToMessageDecoder.channelRead(ByteToMessageDecoder.java:318)
	at io.netty.channel.CombinedChannelDuplexHandler.channelRead(CombinedChannelDuplexHandler.java:251)
	at io.netty.channel.AbstractChannelHandlerContext.invokeChannelRead(AbstractChannelHandlerContext.java:442)
	at io.netty.channel.AbstractChannelHandlerContext.invokeChannelRead(AbstractChannelHandlerContext.java:420)
	at io.netty.channel.AbstractChannelHandlerContext.fireChannelRead(AbstractChannelHandlerContext.java:412)
	at io.netty.handler.ssl.SslHandler.unwrap(SslHandler.java:1383)
	at io.netty.handler.ssl.SslHandler.decodeJdkCompatible(SslHandler.java:1246)
	at io.netty.handler.ssl.SslHandler.decode(SslHandler.java:1295)
	at io.netty.handler.codec.ByteToMessageDecoder.decodeRemovalReentryProtection(ByteToMessageDecoder.java:529)
	at io.netty.handler.codec.ByteToMessageDecoder.callDecode(ByteToMessageDecoder.java:468)
	at io.netty.handler.codec.ByteToMessageDecoder.channelRead(ByteToMessageDecoder.java:290)
	at io.netty.channel.AbstractChannelHandlerContext.invokeChannelRead(AbstractChannelHandlerContext.java:444)
	at io.netty.channel.AbstractChannelHandlerContext.invokeChannelRead(AbstractChannelHandlerContext.java:420)
	at io.netty.channel.AbstractChannelHandlerContext.fireChannelRead(AbstractChannelHandlerContext.java:412)
	at io.netty.channel.DefaultChannelPipeline$HeadContext.channelRead(DefaultChannelPipeline.java:1410)
	at io.netty.channel.AbstractChannelHandlerContext.invokeChannelRead(AbstractChannelHandlerContext.java:440)
	at io.netty.channel.AbstractChannelHandlerContext.invokeChannelRead(AbstractChannelHandlerContext.java:420)
	at io.netty.channel.DefaultChannelPipeline.fireChannelRead(DefaultChannelPipeline.java:919)
	at io.netty.channel.nio.AbstractNioByteChannel$NioByteUnsafe.read(AbstractNioByteChannel.java:166)
	at io.netty.channel.nio.NioEventLoop.processSelectedKey(NioEventLoop.java:788)
	at io.netty.channel.nio.NioEventLoop.processSelectedKeysOptimized(NioEventLoop.java:724)
	at io.netty.channel.nio.NioEventLoop.processSelectedKeys(NioEventLoop.java:650)
	at io.netty.channel.nio.NioEventLoop.run(NioEventLoop.java:562)
	at io.netty.util.concurrent.SingleThreadEventExecutor$4.run(SingleThreadEventExecutor.java:997)
	at io.netty.util.internal.ThreadExecutorMap$2.run(ThreadExecutorMap.java:74)
	at io.netty.util.concurrent.FastThreadLocalRunnable.run(FastThreadLocalRunnable.java:30)
	at java.base/java.lang.Thread.run(Thread.java:1589)
2023-06-06 05:08:43.814 [main] INFO  com.zaxxer.hikari.HikariDataSource - HikariPool-1 - Starting...
2023-06-06 05:08:43.909 [main] INFO  com.zaxxer.hikari.pool.HikariPool - HikariPool-1 - Added connection org.mariadb.jdbc.MariaDbConnection@784b990c
2023-06-06 05:08:43.913 [main] INFO  com.zaxxer.hikari.HikariDataSource - HikariPool-1 - Start completed.
2023-06-06 05:08:44.507 [vert.x-eventloop-thread-0] INFO  u.s.back.verticle.RestVerticle - Rest server successfully started on port 8393
2023-06-06 05:08:45.316 [vert.x-eventloop-thread-0] ERROR io.vertx.core.impl.ContextBase - Unhandled exception
java.lang.IllegalArgumentException: Illegal base64 character 20
	at java.base/java.util.Base64$Decoder.decode0(Base64.java:848)
	at java.base/java.util.Base64$Decoder.decode(Base64.java:566)
	at java.base/java.util.Base64$Decoder.decode(Base64.java:589)
	at io.vertx.ext.auth.impl.Codec.base64UrlDecode(Codec.java:191)
	at io.vertx.ext.auth.impl.jose.JWT.decode(JWT.java:203)
	at io.vertx.ext.auth.impl.jose.JWT.decode(JWT.java:177)
	at io.vertx.ext.auth.oauth2.impl.OAuth2AuthProviderImpl.createUser(OAuth2AuthProviderImpl.java:579)
	at io.vertx.ext.auth.oauth2.impl.OAuth2AuthProviderImpl.authenticate(OAuth2AuthProviderImpl.java:316)
	at ua.sergienko.back.verticle.RestVerticle.lambda$0(RestVerticle.java:30)
	at io.vertx.core.impl.future.FutureImpl$1.onSuccess(FutureImpl.java:91)
	at io.vertx.core.impl.future.FutureImpl$ListenerArray.onSuccess(FutureImpl.java:262)
	at io.vertx.core.impl.future.FutureBase.emitSuccess(FutureBase.java:60)
	at io.vertx.core.impl.future.FutureImpl.tryComplete(FutureImpl.java:211)
	at io.vertx.core.impl.future.Composition$1.onSuccess(Composition.java:62)
	at io.vertx.core.impl.future.FutureBase.emitSuccess(FutureBase.java:60)
	at io.vertx.core.impl.future.FutureImpl.tryComplete(FutureImpl.java:211)
	at io.vertx.core.impl.future.FixedMapping.onSuccess(FixedMapping.java:31)
	at io.vertx.core.impl.future.FutureBase.emitSuccess(FutureBase.java:60)
	at io.vertx.core.impl.future.FutureImpl.tryComplete(FutureImpl.java:211)
	at io.vertx.core.impl.future.Composition$1.onSuccess(Composition.java:62)
	at io.vertx.core.impl.future.FutureBase.emitSuccess(FutureBase.java:60)
	at io.vertx.core.impl.future.SucceededFuture.addListener(SucceededFuture.java:88)
	at io.vertx.core.impl.future.Composition.onSuccess(Composition.java:43)
	at io.vertx.core.impl.future.FutureBase.emitSuccess(FutureBase.java:60)
	at io.vertx.core.impl.future.FutureImpl.tryComplete(FutureImpl.java:211)
	at io.vertx.core.impl.future.Composition$1.onSuccess(Composition.java:62)
	at io.vertx.core.impl.future.FutureBase.emitSuccess(FutureBase.java:60)
	at io.vertx.core.impl.future.SucceededFuture.addListener(SucceededFuture.java:88)
	at io.vertx.core.impl.future.Composition.onSuccess(Composition.java:43)
	at io.vertx.core.impl.future.FutureBase.emitSuccess(FutureBase.java:60)
	at io.vertx.core.impl.future.FutureImpl.tryComplete(FutureImpl.java:211)
	at io.vertx.core.impl.future.Composition$1.onSuccess(Composition.java:62)
	at io.vertx.core.impl.future.FutureBase.emitSuccess(FutureBase.java:60)
	at io.vertx.core.impl.future.FutureImpl.tryComplete(FutureImpl.java:211)
	at io.vertx.core.impl.future.Composition$1.onSuccess(Composition.java:62)
	at io.vertx.core.impl.future.FutureBase.emitSuccess(FutureBase.java:60)
	at io.vertx.core.impl.future.FutureImpl.tryComplete(FutureImpl.java:211)
	at io.vertx.core.impl.future.Composition$1.onSuccess(Composition.java:62)
	at io.vertx.core.impl.future.FutureBase.emitSuccess(FutureBase.java:60)
	at io.vertx.core.impl.future.SucceededFuture.addListener(SucceededFuture.java:88)
	at io.vertx.core.impl.future.Composition.onSuccess(Composition.java:43)
	at io.vertx.core.impl.future.FutureBase.lambda$emitSuccess$0(FutureBase.java:54)
	at io.vertx.core.impl.EventLoopContext.execute(EventLoopContext.java:86)
	at io.vertx.core.impl.ContextBase.execute(ContextBase.java:225)
	at io.vertx.core.impl.future.FutureBase.emitSuccess(FutureBase.java:51)
	at io.vertx.core.impl.future.FutureImpl.tryComplete(FutureImpl.java:211)
	at io.vertx.core.impl.future.PromiseImpl.tryComplete(PromiseImpl.java:23)
	at io.vertx.core.http.impl.HttpEventHandler.handleEnd(HttpEventHandler.java:79)
	at io.vertx.core.http.impl.HttpClientResponseImpl.handleEnd(HttpClientResponseImpl.java:250)
	at io.vertx.core.http.impl.Http1xClientConnection$StreamImpl.lambda$new$0(Http1xClientConnection.java:444)
	at io.vertx.core.streams.impl.InboundBuffer.handleEvent(InboundBuffer.java:255)
	at io.vertx.core.streams.impl.InboundBuffer.write(InboundBuffer.java:134)
	at io.vertx.core.http.impl.Http1xClientConnection$StreamImpl.handleEnd(Http1xClientConnection.java:708)
	at io.vertx.core.impl.EventLoopContext.execute(EventLoopContext.java:76)
	at io.vertx.core.impl.ContextBase.execute(ContextBase.java:232)
	at io.vertx.core.http.impl.Http1xClientConnection.handleResponseEnd(Http1xClientConnection.java:945)
	at io.vertx.core.http.impl.Http1xClientConnection.handleHttpMessage(Http1xClientConnection.java:814)
	at io.vertx.core.http.impl.Http1xClientConnection.handleMessage(Http1xClientConnection.java:778)
	at io.vertx.core.net.impl.ConnectionBase.read(ConnectionBase.java:158)
	at io.vertx.core.net.impl.VertxHandler.channelRead(VertxHandler.java:153)
	at io.netty.channel.AbstractChannelHandlerContext.invokeChannelRead(AbstractChannelHandlerContext.java:442)
	at io.netty.channel.AbstractChannelHandlerContext.invokeChannelRead(AbstractChannelHandlerContext.java:420)
	at io.netty.channel.AbstractChannelHandlerContext.fireChannelRead(AbstractChannelHandlerContext.java:412)
	at io.netty.channel.CombinedChannelDuplexHandler$DelegatingChannelHandlerContext.fireChannelRead(CombinedChannelDuplexHandler.java:436)
	at io.netty.handler.codec.ByteToMessageDecoder.fireChannelRead(ByteToMessageDecoder.java:346)
	at io.netty.handler.codec.ByteToMessageDecoder.channelRead(ByteToMessageDecoder.java:318)
	at io.netty.channel.CombinedChannelDuplexHandler.channelRead(CombinedChannelDuplexHandler.java:251)
	at io.netty.channel.AbstractChannelHandlerContext.invokeChannelRead(AbstractChannelHandlerContext.java:442)
	at io.netty.channel.AbstractChannelHandlerContext.invokeChannelRead(AbstractChannelHandlerContext.java:420)
	at io.netty.channel.AbstractChannelHandlerContext.fireChannelRead(AbstractChannelHandlerContext.java:412)
	at io.netty.handler.ssl.SslHandler.unwrap(SslHandler.java:1383)
	at io.netty.handler.ssl.SslHandler.decodeJdkCompatible(SslHandler.java:1246)
	at io.netty.handler.ssl.SslHandler.decode(SslHandler.java:1295)
	at io.netty.handler.codec.ByteToMessageDecoder.decodeRemovalReentryProtection(ByteToMessageDecoder.java:529)
	at io.netty.handler.codec.ByteToMessageDecoder.callDecode(ByteToMessageDecoder.java:468)
	at io.netty.handler.codec.ByteToMessageDecoder.channelRead(ByteToMessageDecoder.java:290)
	at io.netty.channel.AbstractChannelHandlerContext.invokeChannelRead(AbstractChannelHandlerContext.java:444)
	at io.netty.channel.AbstractChannelHandlerContext.invokeChannelRead(AbstractChannelHandlerContext.java:420)
	at io.netty.channel.AbstractChannelHandlerContext.fireChannelRead(AbstractChannelHandlerContext.java:412)
	at io.netty.channel.DefaultChannelPipeline$HeadContext.channelRead(DefaultChannelPipeline.java:1410)
	at io.netty.channel.AbstractChannelHandlerContext.invokeChannelRead(AbstractChannelHandlerContext.java:440)
	at io.netty.channel.AbstractChannelHandlerContext.invokeChannelRead(AbstractChannelHandlerContext.java:420)
	at io.netty.channel.DefaultChannelPipeline.fireChannelRead(DefaultChannelPipeline.java:919)
	at io.netty.channel.nio.AbstractNioByteChannel$NioByteUnsafe.read(AbstractNioByteChannel.java:166)
	at io.netty.channel.nio.NioEventLoop.processSelectedKey(NioEventLoop.java:788)
	at io.netty.channel.nio.NioEventLoop.processSelectedKeysOptimized(NioEventLoop.java:724)
	at io.netty.channel.nio.NioEventLoop.processSelectedKeys(NioEventLoop.java:650)
	at io.netty.channel.nio.NioEventLoop.run(NioEventLoop.java:562)
	at io.netty.util.concurrent.SingleThreadEventExecutor$4.run(SingleThreadEventExecutor.java:997)
	at io.netty.util.internal.ThreadExecutorMap$2.run(ThreadExecutorMap.java:74)
	at io.netty.util.concurrent.FastThreadLocalRunnable.run(FastThreadLocalRunnable.java:30)
	at java.base/java.lang.Thread.run(Thread.java:1589)
2023-06-06 05:09:08.247 [main] INFO  com.zaxxer.hikari.HikariDataSource - HikariPool-1 - Starting...
2023-06-06 05:09:08.341 [main] INFO  com.zaxxer.hikari.pool.HikariPool - HikariPool-1 - Added connection org.mariadb.jdbc.MariaDbConnection@3c989952
2023-06-06 05:09:08.344 [main] INFO  com.zaxxer.hikari.HikariDataSource - HikariPool-1 - Start completed.
2023-06-06 05:09:08.904 [vert.x-eventloop-thread-0] INFO  u.s.back.verticle.RestVerticle - Rest server successfully started on port 8393
2023-06-06 05:09:09.703 [vert.x-eventloop-thread-0] WARN  u.s.back.verticle.RestVerticle - io.vertx.core.impl.NoStackTraceThrowable: Can't authenticate access_token: Provider doesn't support token introspection
2023-06-06 05:20:19.277 [main] INFO  com.zaxxer.hikari.HikariDataSource - HikariPool-1 - Starting...
2023-06-06 05:20:19.379 [main] INFO  com.zaxxer.hikari.pool.HikariPool - HikariPool-1 - Added connection org.mariadb.jdbc.MariaDbConnection@3c989952
2023-06-06 05:20:19.383 [main] INFO  com.zaxxer.hikari.HikariDataSource - HikariPool-1 - Start completed.
2023-06-06 05:20:19.929 [vert.x-eventloop-thread-0] INFO  u.s.back.verticle.RestVerticle - Rest server successfully started on port 8393
2023-06-06 05:20:20.557 [vert.x-eventloop-thread-0] WARN  u.s.back.verticle.RestVerticle - io.vertx.core.impl.NoStackTraceThrowable: invalid_token: Either access_token, id_token, or token_handle required
2023-06-06 05:27:00.721 [main] INFO  com.zaxxer.hikari.HikariDataSource - HikariPool-1 - Starting...
2023-06-06 05:27:00.821 [main] INFO  com.zaxxer.hikari.pool.HikariPool - HikariPool-1 - Added connection org.mariadb.jdbc.MariaDbConnection@3c989952
2023-06-06 05:27:00.825 [main] INFO  com.zaxxer.hikari.HikariDataSource - HikariPool-1 - Start completed.
2023-06-06 05:27:01.417 [vert.x-eventloop-thread-0] INFO  u.s.back.verticle.RestVerticle - Rest server successfully started on port 8393
2023-06-06 05:27:02.082 [vert.x-eventloop-thread-0] WARN  u.s.back.verticle.RestVerticle - io.vertx.core.impl.NoStackTraceThrowable: invalid_token: Either access_token, id_token, or token_handle required
2023-06-06 05:32:34.763 [main] INFO  com.zaxxer.hikari.HikariDataSource - HikariPool-1 - Starting...
2023-06-06 05:32:34.855 [main] INFO  com.zaxxer.hikari.pool.HikariPool - HikariPool-1 - Added connection org.mariadb.jdbc.MariaDbConnection@784b990c
2023-06-06 05:32:34.858 [main] INFO  com.zaxxer.hikari.HikariDataSource - HikariPool-1 - Start completed.
2023-06-06 05:32:35.417 [vert.x-eventloop-thread-0] INFO  u.s.back.verticle.RestVerticle - Rest server successfully started on port 8393
2023-06-06 05:32:36.034 [vert.x-eventloop-thread-0] WARN  u.s.back.verticle.RestVerticle - io.vertx.core.impl.NoStackTraceThrowable: invalid_token: Either access_token, id_token, or token_handle required
2023-06-06 05:33:28.435 [main] INFO  com.zaxxer.hikari.HikariDataSource - HikariPool-1 - Starting...
2023-06-06 05:33:28.533 [main] INFO  com.zaxxer.hikari.pool.HikariPool - HikariPool-1 - Added connection org.mariadb.jdbc.MariaDbConnection@3c989952
2023-06-06 05:33:28.535 [main] INFO  com.zaxxer.hikari.HikariDataSource - HikariPool-1 - Start completed.
2023-06-06 05:33:29.053 [vert.x-eventloop-thread-0] INFO  u.s.back.verticle.RestVerticle - Rest server successfully started on port 8393
2023-06-06 05:33:29.689 [vert.x-eventloop-thread-0] WARN  u.s.back.verticle.RestVerticle - io.vertx.core.impl.NoStackTraceThrowable: invalid_token: Either access_token, id_token, or token_handle required
2023-06-06 05:39:59.567 [main] INFO  com.zaxxer.hikari.HikariDataSource - HikariPool-1 - Starting...
2023-06-06 05:39:59.665 [main] INFO  com.zaxxer.hikari.pool.HikariPool - HikariPool-1 - Added connection org.mariadb.jdbc.MariaDbConnection@3c989952
2023-06-06 05:39:59.668 [main] INFO  com.zaxxer.hikari.HikariDataSource - HikariPool-1 - Start completed.
2023-06-06 05:40:00.221 [vert.x-eventloop-thread-0] INFO  u.s.back.verticle.RestVerticle - Rest server successfully started on port 8393
2023-06-06 05:40:00.868 [vert.x-eventloop-thread-0] WARN  u.s.back.verticle.RestVerticle - io.vertx.core.impl.NoStackTraceThrowable: unsupported_grant_type: Invalid grant_type: password
2023-06-06 05:40:29.762 [main] INFO  com.zaxxer.hikari.HikariDataSource - HikariPool-1 - Starting...
2023-06-06 05:40:29.865 [main] INFO  com.zaxxer.hikari.pool.HikariPool - HikariPool-1 - Added connection org.mariadb.jdbc.MariaDbConnection@3c989952
2023-06-06 05:40:29.867 [main] INFO  com.zaxxer.hikari.HikariDataSource - HikariPool-1 - Start completed.
2023-06-06 05:40:30.396 [vert.x-eventloop-thread-0] INFO  u.s.back.verticle.RestVerticle - Rest server successfully started on port 8393
2023-06-06 05:40:31.038 [vert.x-eventloop-thread-0] WARN  u.s.back.verticle.RestVerticle - io.vertx.core.impl.NoStackTraceThrowable: unsupported_grant_type: Invalid grant_type: password
2023-06-06 05:47:10.878 [main] INFO  com.zaxxer.hikari.HikariDataSource - HikariPool-1 - Starting...
2023-06-06 05:47:10.978 [main] INFO  com.zaxxer.hikari.pool.HikariPool - HikariPool-1 - Added connection org.mariadb.jdbc.MariaDbConnection@784b990c
2023-06-06 05:47:10.981 [main] INFO  com.zaxxer.hikari.HikariDataSource - HikariPool-1 - Start completed.
2023-06-06 05:47:11.593 [vert.x-eventloop-thread-0] ERROR u.s.back.verticle.RestVerticle - java.net.BindException: Address already in use: bind
2023-06-06 05:47:12.270 [vert.x-eventloop-thread-0] WARN  u.s.back.verticle.RestVerticle - io.vertx.core.impl.NoStackTraceThrowable: invalid_grant: Malformed auth code.
2023-06-06 05:48:12.630 [main] INFO  com.zaxxer.hikari.HikariDataSource - HikariPool-1 - Starting...
2023-06-06 05:48:12.724 [main] INFO  com.zaxxer.hikari.pool.HikariPool - HikariPool-1 - Added connection org.mariadb.jdbc.MariaDbConnection@784b990c
2023-06-06 05:48:12.727 [main] INFO  com.zaxxer.hikari.HikariDataSource - HikariPool-1 - Start completed.
2023-06-06 05:48:12.850 [vert.x-eventloop-thread-0] WARN  u.s.back.verticle.RestVerticle - io.vertx.ext.auth.authentication.CredentialValidationException: token cannot be null or empty
2023-06-06 05:48:12.999 [vert.x-eventloop-thread-0] ERROR u.s.back.verticle.RestVerticle - java.net.BindException: Address already in use: bind
2023-06-06 05:48:27.952 [main] INFO  com.zaxxer.hikari.HikariDataSource - HikariPool-1 - Starting...
2023-06-06 05:48:28.044 [main] INFO  com.zaxxer.hikari.pool.HikariPool - HikariPool-1 - Added connection org.mariadb.jdbc.MariaDbConnection@3c989952
2023-06-06 05:48:28.047 [main] INFO  com.zaxxer.hikari.HikariDataSource - HikariPool-1 - Start completed.
2023-06-06 05:48:28.167 [vert.x-eventloop-thread-0] WARN  u.s.back.verticle.RestVerticle - io.vertx.ext.auth.authentication.CredentialValidationException: token cannot be null or empty
2023-06-06 05:48:28.305 [vert.x-eventloop-thread-0] INFO  u.s.back.verticle.RestVerticle - Rest server successfully started on port 8393
2023-06-06 05:48:50.256 [main] INFO  com.zaxxer.hikari.HikariDataSource - HikariPool-1 - Starting...
2023-06-06 05:48:50.367 [main] INFO  com.zaxxer.hikari.pool.HikariPool - HikariPool-1 - Added connection org.mariadb.jdbc.MariaDbConnection@3c989952
2023-06-06 05:48:50.371 [main] INFO  com.zaxxer.hikari.HikariDataSource - HikariPool-1 - Start completed.
2023-06-06 05:48:50.961 [vert.x-eventloop-thread-0] INFO  u.s.back.verticle.RestVerticle - Rest server successfully started on port 8393
2023-06-06 05:48:51.597 [vert.x-eventloop-thread-0] WARN  u.s.back.verticle.RestVerticle - io.vertx.core.impl.NoStackTraceThrowable: invalid_token: Either access_token, id_token, or token_handle required
2023-06-06 05:53:53.899 [main] INFO  com.zaxxer.hikari.HikariDataSource - HikariPool-1 - Starting...
2023-06-06 05:53:53.995 [main] INFO  com.zaxxer.hikari.pool.HikariPool - HikariPool-1 - Added connection org.mariadb.jdbc.MariaDbConnection@784b990c
2023-06-06 05:53:53.998 [main] INFO  com.zaxxer.hikari.HikariDataSource - HikariPool-1 - Start completed.
2023-06-06 05:53:54.594 [vert.x-eventloop-thread-0] INFO  u.s.back.verticle.RestVerticle - Rest server successfully started on port 8393
2023-06-06 05:53:55.251 [vert.x-eventloop-thread-0] WARN  u.s.back.verticle.RestVerticle - io.vertx.core.impl.NoStackTraceThrowable: invalid_token: Either access_token, id_token, or token_handle required
2023-06-06 05:56:31.024 [main] INFO  com.zaxxer.hikari.HikariDataSource - HikariPool-1 - Starting...
2023-06-06 05:56:31.124 [main] INFO  com.zaxxer.hikari.pool.HikariPool - HikariPool-1 - Added connection org.mariadb.jdbc.MariaDbConnection@3c989952
2023-06-06 05:56:31.127 [main] INFO  com.zaxxer.hikari.HikariDataSource - HikariPool-1 - Start completed.
2023-06-06 05:56:31.654 [vert.x-eventloop-thread-0] INFO  u.s.back.verticle.RestVerticle - Rest server successfully started on port 8393
2023-06-06 05:56:32.319 [vert.x-eventloop-thread-0] WARN  u.s.back.verticle.RestVerticle - io.vertx.core.impl.NoStackTraceThrowable: invalid_request: Missing parameter: redirect_uri
2023-06-06 05:57:15.866 [main] INFO  com.zaxxer.hikari.HikariDataSource - HikariPool-1 - Starting...
2023-06-06 05:57:15.962 [main] INFO  com.zaxxer.hikari.pool.HikariPool - HikariPool-1 - Added connection org.mariadb.jdbc.MariaDbConnection@3c989952
2023-06-06 05:57:15.965 [main] INFO  com.zaxxer.hikari.HikariDataSource - HikariPool-1 - Start completed.
2023-06-06 05:57:16.485 [vert.x-eventloop-thread-0] INFO  u.s.back.verticle.RestVerticle - Rest server successfully started on port 8393
2023-06-06 05:57:17.169 [vert.x-eventloop-thread-0] WARN  u.s.back.verticle.RestVerticle - io.vertx.core.impl.NoStackTraceThrowable: invalid_grant: Bad Request
2023-06-06 05:57:43.468 [main] INFO  com.zaxxer.hikari.HikariDataSource - HikariPool-1 - Starting...
2023-06-06 05:57:43.563 [main] INFO  com.zaxxer.hikari.pool.HikariPool - HikariPool-1 - Added connection org.mariadb.jdbc.MariaDbConnection@784b990c
2023-06-06 05:57:43.566 [main] INFO  com.zaxxer.hikari.HikariDataSource - HikariPool-1 - Start completed.
2023-06-06 05:57:44.114 [vert.x-eventloop-thread-0] INFO  u.s.back.verticle.RestVerticle - Rest server successfully started on port 8393
2023-06-06 05:57:44.782 [vert.x-eventloop-thread-0] WARN  u.s.back.verticle.RestVerticle - io.vertx.core.impl.NoStackTraceThrowable: invalid_grant: Bad Request
2023-06-06 05:57:57.501 [main] INFO  com.zaxxer.hikari.HikariDataSource - HikariPool-1 - Starting...
2023-06-06 05:57:57.609 [main] INFO  com.zaxxer.hikari.pool.HikariPool - HikariPool-1 - Added connection org.mariadb.jdbc.MariaDbConnection@3c989952
2023-06-06 05:57:57.613 [main] INFO  com.zaxxer.hikari.HikariDataSource - HikariPool-1 - Start completed.
2023-06-06 05:57:58.156 [vert.x-eventloop-thread-0] ERROR u.s.back.verticle.RestVerticle - java.net.BindException: Address already in use: bind
2023-06-06 05:57:58.782 [vert.x-eventloop-thread-0] WARN  u.s.back.verticle.RestVerticle - io.vertx.core.impl.NoStackTraceThrowable: invalid_grant: Bad Request
2023-06-06 06:00:48.750 [main] INFO  com.zaxxer.hikari.HikariDataSource - HikariPool-1 - Starting...
2023-06-06 06:00:48.853 [main] INFO  com.zaxxer.hikari.pool.HikariPool - HikariPool-1 - Added connection org.mariadb.jdbc.MariaDbConnection@3c989952
2023-06-06 06:00:48.857 [main] INFO  com.zaxxer.hikari.HikariDataSource - HikariPool-1 - Start completed.
2023-06-06 06:00:49.414 [vert.x-eventloop-thread-0] INFO  u.s.back.verticle.RestVerticle - Rest server successfully started on port 8393
2023-06-06 06:00:50.056 [vert.x-eventloop-thread-0] WARN  u.s.back.verticle.RestVerticle - io.vertx.core.impl.NoStackTraceThrowable: invalid_token: Either access_token, id_token, or token_handle required
2023-06-06 06:02:16.661 [main] INFO  com.zaxxer.hikari.HikariDataSource - HikariPool-1 - Starting...
2023-06-06 06:02:16.755 [main] INFO  com.zaxxer.hikari.pool.HikariPool - HikariPool-1 - Added connection org.mariadb.jdbc.MariaDbConnection@3c989952
2023-06-06 06:02:16.760 [main] INFO  com.zaxxer.hikari.HikariDataSource - HikariPool-1 - Start completed.
2023-06-06 06:02:17.317 [vert.x-eventloop-thread-0] INFO  u.s.back.verticle.RestVerticle - Rest server successfully started on port 8393
2023-06-06 06:02:17.957 [vert.x-eventloop-thread-0] WARN  u.s.back.verticle.RestVerticle - io.vertx.core.impl.NoStackTraceThrowable: invalid_token: Either access_token, id_token, or token_handle required
2023-06-06 06:03:55.221 [main] INFO  com.zaxxer.hikari.HikariDataSource - HikariPool-1 - Starting...
2023-06-06 06:03:55.312 [main] INFO  com.zaxxer.hikari.pool.HikariPool - HikariPool-1 - Added connection org.mariadb.jdbc.MariaDbConnection@784b990c
2023-06-06 06:03:55.317 [main] INFO  com.zaxxer.hikari.HikariDataSource - HikariPool-1 - Start completed.
2023-06-06 06:03:55.880 [vert.x-eventloop-thread-0] INFO  u.s.back.verticle.RestVerticle - Rest server successfully started on port 8393
2023-06-06 06:03:56.508 [vert.x-eventloop-thread-0] WARN  u.s.back.verticle.RestVerticle - io.vertx.core.impl.NoStackTraceThrowable: invalid_token: Either access_token, id_token, or token_handle required
2023-06-06 06:06:11.385 [main] INFO  com.zaxxer.hikari.HikariDataSource - HikariPool-1 - Starting...
2023-06-06 06:06:11.482 [main] INFO  com.zaxxer.hikari.pool.HikariPool - HikariPool-1 - Added connection org.mariadb.jdbc.MariaDbConnection@3c989952
2023-06-06 06:06:11.485 [main] INFO  com.zaxxer.hikari.HikariDataSource - HikariPool-1 - Start completed.
2023-06-06 06:06:12.043 [vert.x-eventloop-thread-0] INFO  u.s.back.verticle.RestVerticle - Rest server successfully started on port 8393
2023-06-06 06:06:12.704 [vert.x-eventloop-thread-0] WARN  u.s.back.verticle.RestVerticle - io.vertx.core.impl.NoStackTraceThrowable: invalid_token: Either access_token, id_token, or token_handle required
2023-06-06 06:09:03.123 [main] INFO  com.zaxxer.hikari.HikariDataSource - HikariPool-1 - Starting...
2023-06-06 06:09:03.220 [main] INFO  com.zaxxer.hikari.pool.HikariPool - HikariPool-1 - Added connection org.mariadb.jdbc.MariaDbConnection@3c989952
2023-06-06 06:09:03.223 [main] INFO  com.zaxxer.hikari.HikariDataSource - HikariPool-1 - Start completed.
2023-06-06 06:09:03.846 [vert.x-eventloop-thread-0] INFO  u.s.back.verticle.RestVerticle - Rest server successfully started on port 8393
2023-06-06 06:09:04.506 [vert.x-eventloop-thread-0] WARN  u.s.back.verticle.RestVerticle - io.vertx.core.impl.NoStackTraceThrowable: invalid_token: Either access_token, id_token, or token_handle required
2023-06-06 06:13:24.612 [main] INFO  com.zaxxer.hikari.HikariDataSource - HikariPool-1 - Starting...
2023-06-06 06:13:24.706 [main] INFO  com.zaxxer.hikari.pool.HikariPool - HikariPool-1 - Added connection org.mariadb.jdbc.MariaDbConnection@3c989952
2023-06-06 06:13:24.709 [main] INFO  com.zaxxer.hikari.HikariDataSource - HikariPool-1 - Start completed.
2023-06-06 06:13:25.253 [vert.x-eventloop-thread-0] INFO  u.s.back.verticle.RestVerticle - Rest server successfully started on port 8393
2023-06-06 16:29:20.868 [HikariPool-1 housekeeper] WARN  com.zaxxer.hikari.pool.HikariPool - HikariPool-1 - Thread starvation or clock leap detected (housekeeper delta=10h11m56s74ms632µs800ns).
2023-06-06 18:03:12.791 [main] INFO  com.zaxxer.hikari.HikariDataSource - HikariPool-1 - Starting...
2023-06-06 18:03:12.971 [main] INFO  com.zaxxer.hikari.pool.HikariPool - HikariPool-1 - Added connection org.mariadb.jdbc.MariaDbConnection@3c989952
2023-06-06 18:03:12.975 [main] INFO  com.zaxxer.hikari.HikariDataSource - HikariPool-1 - Start completed.
2023-06-06 18:03:13.688 [vert.x-eventloop-thread-0] INFO  u.s.back.verticle.RestVerticle - Rest server successfully started on port 8393
2023-06-06 18:03:14.376 [vert.x-eventloop-thread-0] WARN  u.s.back.verticle.RestVerticle - io.vertx.core.impl.NoStackTraceThrowable: {code=401, message=Request is missing required authentication credential. Expected OAuth 2 access token, login cookie or other valid authentication credential. See https://developers.google.com/identity/sign-in/web/devconsole-project., status=UNAUTHENTICATED}
2023-06-06 19:28:03.864 [main] INFO  com.zaxxer.hikari.HikariDataSource - HikariPool-1 - Starting...
2023-06-06 19:28:03.977 [main] INFO  com.zaxxer.hikari.pool.HikariPool - HikariPool-1 - Added connection org.mariadb.jdbc.MariaDbConnection@3d3ba765
2023-06-06 19:28:03.980 [main] INFO  com.zaxxer.hikari.HikariDataSource - HikariPool-1 - Start completed.
2023-06-06 19:28:04.584 [vert.x-eventloop-thread-0] INFO  u.s.back.verticle.RestVerticle - Rest server successfully started on port 8393
2023-06-06 19:28:05.279 [vert.x-eventloop-thread-0] INFO  u.s.back.verticle.RestVerticle - {"id":"102453992048376596587","email":"filllmaster95@gmail.com","verified_email":true,"name":"Рен Фельэр","given_name":"Рен Фельэр","picture":"https://lh3.googleusercontent.com/a/AAcHTte3F5m9J8JxJ-KNKcMhWbj_3JVxaL535PnnGuEYEQ=s96-c","locale":"ru"}
2023-06-06 19:57:07.911 [main] INFO  com.zaxxer.hikari.HikariDataSource - HikariPool-1 - Starting...
2023-06-06 19:57:08.008 [main] INFO  com.zaxxer.hikari.pool.HikariPool - HikariPool-1 - Added connection org.mariadb.jdbc.MariaDbConnection@3d3ba765
2023-06-06 19:57:08.010 [main] INFO  com.zaxxer.hikari.HikariDataSource - HikariPool-1 - Start completed.
2023-06-06 19:57:08.286 [vert.x-eventloop-thread-0] INFO  u.s.back.verticle.RestVerticle - Rest server successfully started on port 8393
2023-06-06 20:06:08.901 [main] INFO  com.zaxxer.hikari.HikariDataSource - HikariPool-1 - Starting...
2023-06-06 20:06:09.042 [main] INFO  com.zaxxer.hikari.pool.HikariPool - HikariPool-1 - Added connection org.mariadb.jdbc.MariaDbConnection@3d3ba765
2023-06-06 20:06:09.045 [main] INFO  com.zaxxer.hikari.HikariDataSource - HikariPool-1 - Start completed.
2023-06-06 20:06:09.639 [vert.x-eventloop-thread-0] INFO  u.s.back.verticle.RestVerticle - Rest server successfully started on port 8393
2023-06-06 20:08:55.705 [vert.x-eventloop-thread-0] WARN  u.s.back.verticle.RestVerticle - javax.net.ssl.SSLHandshakeException: Received fatal alert: certificate_unknown
2023-06-06 20:09:14.117 [vert.x-eventloop-thread-0] WARN  u.s.back.verticle.RestVerticle - javax.net.ssl.SSLHandshakeException: Received fatal alert: certificate_unknown
2023-06-06 20:09:14.126 [vert.x-eventloop-thread-0] WARN  u.s.back.verticle.RestVerticle - javax.net.ssl.SSLHandshakeException: Received fatal alert: certificate_unknown
2023-06-06 20:11:01.039 [main] INFO  com.zaxxer.hikari.HikariDataSource - HikariPool-1 - Starting...
2023-06-06 20:11:01.137 [main] INFO  com.zaxxer.hikari.pool.HikariPool - HikariPool-1 - Added connection org.mariadb.jdbc.MariaDbConnection@3d3ba765
2023-06-06 20:11:01.139 [main] INFO  com.zaxxer.hikari.HikariDataSource - HikariPool-1 - Start completed.
2023-06-06 20:11:01.598 [vert.x-eventloop-thread-0] INFO  u.s.back.verticle.RestVerticle - Rest server successfully started on port 8393
2023-06-06 20:15:39.092 [main] INFO  com.zaxxer.hikari.HikariDataSource - HikariPool-1 - Starting...
2023-06-06 20:15:39.198 [main] INFO  com.zaxxer.hikari.pool.HikariPool - HikariPool-1 - Added connection org.mariadb.jdbc.MariaDbConnection@3d3ba765
2023-06-06 20:15:39.201 [main] INFO  com.zaxxer.hikari.HikariDataSource - HikariPool-1 - Start completed.
2023-06-06 20:15:39.712 [vert.x-eventloop-thread-0] INFO  u.s.back.verticle.RestVerticle - Rest server successfully started on port 8393
2023-06-06 20:22:24.689 [main] INFO  com.zaxxer.hikari.HikariDataSource - HikariPool-1 - Starting...
2023-06-06 20:22:24.785 [main] INFO  com.zaxxer.hikari.pool.HikariPool - HikariPool-1 - Added connection org.mariadb.jdbc.MariaDbConnection@3d3ba765
2023-06-06 20:22:24.788 [main] INFO  com.zaxxer.hikari.HikariDataSource - HikariPool-1 - Start completed.
2023-06-06 20:22:25.261 [vert.x-eventloop-thread-0] INFO  u.s.back.verticle.RestVerticle - Rest server successfully started on port 8393
2023-06-06 20:22:46.664 [vert.x-eventloop-thread-0] WARN  u.s.back.verticle.RestVerticle - io.vertx.core.impl.NoStackTraceThrowable: {code=401, message=Request is missing required authentication credential. Expected OAuth 2 access token, login cookie or other valid authentication credential. See https://developers.google.com/identity/sign-in/web/devconsole-project., status=UNAUTHENTICATED}
2023-06-06 20:24:05.316 [main] INFO  com.zaxxer.hikari.HikariDataSource - HikariPool-1 - Starting...
2023-06-06 20:24:05.418 [main] INFO  com.zaxxer.hikari.pool.HikariPool - HikariPool-1 - Added connection org.mariadb.jdbc.MariaDbConnection@3d3ba765
2023-06-06 20:24:05.421 [main] INFO  com.zaxxer.hikari.HikariDataSource - HikariPool-1 - Start completed.
2023-06-06 20:24:05.900 [vert.x-eventloop-thread-0] INFO  u.s.back.verticle.RestVerticle - Rest server successfully started on port 8393
2023-06-06 20:24:16.315 [vert.x-eventloop-thread-0] WARN  u.s.back.verticle.RestVerticle - io.vertx.core.impl.NoStackTraceThrowable: {code=401, message=Request is missing required authentication credential. Expected OAuth 2 access token, login cookie or other valid authentication credential. See https://developers.google.com/identity/sign-in/web/devconsole-project., status=UNAUTHENTICATED}
2023-06-06 20:26:31.895 [main] INFO  com.zaxxer.hikari.HikariDataSource - HikariPool-1 - Starting...
2023-06-06 20:26:31.995 [main] INFO  com.zaxxer.hikari.pool.HikariPool - HikariPool-1 - Added connection org.mariadb.jdbc.MariaDbConnection@3d3ba765
2023-06-06 20:26:31.998 [main] INFO  com.zaxxer.hikari.HikariDataSource - HikariPool-1 - Start completed.
2023-06-06 20:26:32.464 [vert.x-eventloop-thread-0] INFO  u.s.back.verticle.RestVerticle - Rest server successfully started on port 8393
2023-06-06 20:27:36.488 [vert.x-eventloop-thread-0] WARN  u.s.back.verticle.RestVerticle - io.vertx.core.impl.NoStackTraceThrowable: {code=401, message=Request is missing required authentication credential. Expected OAuth 2 access token, login cookie or other valid authentication credential. See https://developers.google.com/identity/sign-in/web/devconsole-project., status=UNAUTHENTICATED}
2023-06-06 20:29:16.927 [main] INFO  com.zaxxer.hikari.HikariDataSource - HikariPool-1 - Starting...
2023-06-06 20:29:17.035 [main] INFO  com.zaxxer.hikari.pool.HikariPool - HikariPool-1 - Added connection org.mariadb.jdbc.MariaDbConnection@3d3ba765
2023-06-06 20:29:17.038 [main] INFO  com.zaxxer.hikari.HikariDataSource - HikariPool-1 - Start completed.
2023-06-06 20:29:17.541 [vert.x-eventloop-thread-0] INFO  u.s.back.verticle.RestVerticle - Rest server successfully started on port 8393
2023-06-06 20:29:56.367 [main] INFO  com.zaxxer.hikari.HikariDataSource - HikariPool-1 - Starting...
2023-06-06 20:29:56.487 [main] INFO  com.zaxxer.hikari.pool.HikariPool - HikariPool-1 - Added connection org.mariadb.jdbc.MariaDbConnection@3d3ba765
2023-06-06 20:29:56.492 [main] INFO  com.zaxxer.hikari.HikariDataSource - HikariPool-1 - Start completed.
2023-06-06 20:29:57.049 [vert.x-eventloop-thread-0] INFO  u.s.back.verticle.RestVerticle - Rest server successfully started on port 8393
2023-06-06 20:31:11.488 [main] INFO  com.zaxxer.hikari.HikariDataSource - HikariPool-1 - Starting...
2023-06-06 20:31:11.581 [main] INFO  com.zaxxer.hikari.pool.HikariPool - HikariPool-1 - Added connection org.mariadb.jdbc.MariaDbConnection@3d3ba765
2023-06-06 20:31:11.585 [main] INFO  com.zaxxer.hikari.HikariDataSource - HikariPool-1 - Start completed.
2023-06-06 20:31:12.094 [vert.x-eventloop-thread-0] INFO  u.s.back.verticle.RestVerticle - Rest server successfully started on port 8393
2023-06-06 20:33:00.056 [main] INFO  com.zaxxer.hikari.HikariDataSource - HikariPool-1 - Starting...
2023-06-06 20:33:00.174 [main] INFO  com.zaxxer.hikari.pool.HikariPool - HikariPool-1 - Added connection org.mariadb.jdbc.MariaDbConnection@3d3ba765
2023-06-06 20:33:00.178 [main] INFO  com.zaxxer.hikari.HikariDataSource - HikariPool-1 - Start completed.
2023-06-06 20:33:34.718 [main] INFO  com.zaxxer.hikari.HikariDataSource - HikariPool-1 - Starting...
2023-06-06 20:33:34.824 [main] INFO  com.zaxxer.hikari.pool.HikariPool - HikariPool-1 - Added connection org.mariadb.jdbc.MariaDbConnection@3d3ba765
2023-06-06 20:33:34.827 [main] INFO  com.zaxxer.hikari.HikariDataSource - HikariPool-1 - Start completed.
2023-06-06 20:34:30.668 [main] INFO  com.zaxxer.hikari.HikariDataSource - HikariPool-1 - Starting...
2023-06-06 20:34:30.772 [main] INFO  com.zaxxer.hikari.pool.HikariPool - HikariPool-1 - Added connection org.mariadb.jdbc.MariaDbConnection@784b990c
2023-06-06 20:34:30.775 [main] INFO  com.zaxxer.hikari.HikariDataSource - HikariPool-1 - Start completed.
2023-06-06 20:41:27.835 [main] INFO  com.zaxxer.hikari.HikariDataSource - HikariPool-1 - Starting...
2023-06-06 20:41:27.938 [main] INFO  com.zaxxer.hikari.pool.HikariPool - HikariPool-1 - Added connection org.mariadb.jdbc.MariaDbConnection@3d3ba765
2023-06-06 20:41:27.941 [main] INFO  com.zaxxer.hikari.HikariDataSource - HikariPool-1 - Start completed.
2023-06-06 21:12:57.042 [main] INFO  com.zaxxer.hikari.HikariDataSource - HikariPool-1 - Starting...
2023-06-06 21:12:57.139 [main] INFO  com.zaxxer.hikari.pool.HikariPool - HikariPool-1 - Added connection org.mariadb.jdbc.MariaDbConnection@3d3ba765
2023-06-06 21:12:57.142 [main] INFO  com.zaxxer.hikari.HikariDataSource - HikariPool-1 - Start completed.
2023-06-06 21:12:57.614 [vert.x-eventloop-thread-0] INFO  u.s.back.verticle.RestVerticle - Rest server successfully started on port 8393
2023-06-06 21:13:03.686 [vert.x-eventloop-thread-0] ERROR io.vertx.ext.web.RoutingContext - Unhandled exception in router
java.lang.IllegalStateException: CORS Rejected - Invalid origin
	at io.vertx.ext.web.handler.impl.CorsHandlerImpl.handle(CorsHandlerImpl.java:252)
	at io.vertx.ext.web.handler.impl.CorsHandlerImpl.handle(CorsHandlerImpl.java:41)
	at io.vertx.ext.web.impl.RouteState.handleContext(RouteState.java:1284)
	at io.vertx.ext.web.impl.RoutingContextImplBase.iterateNext(RoutingContextImplBase.java:177)
	at io.vertx.ext.web.impl.RoutingContextImpl.next(RoutingContextImpl.java:141)
	at io.vertx.ext.web.impl.RouterImpl.handle(RouterImpl.java:68)
	at io.vertx.ext.web.impl.RouterImpl.handle(RouterImpl.java:37)
	at io.vertx.core.impl.EventLoopContext.emit(EventLoopContext.java:55)
	at io.vertx.core.impl.DuplicatedContext.emit(DuplicatedContext.java:158)
	at io.vertx.core.http.impl.Http2ServerRequest.dispatch(Http2ServerRequest.java:108)
	at io.vertx.core.http.impl.Http2ServerStream.onHeaders(Http2ServerStream.java:111)
	at io.vertx.core.http.impl.Http2ServerConnection.onHeadersRead(Http2ServerConnection.java:171)
	at io.vertx.core.http.impl.Http2ConnectionBase.onHeadersRead(Http2ConnectionBase.java:208)
	at io.vertx.core.http.impl.Http2ServerConnection.onHeadersRead(Http2ServerConnection.java:44)
	at io.netty.handler.codec.http2.Http2FrameListenerDecorator.onHeadersRead(Http2FrameListenerDecorator.java:48)
	at io.netty.handler.codec.http2.Http2EmptyDataFrameListener.onHeadersRead(Http2EmptyDataFrameListener.java:63)
	at io.netty.handler.codec.http2.DefaultHttp2ConnectionDecoder$FrameReadListener.onHeadersRead(DefaultHttp2ConnectionDecoder.java:409)
	at io.netty.handler.codec.http2.DefaultHttp2FrameReader$1.processFragment(DefaultHttp2FrameReader.java:450)
	at io.netty.handler.codec.http2.DefaultHttp2FrameReader.readHeadersFrame(DefaultHttp2FrameReader.java:457)
	at io.netty.handler.codec.http2.DefaultHttp2FrameReader.processPayloadState(DefaultHttp2FrameReader.java:253)
	at io.netty.handler.codec.http2.DefaultHttp2FrameReader.readFrame(DefaultHttp2FrameReader.java:159)
	at io.netty.handler.codec.http2.DefaultHttp2ConnectionDecoder.decodeFrame(DefaultHttp2ConnectionDecoder.java:173)
	at io.netty.handler.codec.http2.DecoratingHttp2ConnectionDecoder.decodeFrame(DecoratingHttp2ConnectionDecoder.java:63)
	at io.netty.handler.codec.http2.Http2ConnectionHandler$FrameDecoder.decode(Http2ConnectionHandler.java:393)
	at io.netty.handler.codec.http2.Http2ConnectionHandler.decode(Http2ConnectionHandler.java:453)
	at io.netty.handler.codec.ByteToMessageDecoder.decodeRemovalReentryProtection(ByteToMessageDecoder.java:529)
	at io.netty.handler.codec.ByteToMessageDecoder.callDecode(ByteToMessageDecoder.java:468)
	at io.netty.handler.codec.ByteToMessageDecoder.channelRead(ByteToMessageDecoder.java:290)
	at io.vertx.core.http.impl.VertxHttp2ConnectionHandler.channelRead(VertxHttp2ConnectionHandler.java:416)
	at io.netty.channel.AbstractChannelHandlerContext.invokeChannelRead(AbstractChannelHandlerContext.java:444)
	at io.netty.channel.AbstractChannelHandlerContext.invokeChannelRead(AbstractChannelHandlerContext.java:420)
	at io.netty.channel.AbstractChannelHandlerContext.fireChannelRead(AbstractChannelHandlerContext.java:412)
	at io.netty.handler.ssl.SslHandler.unwrap(SslHandler.java:1383)
	at io.netty.handler.ssl.SslHandler.decodeJdkCompatible(SslHandler.java:1246)
	at io.netty.handler.ssl.SslHandler.decode(SslHandler.java:1295)
	at io.netty.handler.codec.ByteToMessageDecoder.decodeRemovalReentryProtection(ByteToMessageDecoder.java:529)
	at io.netty.handler.codec.ByteToMessageDecoder.callDecode(ByteToMessageDecoder.java:468)
	at io.netty.handler.codec.ByteToMessageDecoder.channelRead(ByteToMessageDecoder.java:290)
	at io.netty.channel.AbstractChannelHandlerContext.invokeChannelRead(AbstractChannelHandlerContext.java:444)
	at io.netty.channel.AbstractChannelHandlerContext.invokeChannelRead(AbstractChannelHandlerContext.java:420)
	at io.netty.channel.AbstractChannelHandlerContext.fireChannelRead(AbstractChannelHandlerContext.java:412)
	at io.netty.channel.DefaultChannelPipeline$HeadContext.channelRead(DefaultChannelPipeline.java:1410)
	at io.netty.channel.AbstractChannelHandlerContext.invokeChannelRead(AbstractChannelHandlerContext.java:440)
	at io.netty.channel.AbstractChannelHandlerContext.invokeChannelRead(AbstractChannelHandlerContext.java:420)
	at io.netty.channel.DefaultChannelPipeline.fireChannelRead(DefaultChannelPipeline.java:919)
	at io.netty.channel.nio.AbstractNioByteChannel$NioByteUnsafe.read(AbstractNioByteChannel.java:166)
	at io.netty.channel.nio.NioEventLoop.processSelectedKey(NioEventLoop.java:788)
	at io.netty.channel.nio.NioEventLoop.processSelectedKeysOptimized(NioEventLoop.java:724)
	at io.netty.channel.nio.NioEventLoop.processSelectedKeys(NioEventLoop.java:650)
	at io.netty.channel.nio.NioEventLoop.run(NioEventLoop.java:562)
	at io.netty.util.concurrent.SingleThreadEventExecutor$4.run(SingleThreadEventExecutor.java:997)
	at io.netty.util.internal.ThreadExecutorMap$2.run(ThreadExecutorMap.java:74)
	at io.netty.util.concurrent.FastThreadLocalRunnable.run(FastThreadLocalRunnable.java:30)
	at java.base/java.lang.Thread.run(Thread.java:1589)
2023-06-06 21:13:35.755 [main] INFO  com.zaxxer.hikari.HikariDataSource - HikariPool-1 - Starting...
2023-06-06 21:13:35.860 [main] INFO  com.zaxxer.hikari.pool.HikariPool - HikariPool-1 - Added connection org.mariadb.jdbc.MariaDbConnection@784b990c
2023-06-06 21:13:35.863 [main] INFO  com.zaxxer.hikari.HikariDataSource - HikariPool-1 - Start completed.
2023-06-06 21:13:36.299 [vert.x-eventloop-thread-0] INFO  u.s.back.verticle.RestVerticle - Rest server successfully started on port 8393
2023-06-06 21:13:44.756 [vert.x-eventloop-thread-0] ERROR io.vertx.ext.web.RoutingContext - Unhandled exception in router
java.lang.IllegalStateException: CORS Rejected - Invalid origin
	at io.vertx.ext.web.handler.impl.CorsHandlerImpl.handle(CorsHandlerImpl.java:252)
	at io.vertx.ext.web.handler.impl.CorsHandlerImpl.handle(CorsHandlerImpl.java:41)
	at io.vertx.ext.web.impl.RouteState.handleContext(RouteState.java:1284)
	at io.vertx.ext.web.impl.RoutingContextImplBase.iterateNext(RoutingContextImplBase.java:177)
	at io.vertx.ext.web.impl.RoutingContextImpl.next(RoutingContextImpl.java:141)
	at io.vertx.ext.web.impl.RouterImpl.handle(RouterImpl.java:68)
	at io.vertx.ext.web.impl.RouterImpl.handle(RouterImpl.java:37)
	at io.vertx.core.impl.EventLoopContext.emit(EventLoopContext.java:55)
	at io.vertx.core.impl.DuplicatedContext.emit(DuplicatedContext.java:158)
	at io.vertx.core.http.impl.Http2ServerRequest.dispatch(Http2ServerRequest.java:108)
	at io.vertx.core.http.impl.Http2ServerStream.onHeaders(Http2ServerStream.java:111)
	at io.vertx.core.http.impl.Http2ServerConnection.onHeadersRead(Http2ServerConnection.java:171)
	at io.vertx.core.http.impl.Http2ConnectionBase.onHeadersRead(Http2ConnectionBase.java:208)
	at io.vertx.core.http.impl.Http2ServerConnection.onHeadersRead(Http2ServerConnection.java:44)
	at io.netty.handler.codec.http2.Http2FrameListenerDecorator.onHeadersRead(Http2FrameListenerDecorator.java:48)
	at io.netty.handler.codec.http2.Http2EmptyDataFrameListener.onHeadersRead(Http2EmptyDataFrameListener.java:63)
	at io.netty.handler.codec.http2.DefaultHttp2ConnectionDecoder$FrameReadListener.onHeadersRead(DefaultHttp2ConnectionDecoder.java:409)
	at io.netty.handler.codec.http2.DefaultHttp2FrameReader$1.processFragment(DefaultHttp2FrameReader.java:450)
	at io.netty.handler.codec.http2.DefaultHttp2FrameReader.readHeadersFrame(DefaultHttp2FrameReader.java:457)
	at io.netty.handler.codec.http2.DefaultHttp2FrameReader.processPayloadState(DefaultHttp2FrameReader.java:253)
	at io.netty.handler.codec.http2.DefaultHttp2FrameReader.readFrame(DefaultHttp2FrameReader.java:159)
	at io.netty.handler.codec.http2.DefaultHttp2ConnectionDecoder.decodeFrame(DefaultHttp2ConnectionDecoder.java:173)
	at io.netty.handler.codec.http2.DecoratingHttp2ConnectionDecoder.decodeFrame(DecoratingHttp2ConnectionDecoder.java:63)
	at io.netty.handler.codec.http2.Http2ConnectionHandler$FrameDecoder.decode(Http2ConnectionHandler.java:393)
	at io.netty.handler.codec.http2.Http2ConnectionHandler.decode(Http2ConnectionHandler.java:453)
	at io.netty.handler.codec.ByteToMessageDecoder.decodeRemovalReentryProtection(ByteToMessageDecoder.java:529)
	at io.netty.handler.codec.ByteToMessageDecoder.callDecode(ByteToMessageDecoder.java:468)
	at io.netty.handler.codec.ByteToMessageDecoder.channelRead(ByteToMessageDecoder.java:290)
	at io.vertx.core.http.impl.VertxHttp2ConnectionHandler.channelRead(VertxHttp2ConnectionHandler.java:416)
	at io.netty.channel.AbstractChannelHandlerContext.invokeChannelRead(AbstractChannelHandlerContext.java:444)
	at io.netty.channel.AbstractChannelHandlerContext.invokeChannelRead(AbstractChannelHandlerContext.java:420)
	at io.netty.channel.AbstractChannelHandlerContext.fireChannelRead(AbstractChannelHandlerContext.java:412)
	at io.netty.handler.ssl.SslHandler.unwrap(SslHandler.java:1383)
	at io.netty.handler.ssl.SslHandler.decodeJdkCompatible(SslHandler.java:1246)
	at io.netty.handler.ssl.SslHandler.decode(SslHandler.java:1295)
	at io.netty.handler.codec.ByteToMessageDecoder.decodeRemovalReentryProtection(ByteToMessageDecoder.java:529)
	at io.netty.handler.codec.ByteToMessageDecoder.callDecode(ByteToMessageDecoder.java:468)
	at io.netty.handler.codec.ByteToMessageDecoder.channelRead(ByteToMessageDecoder.java:290)
	at io.netty.channel.AbstractChannelHandlerContext.invokeChannelRead(AbstractChannelHandlerContext.java:444)
	at io.netty.channel.AbstractChannelHandlerContext.invokeChannelRead(AbstractChannelHandlerContext.java:420)
	at io.netty.channel.AbstractChannelHandlerContext.fireChannelRead(AbstractChannelHandlerContext.java:412)
	at io.netty.channel.DefaultChannelPipeline$HeadContext.channelRead(DefaultChannelPipeline.java:1410)
	at io.netty.channel.AbstractChannelHandlerContext.invokeChannelRead(AbstractChannelHandlerContext.java:440)
	at io.netty.channel.AbstractChannelHandlerContext.invokeChannelRead(AbstractChannelHandlerContext.java:420)
	at io.netty.channel.DefaultChannelPipeline.fireChannelRead(DefaultChannelPipeline.java:919)
	at io.netty.channel.nio.AbstractNioByteChannel$NioByteUnsafe.read(AbstractNioByteChannel.java:166)
	at io.netty.channel.nio.NioEventLoop.processSelectedKey(NioEventLoop.java:788)
	at io.netty.channel.nio.NioEventLoop.processSelectedKeysOptimized(NioEventLoop.java:724)
	at io.netty.channel.nio.NioEventLoop.processSelectedKeys(NioEventLoop.java:650)
	at io.netty.channel.nio.NioEventLoop.run(NioEventLoop.java:562)
	at io.netty.util.concurrent.SingleThreadEventExecutor$4.run(SingleThreadEventExecutor.java:997)
	at io.netty.util.internal.ThreadExecutorMap$2.run(ThreadExecutorMap.java:74)
	at io.netty.util.concurrent.FastThreadLocalRunnable.run(FastThreadLocalRunnable.java:30)
	at java.base/java.lang.Thread.run(Thread.java:1589)
2023-06-06 21:17:30.364 [main] INFO  com.zaxxer.hikari.HikariDataSource - HikariPool-1 - Starting...
2023-06-06 21:17:30.479 [main] INFO  com.zaxxer.hikari.pool.HikariPool - HikariPool-1 - Added connection org.mariadb.jdbc.MariaDbConnection@3d3ba765
2023-06-06 21:17:30.483 [main] INFO  com.zaxxer.hikari.HikariDataSource - HikariPool-1 - Start completed.
2023-06-06 21:17:30.944 [vert.x-eventloop-thread-0] INFO  u.s.back.verticle.RestVerticle - Rest server successfully started on port 8393
2023-06-06 21:19:08.439 [main] INFO  com.zaxxer.hikari.HikariDataSource - HikariPool-1 - Starting...
2023-06-06 21:19:08.545 [main] INFO  com.zaxxer.hikari.pool.HikariPool - HikariPool-1 - Added connection org.mariadb.jdbc.MariaDbConnection@3d3ba765
2023-06-06 21:19:08.549 [main] INFO  com.zaxxer.hikari.HikariDataSource - HikariPool-1 - Start completed.
2023-06-06 21:19:08.999 [vert.x-eventloop-thread-0] INFO  u.s.back.verticle.RestVerticle - Rest server successfully started on port 8393
2023-06-06 21:20:27.546 [main] INFO  com.zaxxer.hikari.HikariDataSource - HikariPool-1 - Starting...
2023-06-06 21:20:27.642 [main] INFO  com.zaxxer.hikari.pool.HikariPool - HikariPool-1 - Added connection org.mariadb.jdbc.MariaDbConnection@3d3ba765
2023-06-06 21:20:27.645 [main] INFO  com.zaxxer.hikari.HikariDataSource - HikariPool-1 - Start completed.
2023-06-06 21:20:28.125 [vert.x-eventloop-thread-0] INFO  u.s.back.verticle.RestVerticle - Rest server successfully started on port 8393
2023-06-06 21:21:23.580 [vert.x-eventloop-thread-0] ERROR io.vertx.ext.web.RoutingContext - Unhandled exception in router
java.lang.IllegalStateException: CORS Rejected - Invalid origin
	at io.vertx.ext.web.handler.impl.CorsHandlerImpl.handle(CorsHandlerImpl.java:252)
	at io.vertx.ext.web.handler.impl.CorsHandlerImpl.handle(CorsHandlerImpl.java:41)
	at io.vertx.ext.web.impl.RouteState.handleContext(RouteState.java:1284)
	at io.vertx.ext.web.impl.RoutingContextImplBase.iterateNext(RoutingContextImplBase.java:177)
	at io.vertx.ext.web.impl.RoutingContextImpl.next(RoutingContextImpl.java:141)
	at io.vertx.ext.web.impl.RouterImpl.handle(RouterImpl.java:68)
	at io.vertx.ext.web.impl.RouterImpl.handle(RouterImpl.java:37)
	at io.vertx.core.impl.EventLoopContext.emit(EventLoopContext.java:55)
	at io.vertx.core.impl.DuplicatedContext.emit(DuplicatedContext.java:158)
	at io.vertx.core.http.impl.Http2ServerRequest.dispatch(Http2ServerRequest.java:108)
	at io.vertx.core.http.impl.Http2ServerStream.onHeaders(Http2ServerStream.java:111)
	at io.vertx.core.http.impl.Http2ServerConnection.onHeadersRead(Http2ServerConnection.java:171)
	at io.vertx.core.http.impl.Http2ConnectionBase.onHeadersRead(Http2ConnectionBase.java:208)
	at io.vertx.core.http.impl.Http2ServerConnection.onHeadersRead(Http2ServerConnection.java:44)
	at io.netty.handler.codec.http2.Http2FrameListenerDecorator.onHeadersRead(Http2FrameListenerDecorator.java:48)
	at io.netty.handler.codec.http2.Http2EmptyDataFrameListener.onHeadersRead(Http2EmptyDataFrameListener.java:63)
	at io.netty.handler.codec.http2.DefaultHttp2ConnectionDecoder$FrameReadListener.onHeadersRead(DefaultHttp2ConnectionDecoder.java:409)
	at io.netty.handler.codec.http2.DefaultHttp2FrameReader$1.processFragment(DefaultHttp2FrameReader.java:450)
	at io.netty.handler.codec.http2.DefaultHttp2FrameReader.readHeadersFrame(DefaultHttp2FrameReader.java:457)
	at io.netty.handler.codec.http2.DefaultHttp2FrameReader.processPayloadState(DefaultHttp2FrameReader.java:253)
	at io.netty.handler.codec.http2.DefaultHttp2FrameReader.readFrame(DefaultHttp2FrameReader.java:159)
	at io.netty.handler.codec.http2.DefaultHttp2ConnectionDecoder.decodeFrame(DefaultHttp2ConnectionDecoder.java:173)
	at io.netty.handler.codec.http2.DecoratingHttp2ConnectionDecoder.decodeFrame(DecoratingHttp2ConnectionDecoder.java:63)
	at io.netty.handler.codec.http2.Http2ConnectionHandler$FrameDecoder.decode(Http2ConnectionHandler.java:393)
	at io.netty.handler.codec.http2.Http2ConnectionHandler.decode(Http2ConnectionHandler.java:453)
	at io.netty.handler.codec.ByteToMessageDecoder.decodeRemovalReentryProtection(ByteToMessageDecoder.java:529)
	at io.netty.handler.codec.ByteToMessageDecoder.callDecode(ByteToMessageDecoder.java:468)
	at io.netty.handler.codec.ByteToMessageDecoder.channelRead(ByteToMessageDecoder.java:290)
	at io.vertx.core.http.impl.VertxHttp2ConnectionHandler.channelRead(VertxHttp2ConnectionHandler.java:416)
	at io.netty.channel.AbstractChannelHandlerContext.invokeChannelRead(AbstractChannelHandlerContext.java:444)
	at io.netty.channel.AbstractChannelHandlerContext.invokeChannelRead(AbstractChannelHandlerContext.java:420)
	at io.netty.channel.AbstractChannelHandlerContext.fireChannelRead(AbstractChannelHandlerContext.java:412)
	at io.netty.handler.ssl.SslHandler.unwrap(SslHandler.java:1383)
	at io.netty.handler.ssl.SslHandler.decodeJdkCompatible(SslHandler.java:1246)
	at io.netty.handler.ssl.SslHandler.decode(SslHandler.java:1295)
	at io.netty.handler.codec.ByteToMessageDecoder.decodeRemovalReentryProtection(ByteToMessageDecoder.java:529)
	at io.netty.handler.codec.ByteToMessageDecoder.callDecode(ByteToMessageDecoder.java:468)
	at io.netty.handler.codec.ByteToMessageDecoder.channelRead(ByteToMessageDecoder.java:290)
	at io.netty.channel.AbstractChannelHandlerContext.invokeChannelRead(AbstractChannelHandlerContext.java:444)
	at io.netty.channel.AbstractChannelHandlerContext.invokeChannelRead(AbstractChannelHandlerContext.java:420)
	at io.netty.channel.AbstractChannelHandlerContext.fireChannelRead(AbstractChannelHandlerContext.java:412)
	at io.netty.channel.DefaultChannelPipeline$HeadContext.channelRead(DefaultChannelPipeline.java:1410)
	at io.netty.channel.AbstractChannelHandlerContext.invokeChannelRead(AbstractChannelHandlerContext.java:440)
	at io.netty.channel.AbstractChannelHandlerContext.invokeChannelRead(AbstractChannelHandlerContext.java:420)
	at io.netty.channel.DefaultChannelPipeline.fireChannelRead(DefaultChannelPipeline.java:919)
	at io.netty.channel.nio.AbstractNioByteChannel$NioByteUnsafe.read(AbstractNioByteChannel.java:166)
	at io.netty.channel.nio.NioEventLoop.processSelectedKey(NioEventLoop.java:788)
	at io.netty.channel.nio.NioEventLoop.processSelectedKeysOptimized(NioEventLoop.java:724)
	at io.netty.channel.nio.NioEventLoop.processSelectedKeys(NioEventLoop.java:650)
	at io.netty.channel.nio.NioEventLoop.run(NioEventLoop.java:562)
	at io.netty.util.concurrent.SingleThreadEventExecutor$4.run(SingleThreadEventExecutor.java:997)
	at io.netty.util.internal.ThreadExecutorMap$2.run(ThreadExecutorMap.java:74)
	at io.netty.util.concurrent.FastThreadLocalRunnable.run(FastThreadLocalRunnable.java:30)
	at java.base/java.lang.Thread.run(Thread.java:1589)
2023-06-06 21:21:41.393 [main] INFO  com.zaxxer.hikari.HikariDataSource - HikariPool-1 - Starting...
2023-06-06 21:21:41.491 [main] INFO  com.zaxxer.hikari.pool.HikariPool - HikariPool-1 - Added connection org.mariadb.jdbc.MariaDbConnection@3d3ba765
2023-06-06 21:21:41.495 [main] INFO  com.zaxxer.hikari.HikariDataSource - HikariPool-1 - Start completed.
2023-06-06 21:21:41.969 [vert.x-eventloop-thread-0] INFO  u.s.back.verticle.RestVerticle - Rest server successfully started on port 8393
2023-06-06 21:24:34.057 [main] INFO  com.zaxxer.hikari.HikariDataSource - HikariPool-1 - Starting...
2023-06-06 21:24:34.168 [main] INFO  com.zaxxer.hikari.pool.HikariPool - HikariPool-1 - Added connection org.mariadb.jdbc.MariaDbConnection@3d3ba765
2023-06-06 21:24:34.171 [main] INFO  com.zaxxer.hikari.HikariDataSource - HikariPool-1 - Start completed.
2023-06-06 21:24:34.644 [vert.x-eventloop-thread-0] INFO  u.s.back.verticle.RestVerticle - Rest server successfully started on port 8393
2023-06-06 21:27:57.411 [main] INFO  com.zaxxer.hikari.HikariDataSource - HikariPool-1 - Starting...
2023-06-06 21:27:57.515 [main] INFO  com.zaxxer.hikari.pool.HikariPool - HikariPool-1 - Added connection org.mariadb.jdbc.MariaDbConnection@3d3ba765
2023-06-06 21:27:57.518 [main] INFO  com.zaxxer.hikari.HikariDataSource - HikariPool-1 - Start completed.
2023-06-06 21:27:57.990 [vert.x-eventloop-thread-0] INFO  u.s.back.verticle.RestVerticle - Rest server successfully started on port 8393
2023-06-06 21:29:43.201 [vert.x-eventloop-thread-0] WARN  u.s.back.verticle.RestVerticle - io.vertx.core.impl.NoStackTraceThrowable: {code=401, message=Request is missing required authentication credential. Expected OAuth 2 access token, login cookie or other valid authentication credential. See https://developers.google.com/identity/sign-in/web/devconsole-project., status=UNAUTHENTICATED}
2023-06-06 21:33:45.328 [main] INFO  com.zaxxer.hikari.HikariDataSource - HikariPool-1 - Starting...
2023-06-06 21:33:45.428 [main] INFO  com.zaxxer.hikari.pool.HikariPool - HikariPool-1 - Added connection org.mariadb.jdbc.MariaDbConnection@3d3ba765
2023-06-06 21:33:45.432 [main] INFO  com.zaxxer.hikari.HikariDataSource - HikariPool-1 - Start completed.
2023-06-06 21:33:45.883 [vert.x-eventloop-thread-0] INFO  u.s.back.verticle.RestVerticle - Rest server successfully started on port 8393
2023-06-06 21:34:01.441 [vert.x-eventloop-thread-0] WARN  u.s.back.verticle.RestVerticle - io.vertx.core.impl.NoStackTraceThrowable: {code=401, message=Request is missing required authentication credential. Expected OAuth 2 access token, login cookie or other valid authentication credential. See https://developers.google.com/identity/sign-in/web/devconsole-project., status=UNAUTHENTICATED}
2023-06-06 21:34:35.976 [main] INFO  com.zaxxer.hikari.HikariDataSource - HikariPool-1 - Starting...
2023-06-06 21:34:36.073 [main] INFO  com.zaxxer.hikari.pool.HikariPool - HikariPool-1 - Added connection org.mariadb.jdbc.MariaDbConnection@3d3ba765
2023-06-06 21:34:36.077 [main] INFO  com.zaxxer.hikari.HikariDataSource - HikariPool-1 - Start completed.
2023-06-06 21:34:36.572 [vert.x-eventloop-thread-0] INFO  u.s.back.verticle.RestVerticle - Rest server successfully started on port 8393
2023-06-06 21:34:44.680 [vert.x-eventloop-thread-0] INFO  u.s.back.verticle.RestVerticle - {"id":"102453992048376596587","email":"filllmaster95@gmail.com","verified_email":true,"name":"Рен Фельэр","given_name":"Рен Фельэр","picture":"https://lh3.googleusercontent.com/a/AAcHTte3F5m9J8JxJ-KNKcMhWbj_3JVxaL535PnnGuEYEQ=s96-c","locale":"ru"}
2023-06-06 22:45:27.074 [main] INFO  com.zaxxer.hikari.HikariDataSource - HikariPool-1 - Starting...
2023-06-06 22:45:27.171 [main] INFO  com.zaxxer.hikari.pool.HikariPool - HikariPool-1 - Added connection org.mariadb.jdbc.MariaDbConnection@3d3ba765
2023-06-06 22:45:27.174 [main] INFO  com.zaxxer.hikari.HikariDataSource - HikariPool-1 - Start completed.
2023-06-06 22:45:27.641 [vert.x-eventloop-thread-0] INFO  u.s.back.verticle.RestVerticle - Rest server successfully started on port 8393
2023-06-06 22:46:28.387 [main] INFO  com.zaxxer.hikari.HikariDataSource - HikariPool-1 - Starting...
2023-06-06 22:46:28.486 [main] INFO  com.zaxxer.hikari.pool.HikariPool - HikariPool-1 - Added connection org.mariadb.jdbc.MariaDbConnection@3d3ba765
2023-06-06 22:46:28.488 [main] INFO  com.zaxxer.hikari.HikariDataSource - HikariPool-1 - Start completed.
2023-06-06 22:46:28.911 [vert.x-eventloop-thread-0] INFO  u.s.back.verticle.RestVerticle - Rest server successfully started on port 8393
2023-06-06 22:51:08.924 [main] INFO  com.zaxxer.hikari.HikariDataSource - HikariPool-1 - Starting...
2023-06-06 22:51:09.023 [main] INFO  com.zaxxer.hikari.pool.HikariPool - HikariPool-1 - Added connection org.mariadb.jdbc.MariaDbConnection@3d3ba765
2023-06-06 22:51:09.026 [main] INFO  com.zaxxer.hikari.HikariDataSource - HikariPool-1 - Start completed.
2023-06-06 22:51:09.487 [vert.x-eventloop-thread-0] INFO  u.s.back.verticle.RestVerticle - Rest server successfully started on port 8393
2023-06-06 23:01:18.867 [main] INFO  com.zaxxer.hikari.HikariDataSource - HikariPool-1 - Starting...
2023-06-06 23:01:19.003 [main] INFO  com.zaxxer.hikari.pool.HikariPool - HikariPool-1 - Added connection org.mariadb.jdbc.MariaDbConnection@3d3ba765
2023-06-06 23:01:19.007 [main] INFO  com.zaxxer.hikari.HikariDataSource - HikariPool-1 - Start completed.
2023-06-06 23:01:19.283 [vert.x-eventloop-thread-0] ERROR u.s.back.verticle.RestVerticle - io.vertx.core.file.FileSystemException: Unable to read file at path 'C:\Certbot\live\yggdrasil.website\fullchain.pem'
2023-06-06 23:05:06.481 [main] INFO  com.zaxxer.hikari.HikariDataSource - HikariPool-1 - Starting...
2023-06-06 23:05:06.581 [main] INFO  com.zaxxer.hikari.pool.HikariPool - HikariPool-1 - Added connection org.mariadb.jdbc.MariaDbConnection@3d3ba765
2023-06-06 23:05:06.584 [main] INFO  com.zaxxer.hikari.HikariDataSource - HikariPool-1 - Start completed.
2023-06-06 23:05:07.111 [vert.x-eventloop-thread-0] INFO  u.s.back.verticle.RestVerticle - Rest server successfully started on port 8393
2023-06-06 23:05:37.371 [main] INFO  com.zaxxer.hikari.HikariDataSource - HikariPool-1 - Starting...
2023-06-06 23:05:37.466 [main] INFO  com.zaxxer.hikari.pool.HikariPool - HikariPool-1 - Added connection org.mariadb.jdbc.MariaDbConnection@784b990c
2023-06-06 23:05:37.468 [main] INFO  com.zaxxer.hikari.HikariDataSource - HikariPool-1 - Start completed.
2023-06-06 23:05:37.931 [vert.x-eventloop-thread-0] INFO  u.s.back.verticle.RestVerticle - Rest server successfully started on port 8393
2023-06-06 23:06:32.310 [vert.x-eventloop-thread-0] INFO  u.s.back.verticle.RestVerticle - {"id":"102453992048376596587","email":"filllmaster95@gmail.com","verified_email":true,"name":"Рен Фельэр","given_name":"Рен Фельэр","picture":"https://lh3.googleusercontent.com/a/AAcHTte3F5m9J8JxJ-KNKcMhWbj_3JVxaL535PnnGuEYEQ=s96-c","locale":"ru"}
2023-06-06 23:11:10.114 [main] INFO  com.zaxxer.hikari.HikariDataSource - HikariPool-1 - Starting...
2023-06-06 23:11:10.222 [main] INFO  com.zaxxer.hikari.pool.HikariPool - HikariPool-1 - Added connection org.mariadb.jdbc.MariaDbConnection@25bc0606
2023-06-06 23:11:10.226 [main] INFO  com.zaxxer.hikari.HikariDataSource - HikariPool-1 - Start completed.
2023-06-06 23:11:10.666 [vert.x-eventloop-thread-0] INFO  u.s.back.verticle.RestVerticle - Rest server successfully started on port 8393
2023-06-06 23:15:18.599 [main] INFO  com.zaxxer.hikari.HikariDataSource - HikariPool-1 - Starting...
2023-06-06 23:15:18.701 [main] INFO  com.zaxxer.hikari.pool.HikariPool - HikariPool-1 - Added connection org.mariadb.jdbc.MariaDbConnection@25bc0606
2023-06-06 23:15:18.704 [main] INFO  com.zaxxer.hikari.HikariDataSource - HikariPool-1 - Start completed.
2023-06-06 23:15:19.159 [vert.x-eventloop-thread-0] INFO  ua.sergienko.verticle.RestVerticle - Rest server successfully started on port 8393
